1 0.7 0.00293125
1 0.8 0.0517979
1 0.9 0.0552917
1 1 0.0486625
1 1.1 0.0426229
1 1.2 0.0370271
1 1.3 0.0325479
1 1.4 0.0284125
1 1.5 0.0248271
1 1.6 0.0219062
1 1.7 0.0188646
1 1.8 0.0168875
1 1.9 0.0149812
1 2 0.0131146
1 2.1 0.0116771
1 2.2 0.0106042
1 2.3 0.00916042
1 2.4 0.00827917
1 2.5 0.00742083
1 2.6 0.00676667
1 2.7 0.0059875
1 2.8 0.00540833
1 2.9 0.00483958
1 3 0.00445625
1 3.1 0.00403958
1 3.2 0.00365417
1 3.3 0.00324375
1 3.4 0.00309583
1 3.5 0.002775
2 0.7 0
2 0.8 0.000189583
2 0.9 0.0088125
2 1 0.0262958
2 1.1 0.0333292
2 1.2 0.0305479
2 1.3 0.0271979
2 1.4 0.0243396
2 1.5 0.0215708
2 1.6 0.0193583
2 1.7 0.0175125
2 1.8 0.0154708
2 1.9 0.0136458
2 2 0.0123917
2 2.1 0.0111437
2 2.2 0.0096875
2 2.3 0.00893333
2 2.4 0.00802292
2 2.5 0.0074625
2 2.6 0.00654375
2 2.7 0.00587292
2 2.8 0.00527083
2 2.9 0.00479375
2 3 0.00428542
2 3.1 0.00394792
2 3.2 0.00381042
2 3.3 0.00318125
2 3.4 0.00310417
2 3.5 0.00273333
3 0.7 0
3 0.8 0
3 0.9 2.29167e-05
3 1 0.000325
3 1.1 0.00531042
3 1.2 0.0147375
3 1.3 0.0207979
3 1.4 0.0199583
3 1.5 0.0183083
3 1.6 0.0166583
3 1.7 0.015025
3 1.8 0.0136021
3 1.9 0.0123708
3 2 0.0110333
3 2.1 0.00995625
3 2.2 0.009025
3 2.3 0.00829167
3 2.4 0.00752708
3 2.5 0.006675
3 2.6 0.00617917
3 2.7 0.00548542
3 2.8 0.00491667
3 2.9 0.00460833
3 3 0.00405833
3 3.1 0.00378542
3 3.2 0.00357083
3 3.3 0.00313333
3 3.4 0.00283333
3 3.5 0.0025
