0 1 0.001000 0.000000 5.603524
0 1 0.011000 0.000000 5.604121
0 1 0.021000 0.000000 5.604487
0 1 0.031000 0.000000 5.604807
0 1 0.041000 0.000000 5.605081
0 1 0.051000 0.000000 5.605309
0 1 0.061000 0.000000 5.605536
0 1 0.071000 0.000000 5.605764
0 1 0.081000 0.000000 5.605946
0 1 0.091000 0.000000 5.606127
0 1 0.101000 0.000000 5.606308
0 1 0.111000 0.000000 5.606444
0 1 0.121000 0.000000 5.606625
0 1 0.131000 0.000000 5.606761
0 1 0.141000 0.000000 5.606896
0 1 0.151000 0.000000 5.607032
0 1 0.161000 0.000000 5.607167
0 1 0.171000 0.000000 5.607303
0 1 0.181000 0.000000 5.607438
0 1 0.191000 0.000000 5.607573
0 1 0.201000 0.000000 5.607663
0 1 0.211000 0.000000 5.607798
0 1 0.221000 0.000000 5.607933
0 1 0.231000 0.000000 5.608023
0 1 0.241000 0.000000 5.608158
0 1 0.251000 0.000000 5.608292
0 1 0.261000 0.000000 5.608382
0 1 0.271000 0.000000 5.608517
0 1 0.281000 0.000000 5.608651
0 1 0.291000 0.000000 5.608740
0 1 0.301000 0.000000 5.608875
0 1 0.311000 0.000000 5.608964
0 1 0.321000 0.000000 5.609098
0 1 0.331000 0.000000 5.609232
0 1 0.341000 0.000000 5.609322
0 1 0.351000 0.000000 5.609455
0 1 0.361000 0.000000 5.609589
0 1 0.371000 0.000000 5.609678
0 1 0.381000 0.000000 5.609812
0 1 0.391000 0.000000 5.609945
0 1 0.401000 0.000000 5.610034
0 1 0.411000 0.000000 5.610168
0 1 0.421000 0.000000 5.610301
0 1 0.431000 0.000000 5.610390
0 1 0.441000 0.000000 5.610523
0 1 0.451000 0.000000 5.610656
0 1 0.461000 0.000000 5.610789
0 1 0.471000 0.000000 5.610877
0 1 0.481000 0.000000 5.611010
0 1 0.491000 0.000000 5.611143
0 1 0.501000 0.000000 5.611275
0 1 0.511000 0.000000 5.611408
0 1 0.521000 0.000000 5.611540
0 1 0.531000 0.000000 5.611629
0 1 0.541000 0.000000 5.611761
0 1 0.551000 0.000000 5.611893
0 1 0.561000 0.000000 5.612025
0 1 0.571000 0.000000 5.612157
0 1 0.581000 0.000000 5.612289
0 1 0.591000 0.000000 5.612421
0 1 0.601000 0.000000 5.612552
0 1 0.611000 0.000000 5.612684
0 1 0.621000 0.000000 5.612815
0 1 0.631000 0.000000 5.612947
0 1 0.641000 0.000000 5.613079
0 1 0.651000 0.000000 5.613210
0 1 0.661000 0.000000 5.613341
0 1 0.671000 0.000000 5.613472
0 1 0.681000 0.000000 5.613603
0 1 0.691000 0.000000 5.613778
0 1 0.701000 0.000000 5.613908
0 1 0.711000 0.000000 5.614039
0 1 0.721000 0.000000 5.614170
0 1 0.731000 0.000000 5.614300
0 1 0.741000 0.000000 5.614430
0 1 0.751000 0.000000 5.614604
0 1 0.761000 0.000000 5.614735
0 1 0.771000 0.000000 5.614865
0 1 0.781000 0.000000 5.615038
0 1 0.791000 0.000000 5.615168
0 1 0.801000 0.000000 5.615298
0 1 0.811000 0.000000 5.615471
0 1 0.821000 0.000000 5.615601
0 1 0.831000 0.000000 5.615730
0 1 0.841000 0.000000 5.615903
0 1 0.851000 0.000000 5.616032
0 1 0.861000 0.000000 5.616162
0 1 0.871000 0.000000 5.616334
0 1 0.881000 0.000000 5.616463
0 1 0.891000 0.000000 5.616635
0 1 0.901000 0.000000 5.616764
0 1 0.911000 0.000000 5.616935
0 1 0.921000 0.000000 5.617064
0 1 0.931000 0.000000 5.617236
0 1 0.941000 0.000000 5.617407
0 1 0.951000 0.000000 5.617535
0 1 0.961000 0.000000 5.617706
0 1 0.971000 0.000000 5.617835
0 1 0.981000 0.000000 5.618005
0 1 0.991000 0.000000 5.618176
0 1 1.001000 0.000000 5.618304
0 1 1.011000 0.000000 5.618474
0 1 1.021000 0.000000 5.618644
0 1 1.031000 0.000000 5.618814
0 1 1.041000 0.000000 5.618941
0 1 1.051000 0.000000 5.619111
0 1 1.061000 0.000000 5.619281
0 1 1.071000 0.000000 5.619450
0 1 1.081000 0.000000 5.619620
0 1 1.091000 0.000000 5.619789
0 1 1.101000 0.000000 5.619915
0 1 1.111000 0.000000 5.620084
0 1 1.121000 0.000000 5.620253
0 1 1.131000 0.000000 5.620422
0 1 1.141000 0.000000 5.620590
0 1 1.151000 0.000000 5.620759
0 1 1.161000 0.000000 5.620927
0 1 1.171000 0.000000 5.621095
0 1 1.181000 0.000000 5.621263
0 1 1.191000 0.000000 5.621430
0 1 1.201000 0.000000 5.621598
0 1 1.211000 0.000000 5.621765
0 1 1.221000 0.000000 5.621974
0 1 1.231000 0.000000 5.622141
0 1 1.241000 0.000000 5.622308
0 1 1.251000 0.000000 5.622475
0 1 1.261000 0.000000 5.622642
0 1 1.271000 0.000000 5.622808
0 1 1.281000 0.000000 5.623016
0 1 1.291000 0.000000 5.623182
0 1 1.301000 0.000000 5.623348
0 1 1.311000 0.000000 5.623514
0 1 1.321000 0.000000 5.623721
0 1 1.331000 0.000000 5.623887
0 1 1.341000 0.000000 5.624052
0 1 1.351000 0.000000 5.624259
0 1 1.361000 0.000000 5.624424
0 1 1.371000 0.000000 5.624629
0 1 1.381000 0.000000 5.624794
0 1 1.391000 0.000000 5.625000
0 1 1.401000 0.000000 5.625165
0 1 1.411000 0.000000 5.625370
0 1 1.421000 0.000000 5.625534
0 1 1.431000 0.000000 5.625739
0 1 1.441000 0.000000 5.625903
0 1 1.451000 0.000000 5.626107
0 1 1.461000 0.000000 5.626270
0 1 1.471000 0.000000 5.626474
0 1 1.481000 0.000000 5.626678
0 1 1.491000 0.000000 5.626841
0 1 1.501000 0.000000 5.627045
0 1 1.511000 0.000000 5.627248
0 1 1.521000 0.000000 5.627410
0 1 1.531000 0.000000 5.627613
0 1 1.541000 0.000000 5.627816
0 1 1.551000 0.000000 5.628018
0 1 1.561000 0.000000 5.628180
0 1 1.571000 0.000000 5.628382
0 1 1.581000 0.000000 5.628584
0 1 1.591000 0.000000 5.628786
0 1 1.601000 0.000000 5.628987
0 1 1.611000 0.000000 5.629188
0 1 1.621000 0.000000 5.629389
0 1 1.631000 0.000000 5.629590
0 1 1.641000 0.000000 5.629750
0 1 1.651000 0.000000 5.629950
0 1 1.661000 0.000000 5.630150
0 1 1.671000 0.000000 5.630390
0 1 1.681000 0.000000 5.630590
0 1 1.691000 0.000000 5.630789
0 1 1.701000 0.000000 5.630988
0 1 1.711000 0.000000 5.631187
0 1 1.721000 0.000000 5.631386
0 1 1.731000 0.000000 5.631585
0 1 1.741000 0.000000 5.631783
0 1 1.751000 0.000000 5.631981
0 1 1.761000 0.000000 5.632218
0 1 1.771000 0.000000 5.632416
0 1 1.781000 0.000000 5.632614
0 1 1.791000 0.000000 5.632811
0 1 1.801000 0.000000 5.633047
0 1 1.811000 0.000000 5.633244
0 1 1.821000 0.000000 5.633440
0 1 1.831000 0.000000 5.633676
0 1 1.841000 0.000000 5.633872
0 1 1.851000 0.000000 5.634068
0 1 1.861000 0.000000 5.634303
0 1 1.871000 0.000000 5.634498
0 1 1.881000 0.000000 5.634732
0 1 1.891000 0.000000 5.634927
0 1 1.901000 0.000000 5.635161
0 1 1.911000 0.000000 5.635355
0 1 1.921000 0.000000 5.635589
0 1 1.931000 0.000000 5.635783
0 1 1.941000 0.000000 5.636015
0 1 1.951000 0.000000 5.636209
0 1 1.961000 0.000000 5.636441
0 1 1.971000 0.000000 5.636672
0 1 1.981000 0.000000 5.636866
0 1 1.991000 0.000000 5.637097
0 1 2.001000 0.000000 5.637328
0 1 2.011000 0.000000 5.637520
0 1 2.021000 0.000000 5.637750
0 1 2.031000 0.000000 5.637980
0 1 2.041000 0.000000 5.638210
0 1 2.051000 0.000000 5.638402
0 1 2.061000 0.000000 5.638630
0 1 2.071000 0.000000 5.638860
0 1 2.081000 0.000000 5.639088
0 1 2.091000 0.000000 5.639317
0 1 2.101000 0.000000 5.639544
0 1 2.111000 0.000000 5.639735
0 1 2.121000 0.000000 5.639962
0 1 2.131000 0.000000 5.640189
0 1 2.141000 0.000000 5.640416
0 1 2.151000 0.000000 5.640643
0 1 2.161000 0.000000 5.640870
0 1 2.171000 0.000000 5.641096
0 1 2.181000 0.000000 5.641322
0 1 2.191000 0.000000 5.641584
0 1 2.201000 0.000000 5.641810
0 1 2.211000 0.000000 5.642035
0 1 2.221000 0.000000 5.642260
0 1 2.231000 0.000000 5.642484
0 1 2.241000 0.000000 5.642708
0 1 2.251000 0.000000 5.642969
0 1 2.261000 0.000000 5.643192
0 1 2.271000 0.000000 5.643416
0 1 2.281000 0.000000 5.643639
0 1 2.291000 0.000000 5.643898
0 1 2.301000 0.000000 5.644121
0 1 2.311000 0.000000 5.644343
0 1 2.321000 0.000000 5.644601
0 1 2.331000 0.000000 5.644823
0 1 2.341000 0.000000 5.645044
0 1 2.351000 0.000000 5.645302
0 1 2.361000 0.000000 5.645523
0 1 2.371000 0.000000 5.645780
0 1 2.381000 0.000000 5.645999
0 1 2.391000 0.000000 5.646255
0 1 2.401000 0.000000 5.646475
0 1 2.411000 0.000000 5.646731
0 1 2.421000 0.000000 5.646949
0 1 2.431000 0.000000 5.647204
0 1 2.441000 0.000000 5.647459
0 1 2.451000 0.000000 5.647677
0 1 2.461000 0.000000 5.647931
0 1 2.471000 0.000000 5.648184
0 1 2.481000 0.000000 5.648401
0 1 2.491000 0.000000 5.648654
0 1 2.501000 0.000000 5.648907
0 1 2.511000 0.000000 5.649123
0 1 2.521000 0.000000 5.649374
0 1 2.531000 0.000000 5.649626
0 1 2.541000 0.000000 5.649877
0 1 2.551000 0.000000 5.650128
0 1 2.561000 0.000000 5.650342
0 1 2.571000 0.000000 5.650592
0 1 2.581000 0.000000 5.650842
0 1 2.591000 0.000000 5.651092
0 1 2.601000 0.000000 5.651340
0 1 2.611000 0.000000 5.651589
0 1 2.621000 0.000000 5.651837
0 1 2.631000 0.000000 5.652085
0 1 2.641000 0.000000 5.652333
0 1 2.651000 0.000000 5.652580
0 1 2.661000 0.000000 5.652827
0 1 2.671000 0.000000 5.653074
0 1 2.681000 0.000000 5.653320
0 1 2.691000 0.000000 5.653565
0 1 2.701000 0.000000 5.653811
0 1 2.711000 0.000000 5.654056
0 1 2.721000 0.000000 5.654301
0 1 2.731000 0.000000 5.654580
0 1 2.741000 0.000000 5.654824
0 1 2.751000 0.000000 5.655068
0 1 2.761000 0.000000 5.655312
0 1 2.771000 0.000000 5.655554
0 1 2.781000 0.000000 5.655832
0 1 2.791000 0.000000 5.656074
0 1 2.801000 0.000000 5.656316
0 1 2.811000 0.000000 5.656592
0 1 2.821000 0.000000 5.656833
0 1 2.831000 0.000000 5.657074
0 1 2.841000 0.000000 5.657349
0 1 2.851000 0.000000 5.657589
0 1 2.861000 0.000000 5.657863
0 1 2.871000 0.000000 5.658103
0 1 2.881000 0.000000 5.658342
0 1 2.891000 0.000000 5.658615
0 1 2.901000 0.000000 5.658853
0 1 2.911000 0.000000 5.659125
0 1 2.921000 0.000000 5.659362
0 1 2.931000 0.000000 5.659634
0 1 2.941000 0.000000 5.659904
0 1 2.951000 0.000000 5.660141
0 1 2.961000 0.000000 5.660411
0 1 2.971000 0.000000 5.660647
0 1 2.981000 0.000000 5.660916
0 1 2.991000 0.000000 5.661185
0 1 3.001000 0.000000 5.661420
0 1 3.011000 0.000000 5.661687
0 1 3.021000 0.000000 5.661955
0 1 3.031000 0.000000 5.662222
0 1 3.041000 0.000000 5.662456
0 1 3.051000 0.000000 5.662722
0 1 3.061000 0.000000 5.662988
0 1 3.071000 0.000000 5.663253
0 1 3.081000 0.000000 5.663518
0 1 3.091000 0.000000 5.663750
0 1 3.101000 0.000000 5.664014
0 1 3.111000 0.000000 5.664278
0 1 3.121000 0.000000 5.664541
0 1 3.131000 0.000000 5.664804
0 1 3.141000 0.000000 5.665067
0 1 3.151000 0.000000 5.665329
0 1 3.161000 0.000000 5.665591
0 1 3.171000 0.000000 5.665853
0 1 3.181000 0.000000 5.666113
0 1 3.191000 0.000000 5.666374
0 1 3.201000 0.000000 5.666634
0 1 3.211000 0.000000 5.666667
0 1 3.221000 0.000000 5.666667
0 1 3.231000 0.000000 5.666667
0 1 3.241000 0.000000 5.666667
0 1 3.251000 0.000000 5.666667
0 1 3.261000 0.000000 5.666667
0 1 3.271000 0.000000 5.666667
0 1 3.281000 0.000000 5.666667
0 1 3.291000 0.000000 5.666667
0 1 3.301000 0.000000 5.666667
0 1 3.311000 0.000000 5.666667
0 1 3.321000 0.000000 5.666667
0 1 3.331000 0.000000 5.666667
0 1 3.341000 0.000000 5.666667
0 1 3.351000 0.000000 5.666667
0 1 3.361000 0.000000 5.666667
0 1 3.371000 0.000000 5.666667
0 1 3.381000 0.000000 5.666667
0 1 3.391000 0.000000 5.666667
0 1 3.401000 0.000000 5.666667
0 1 3.411000 0.000000 5.666667
0 1 3.421000 0.000000 5.666667
0 1 3.431000 0.000000 5.666667
0 1 3.441000 0.000000 5.666667
0 1 3.451000 0.000000 5.666667
0 1 3.461000 0.000000 5.666667
0 1 3.471000 0.000000 5.666667
0 1 3.481000 0.000000 5.666667
0 1 3.491000 0.000000 5.666667
0 1 3.501000 0.000000 5.666667
0 1 3.511000 0.000000 5.666667
0 1 3.521000 0.000000 5.666667
0 1 3.531000 0.000000 5.666667
0 1 3.541000 0.000000 5.666667
0 1 3.551000 0.000000 5.666667
0 1 3.561000 0.000000 5.666667
0 1 3.571000 0.000000 5.666667
0 1 3.581000 0.000000 5.666667
0 1 3.591000 0.000000 5.666667
0 1 3.601000 0.000000 5.666667
0 1 3.611000 0.000000 5.666667
0 1 3.621000 0.000000 5.666667
0 1 3.631000 0.000000 5.666667
0 1 3.641000 0.000000 5.666667
0 1 3.651000 0.000000 5.666667
0 1 3.661000 0.000000 5.666667
0 1 3.671000 0.000000 5.666667
0 1 3.681000 0.000000 5.666667
0 1 3.691000 0.000000 5.666667
0 1 3.701000 0.000000 5.666667
0 1 3.711000 0.000000 5.666667
0 1 3.721000 0.000000 5.666667
0 1 3.731000 0.000000 5.666667
0 1 3.741000 0.000000 5.666667
0 1 3.751000 0.000000 5.666667
0 1 3.761000 0.000000 5.666667
0 1 3.771000 0.000000 5.666667
0 1 3.781000 0.000000 5.666667
0 1 3.791000 0.000000 5.666667
0 1 3.801000 0.000000 5.666667
0 1 3.811000 0.000000 5.666667
0 1 3.821000 0.000000 5.666667
0 1 3.831000 0.000000 5.666667
0 1 3.841000 0.000000 5.666667
0 1 3.851000 0.000000 5.666667
0 1 3.861000 0.000000 5.666667
0 1 3.871000 0.000000 5.666667
0 1 3.881000 0.000000 5.666667
0 1 3.891000 0.000000 5.666667
0 1 3.901000 0.000000 5.666667
0 1 3.911000 0.000000 5.666667
0 1 3.921000 0.000000 5.666667
0 1 3.931000 0.000000 5.666667
0 1 3.941000 0.000000 5.666667
0 1 3.951000 0.000000 5.666667
0 1 3.961000 0.000000 5.666667
0 1 3.971000 0.000000 5.666667
0 1 3.981000 0.000000 5.666667
0 1 3.991000 0.000000 5.666667
0 1 4.001000 0.000000 5.666667
0 1 4.011000 0.000000 5.666667
0 1 4.021000 0.000000 5.666667
0 1 4.031000 0.000000 5.666667
0 1 4.041000 0.000000 5.666667
0 1 4.051000 0.000000 5.666667
0 1 4.061000 0.000000 5.666667
0 1 4.071000 0.000000 5.666667
0 1 4.081000 0.000000 5.666667
0 1 4.091000 0.000000 5.666667
0 1 4.101000 0.000000 5.666667
0 1 4.111000 0.000000 5.666667
0 1 4.121000 0.000000 5.666667
0 1 4.131000 0.000000 5.666667
0 1 4.141000 0.000000 5.666667
0 1 4.151000 0.000000 5.666667
0 1 4.161000 0.000000 5.666667
0 1 4.171000 0.000000 5.666667
0 1 4.181000 0.000000 5.666667
0 1 4.191000 0.000000 5.666667
0 1 4.201000 0.000000 5.666667
0 1 4.211000 0.000000 5.666667
0 1 4.221000 0.000000 5.666667
0 1 4.231000 0.000000 5.666667
0 1 4.241000 0.000000 5.666667
0 1 4.251000 0.000000 5.666667
0 1 4.261000 0.000000 5.666667
0 1 4.271000 0.000000 5.666667
0 1 4.281000 0.000000 5.666667
0 1 4.291000 0.000000 5.666667
0 1 4.301000 0.000000 5.666667
0 1 4.311000 0.000000 5.666667
0 1 4.321000 0.000000 5.666667
0 1 4.331000 0.000000 5.666667
0 1 4.341000 0.000000 5.666667
0 1 4.351000 0.000000 5.666667
0 1 4.361000 0.000000 5.666667
0 1 4.371000 0.000000 5.666667
0 1 4.381000 0.000000 5.666667
0 1 4.391000 0.000000 5.666667
0 1 4.401000 0.000000 5.666667
0 1 4.411000 0.000000 5.666667
0 1 4.421000 0.000000 5.666667
0 1 4.431000 0.000000 5.666667
0 1 4.441000 0.000000 5.666667
0 1 4.451000 0.000000 5.666667
0 1 4.461000 0.000000 5.666667
0 1 4.471000 0.000000 5.666667
0 1 4.481000 0.000000 5.666667
0 1 4.491000 0.000000 5.666667
0 1 4.501000 0.000000 5.666667
0 1 4.511000 0.000000 5.666667
0 1 4.521000 0.000000 5.666667
0 1 4.531000 0.000000 5.666667
0 1 4.541000 0.000000 5.666667
0 1 4.551000 0.000000 5.666667
0 1 4.561000 0.000000 5.666667
0 1 4.571000 0.000000 5.666667
0 1 4.581000 0.000000 5.666667
0 1 4.591000 0.000000 5.666667
0 1 4.601000 0.000000 5.666667
0 1 4.611000 0.000000 5.666667
0 1 4.621000 0.000000 5.666667
0 1 4.631000 0.000000 5.666667
0 1 4.641000 0.000000 5.666667
0 1 4.651000 0.000000 5.666667
0 1 4.661000 0.000000 5.666667
0 1 4.671000 0.000000 5.666667
0 1 4.681000 0.000000 5.666667
0 1 4.691000 0.000000 5.666667
0 1 4.701000 0.000000 5.666667
0 1 4.711000 0.000000 5.666667
0 1 4.721000 0.000000 5.666667
0 1 4.731000 0.000000 5.666667
0 1 4.741000 0.000000 5.666667
0 1 4.751000 0.000000 5.666667
0 1 4.761000 0.000000 5.666667
0 1 4.771000 0.000000 5.666667
0 1 4.781000 0.000000 5.666667
0 1 4.791000 0.000000 5.666667
0 1 4.801000 0.000000 5.666667
0 1 4.811000 0.000000 5.666667
0 1 4.821000 0.000000 5.666667
0 1 4.831000 0.000000 5.666667
0 1 4.841000 0.000000 5.666667
0 1 4.851000 0.000000 5.666667
0 1 4.861000 0.000000 5.666667
0 1 4.871000 0.000000 5.666667
0 1 4.881000 0.000000 5.666667
0 1 4.891000 0.000000 5.666667
0 1 4.901000 0.000000 5.666667
0 1 4.911000 0.000000 5.666667
0 1 4.921000 0.000000 5.666667
0 1 4.931000 0.000000 5.666667
0 1 4.941000 0.000000 5.666667
0 1 4.951000 0.000000 5.666667
0 1 4.961000 0.000000 5.666667
0 1 4.971000 0.000000 5.666667
0 1 4.981000 0.000000 5.666667
0 1 4.991000 0.000000 5.666667
0 2 0.001000 5.603524 23.348017
0 2 0.011000 5.604121 23.350504
0 2 0.021000 5.604487 23.352030
0 2 0.031000 5.604807 23.353363
0 2 0.041000 5.605081 23.354504
0 2 0.051000 5.605309 23.355453
0 2 0.061000 5.605536 23.356401
0 2 0.071000 5.605764 23.357349
0 2 0.081000 5.605946 23.358107
0 2 0.091000 5.606127 23.358862
0 2 0.101000 5.606308 23.359617
0 2 0.111000 5.606444 23.360184
0 2 0.121000 5.606625 23.360939
0 2 0.131000 5.606761 23.361504
0 2 0.141000 5.606896 23.362068
0 2 0.151000 5.607032 23.362633
0 2 0.161000 5.607167 23.363197
0 2 0.171000 5.607303 23.363762
0 2 0.181000 5.607438 23.364325
0 2 0.191000 5.607573 23.364887
0 2 0.201000 5.607663 23.365263
0 2 0.211000 5.607798 23.365826
0 2 0.221000 5.607933 23.366388
0 2 0.231000 5.608023 23.366762
0 2 0.241000 5.608158 23.367323
0 2 0.251000 5.608292 23.367884
0 2 0.261000 5.608382 23.368258
0 2 0.271000 5.608517 23.368818
0 2 0.281000 5.608651 23.369379
0 2 0.291000 5.608740 23.369751
0 2 0.301000 5.608875 23.370312
0 2 0.311000 5.608964 23.370684
0 2 0.321000 5.609098 23.371243
0 2 0.331000 5.609232 23.371801
0 2 0.341000 5.609322 23.372173
0 2 0.351000 5.609455 23.372730
0 2 0.361000 5.609589 23.373287
0 2 0.371000 5.609678 23.373659
0 2 0.381000 5.609812 23.374216
0 2 0.391000 5.609945 23.374771
0 2 0.401000 5.610034 23.375143
0 2 0.411000 5.610168 23.375698
0 2 0.421000 5.610301 23.376253
0 2 0.431000 5.610390 23.376623
0 2 0.441000 5.610523 23.377178
0 2 0.451000 5.610656 23.377731
0 2 0.461000 5.610789 23.378286
0 2 0.471000 5.610877 23.378654
0 2 0.481000 5.611010 23.379208
0 2 0.491000 5.611143 23.379761
0 2 0.501000 5.611275 23.380314
0 2 0.511000 5.611408 23.380865
0 2 0.521000 5.611540 23.381418
0 2 0.531000 5.611629 23.381784
0 2 0.541000 5.611761 23.382336
0 2 0.551000 5.611893 23.382887
0 2 0.561000 5.612025 23.383438
0 2 0.571000 5.612157 23.383987
0 2 0.581000 5.612289 23.384537
0 2 0.591000 5.612421 23.385086
0 2 0.601000 5.612552 23.385635
0 2 0.611000 5.612684 23.386183
0 2 0.621000 5.612815 23.386732
0 2 0.631000 5.612947 23.387280
0 2 0.641000 5.613079 23.387827
0 2 0.651000 5.613210 23.388374
0 2 0.661000 5.613341 23.388920
0 2 0.671000 5.613472 23.389467
0 2 0.681000 5.613603 23.390013
0 2 0.691000 5.613778 23.390739
0 2 0.701000 5.613908 23.391285
0 2 0.711000 5.614039 23.391829
0 2 0.721000 5.614170 23.392374
0 2 0.731000 5.614300 23.392918
0 2 0.741000 5.614430 23.393461
0 2 0.751000 5.614604 23.394186
0 2 0.761000 5.614735 23.394728
0 2 0.771000 5.614865 23.395269
0 2 0.781000 5.615038 23.395992
0 2 0.791000 5.615168 23.396534
0 2 0.801000 5.615298 23.397076
0 2 0.811000 5.615471 23.397797
0 2 0.821000 5.615601 23.398336
0 2 0.831000 5.615730 23.398876
0 2 0.841000 5.615903 23.399595
0 2 0.851000 5.616032 23.400135
0 2 0.861000 5.616162 23.400673
0 2 0.871000 5.616334 23.401392
0 2 0.881000 5.616463 23.401928
0 2 0.891000 5.616635 23.402645
0 2 0.901000 5.616764 23.403183
0 2 0.911000 5.616935 23.403898
0 2 0.921000 5.617064 23.404434
0 2 0.931000 5.617236 23.405148
0 2 0.941000 5.617407 23.405863
0 2 0.951000 5.617535 23.406397
0 2 0.961000 5.617706 23.407110
0 2 0.971000 5.617835 23.407642
0 2 0.981000 5.618005 23.408354
0 2 0.991000 5.618176 23.409065
0 2 1.001000 5.618304 23.409597
0 2 1.011000 5.618474 23.410309
0 2 1.021000 5.618644 23.411016
0 2 1.031000 5.618814 23.411726
0 2 1.041000 5.618941 23.412256
0 2 1.051000 5.619111 23.412964
0 2 1.061000 5.619281 23.413670
0 2 1.071000 5.619450 23.414377
0 2 1.081000 5.619620 23.415081
0 2 1.091000 5.619789 23.415787
0 2 1.101000 5.619915 23.416315
0 2 1.111000 5.620084 23.417019
0 2 1.121000 5.620253 23.417721
0 2 1.131000 5.620422 23.418425
0 2 1.141000 5.620590 23.419127
0 2 1.151000 5.620759 23.419827
0 2 1.161000 5.620927 23.420528
0 2 1.171000 5.621095 23.421228
0 2 1.181000 5.621263 23.421926
0 2 1.191000 5.621430 23.422626
0 2 1.201000 5.621598 23.423325
0 2 1.211000 5.621765 23.424021
0 2 1.221000 5.621974 23.424892
0 2 1.231000 5.622141 23.425589
0 2 1.241000 5.622308 23.426283
0 2 1.251000 5.622475 23.426979
0 2 1.261000 5.622642 23.427673
0 2 1.271000 5.622808 23.428366
0 2 1.281000 5.623016 23.429234
0 2 1.291000 5.623182 23.429926
0 2 1.301000 5.623348 23.430616
0 2 1.311000 5.623514 23.431309
0 2 1.321000 5.623721 23.432171
0 2 1.331000 5.623887 23.432861
0 2 1.341000 5.624052 23.433550
0 2 1.351000 5.624259 23.434410
0 2 1.361000 5.624424 23.435099
0 2 1.371000 5.624629 23.435957
0 2 1.381000 5.624794 23.436644
0 2 1.391000 5.625000 23.437500
0 2 1.401000 5.625165 23.438185
0 2 1.411000 5.625370 23.439041
0 2 1.421000 5.625534 23.439724
0 2 1.431000 5.625739 23.440578
0 2 1.441000 5.625903 23.441259
0 2 1.451000 5.626107 23.442112
0 2 1.461000 5.626270 23.442793
0 2 1.471000 5.626474 23.443644
0 2 1.481000 5.626678 23.444492
0 2 1.491000 5.626841 23.445171
0 2 1.501000 5.627045 23.446020
0 2 1.511000 5.627248 23.446867
0 2 1.521000 5.627410 23.447544
0 2 1.531000 5.627613 23.448389
0 2 1.541000 5.627816 23.449232
0 2 1.551000 5.628018 23.450077
0 2 1.561000 5.628180 23.450750
0 2 1.571000 5.628382 23.451591
0 2 1.581000 5.628584 23.452433
0 2 1.591000 5.628786 23.453272
0 2 1.601000 5.628987 23.454111
0 2 1.611000 5.629188 23.454950
0 2 1.621000 5.629389 23.455788
0 2 1.631000 5.629590 23.456623
0 2 1.641000 5.629750 23.457291
0 2 1.651000 5.629950 23.458126
0 2 1.661000 5.630150 23.458960
0 2 1.671000 5.630390 23.459959
0 2 1.681000 5.630590 23.460791
0 2 1.691000 5.630789 23.461622
0 2 1.701000 5.630988 23.462452
0 2 1.711000 5.631187 23.463280
0 2 1.721000 5.631386 23.464109
0 2 1.731000 5.631585 23.464935
0 2 1.741000 5.631783 23.465763
0 2 1.751000 5.631981 23.466587
0 2 1.761000 5.632218 23.467577
0 2 1.771000 5.632416 23.468401
0 2 1.781000 5.632614 23.469223
0 2 1.791000 5.632811 23.470045
0 2 1.801000 5.633047 23.471029
0 2 1.811000 5.633244 23.471849
0 2 1.821000 5.633440 23.472670
0 2 1.831000 5.633676 23.473650
0 2 1.841000 5.633872 23.474468
0 2 1.851000 5.634068 23.475283
0 2 1.861000 5.634303 23.476261
0 2 1.871000 5.634498 23.477076
0 2 1.881000 5.634732 23.478052
0 2 1.891000 5.634927 23.478865
0 2 1.901000 5.635161 23.479837
0 2 1.911000 5.635355 23.480648
0 2 1.921000 5.635589 23.481619
0 2 1.931000 5.635783 23.482428
0 2 1.941000 5.636015 23.483397
0 2 1.951000 5.636209 23.484203
0 2 1.961000 5.636441 23.485170
0 2 1.971000 5.636672 23.486135
0 2 1.981000 5.636866 23.486940
0 2 1.991000 5.637097 23.487904
0 2 2.001000 5.637328 23.488865
0 2 2.011000 5.637520 23.489666
0 2 2.021000 5.637750 23.490625
0 2 2.031000 5.637980 23.491585
0 2 2.041000 5.638210 23.492542
0 2 2.051000 5.638402 23.493340
0 2 2.061000 5.638630 23.494295
0 2 2.071000 5.638860 23.495249
0 2 2.081000 5.639088 23.496201
0 2 2.091000 5.639317 23.497152
0 2 2.101000 5.639544 23.498102
0 2 2.111000 5.639735 23.498894
0 2 2.121000 5.639962 23.499842
0 2 2.131000 5.640189 23.500790
0 2 2.141000 5.640416 23.501736
0 2 2.151000 5.640643 23.502680
0 2 2.161000 5.640870 23.503622
0 2 2.171000 5.641096 23.504564
0 2 2.181000 5.641322 23.505507
0 2 2.191000 5.641584 23.506603
0 2 2.201000 5.641810 23.507542
0 2 2.211000 5.642035 23.508478
0 2 2.221000 5.642260 23.509415
0 2 2.231000 5.642484 23.510349
0 2 2.241000 5.642708 23.511282
0 2 2.251000 5.642969 23.512371
0 2 2.261000 5.643192 23.513302
0 2 2.271000 5.643416 23.514233
0 2 2.281000 5.643639 23.515162
0 2 2.291000 5.643898 23.516243
0 2 2.301000 5.644121 23.517170
0 2 2.311000 5.644343 23.518095
0 2 2.321000 5.644601 23.519173
0 2 2.331000 5.644823 23.520096
0 2 2.341000 5.645044 23.521017
0 2 2.351000 5.645302 23.522091
0 2 2.361000 5.645523 23.523010
0 2 2.371000 5.645780 23.524080
0 2 2.381000 5.645999 23.524998
0 2 2.391000 5.646255 23.526066
0 2 2.401000 5.646475 23.526979
0 2 2.411000 5.646731 23.528044
0 2 2.421000 5.646949 23.528955
0 2 2.431000 5.647204 23.530018
0 2 2.441000 5.647459 23.531078
0 2 2.451000 5.647677 23.531988
0 2 2.461000 5.647931 23.533045
0 2 2.471000 5.648184 23.534101
0 2 2.481000 5.648401 23.535006
0 2 2.491000 5.648654 23.536058
0 2 2.501000 5.648907 23.537111
0 2 2.511000 5.649123 23.538012
0 2 2.521000 5.649374 23.539061
0 2 2.531000 5.649626 23.540108
0 2 2.541000 5.649877 23.541155
0 2 2.551000 5.650128 23.542200
0 2 2.561000 5.650342 23.543095
0 2 2.571000 5.650592 23.544136
0 2 2.581000 5.650842 23.545176
0 2 2.591000 5.651092 23.546215
0 2 2.601000 5.651340 23.547253
0 2 2.611000 5.651589 23.548288
0 2 2.621000 5.651837 23.549322
0 2 2.631000 5.652085 23.550356
0 2 2.641000 5.652333 23.551388
0 2 2.651000 5.652580 23.552418
0 2 2.661000 5.652827 23.553446
0 2 2.671000 5.653074 23.554474
0 2 2.681000 5.653320 23.555500
0 2 2.691000 5.653565 23.556524
0 2 2.701000 5.653811 23.557547
0 2 2.711000 5.654056 23.558567
0 2 2.721000 5.654301 23.559587
0 2 2.731000 5.654580 23.560751
0 2 2.741000 5.654824 23.561768
0 2 2.751000 5.655068 23.562784
0 2 2.761000 5.655312 23.563797
0 2 2.771000 5.655554 23.564810
0 2 2.781000 5.655832 23.565966
0 2 2.791000 5.656074 23.566975
0 2 2.801000 5.656316 23.567984
0 2 2.811000 5.656592 23.569134
0 2 2.821000 5.656833 23.570139
0 2 2.831000 5.657074 23.571142
0 2 2.841000 5.657349 23.572287
0 2 2.851000 5.657589 23.573288
0 2 2.861000 5.657863 23.574430
0 2 2.871000 5.658103 23.575428
0 2 2.881000 5.658342 23.576424
0 2 2.891000 5.658615 23.577560
0 2 2.901000 5.658853 23.578554
0 2 2.911000 5.659125 23.579687
0 2 2.921000 5.659362 23.580677
0 2 2.931000 5.659634 23.581808
0 2 2.941000 5.659904 23.582935
0 2 2.951000 5.660141 23.583921
0 2 2.961000 5.660411 23.585047
0 2 2.971000 5.660647 23.586029
0 2 2.981000 5.660916 23.587151
0 2 2.991000 5.661185 23.588270
0 2 3.001000 5.661420 23.589249
0 2 3.011000 5.661687 23.590364
0 2 3.021000 5.661955 23.591480
0 2 3.031000 5.662222 23.592592
0 2 3.041000 5.662456 23.593565
0 2 3.051000 5.662722 23.594675
0 2 3.061000 5.662988 23.595783
0 2 3.071000 5.663253 23.596888
0 2 3.081000 5.663518 23.597994
0 2 3.091000 5.663750 23.598957
0 2 3.101000 5.664014 23.600060
0 2 3.111000 5.664278 23.601158
0 2 3.121000 5.664541 23.602257
0 2 3.131000 5.664804 23.603352
0 2 3.141000 5.665067 23.604446
0 2 3.151000 5.665329 23.605539
0 2 3.161000 5.665591 23.606630
0 2 3.171000 5.665853 23.607719
0 2 3.181000 5.666113 23.608807
0 2 3.191000 5.666374 23.609892
0 2 3.201000 5.666634 23.610975
0 2 3.211000 5.666667 23.611111
0 2 3.221000 5.666667 23.611111
0 2 3.231000 5.666667 23.611111
0 2 3.241000 5.666667 23.611111
0 2 3.251000 5.666667 23.611111
0 2 3.261000 5.666667 23.611111
0 2 3.271000 5.666667 23.611111
0 2 3.281000 5.666667 23.611111
0 2 3.291000 5.666667 23.611111
0 2 3.301000 5.666667 23.611111
0 2 3.311000 5.666667 23.611111
0 2 3.321000 5.666667 23.611111
0 2 3.331000 5.666667 23.611111
0 2 3.341000 5.666667 23.611111
0 2 3.351000 5.666667 23.611111
0 2 3.361000 5.666667 23.611111
0 2 3.371000 5.666667 23.611111
0 2 3.381000 5.666667 23.611111
0 2 3.391000 5.666667 23.611111
0 2 3.401000 5.666667 23.611111
0 2 3.411000 5.666667 23.611111
0 2 3.421000 5.666667 23.611111
0 2 3.431000 5.666667 23.611111
0 2 3.441000 5.666667 23.611111
0 2 3.451000 5.666667 23.611111
0 2 3.461000 5.666667 23.611111
0 2 3.471000 5.666667 23.611111
0 2 3.481000 5.666667 23.611111
0 2 3.491000 5.666667 23.611111
0 2 3.501000 5.666667 23.611111
0 2 3.511000 5.666667 23.611111
0 2 3.521000 5.666667 23.611111
0 2 3.531000 5.666667 23.611111
0 2 3.541000 5.666667 23.611111
0 2 3.551000 5.666667 23.611111
0 2 3.561000 5.666667 23.611111
0 2 3.571000 5.666667 23.611111
0 2 3.581000 5.666667 23.611111
0 2 3.591000 5.666667 23.611111
0 2 3.601000 5.666667 23.611111
0 2 3.611000 5.666667 23.611111
0 2 3.621000 5.666667 23.611111
0 2 3.631000 5.666667 23.611111
0 2 3.641000 5.666667 23.611111
0 2 3.651000 5.666667 23.611111
0 2 3.661000 5.666667 23.611111
0 2 3.671000 5.666667 23.611111
0 2 3.681000 5.666667 23.611111
0 2 3.691000 5.666667 23.611111
0 2 3.701000 5.666667 23.611111
0 2 3.711000 5.666667 23.611111
0 2 3.721000 5.666667 23.611111
0 2 3.731000 5.666667 23.611111
0 2 3.741000 5.666667 23.611111
0 2 3.751000 5.666667 23.611111
0 2 3.761000 5.666667 23.611111
0 2 3.771000 5.666667 23.611111
0 2 3.781000 5.666667 23.611111
0 2 3.791000 5.666667 23.611111
0 2 3.801000 5.666667 23.611111
0 2 3.811000 5.666667 23.611111
0 2 3.821000 5.666667 23.611111
0 2 3.831000 5.666667 23.611111
0 2 3.841000 5.666667 23.611111
0 2 3.851000 5.666667 23.611111
0 2 3.861000 5.666667 23.611111
0 2 3.871000 5.666667 23.611111
0 2 3.881000 5.666667 23.611111
0 2 3.891000 5.666667 23.611111
0 2 3.901000 5.666667 23.611111
0 2 3.911000 5.666667 23.611111
0 2 3.921000 5.666667 23.611111
0 2 3.931000 5.666667 23.611111
0 2 3.941000 5.666667 23.611111
0 2 3.951000 5.666667 23.611111
0 2 3.961000 5.666667 23.611111
0 2 3.971000 5.666667 23.611111
0 2 3.981000 5.666667 23.611111
0 2 3.991000 5.666667 23.611111
0 2 4.001000 5.666667 23.611111
0 2 4.011000 5.666667 23.611111
0 2 4.021000 5.666667 23.611111
0 2 4.031000 5.666667 23.611111
0 2 4.041000 5.666667 23.611111
0 2 4.051000 5.666667 23.611111
0 2 4.061000 5.666667 23.611111
0 2 4.071000 5.666667 23.611111
0 2 4.081000 5.666667 23.611111
0 2 4.091000 5.666667 23.611111
0 2 4.101000 5.666667 23.611111
0 2 4.111000 5.666667 23.611111
0 2 4.121000 5.666667 23.611111
0 2 4.131000 5.666667 23.611111
0 2 4.141000 5.666667 23.611111
0 2 4.151000 5.666667 23.611111
0 2 4.161000 5.666667 23.611111
0 2 4.171000 5.666667 23.611111
0 2 4.181000 5.666667 23.611111
0 2 4.191000 5.666667 23.611111
0 2 4.201000 5.666667 23.611111
0 2 4.211000 5.666667 23.611111
0 2 4.221000 5.666667 23.611111
0 2 4.231000 5.666667 23.611111
0 2 4.241000 5.666667 23.611111
0 2 4.251000 5.666667 23.611111
0 2 4.261000 5.666667 23.611111
0 2 4.271000 5.666667 23.611111
0 2 4.281000 5.666667 23.611111
0 2 4.291000 5.666667 23.611111
0 2 4.301000 5.666667 23.611111
0 2 4.311000 5.666667 23.611111
0 2 4.321000 5.666667 23.611111
0 2 4.331000 5.666667 23.611111
0 2 4.341000 5.666667 23.611111
0 2 4.351000 5.666667 23.611111
0 2 4.361000 5.666667 23.611111
0 2 4.371000 5.666667 23.611111
0 2 4.381000 5.666667 23.611111
0 2 4.391000 5.666667 23.611111
0 2 4.401000 5.666667 23.611111
0 2 4.411000 5.666667 23.611111
0 2 4.421000 5.666667 23.611111
0 2 4.431000 5.666667 23.611111
0 2 4.441000 5.666667 23.611111
0 2 4.451000 5.666667 23.611111
0 2 4.461000 5.666667 23.611111
0 2 4.471000 5.666667 23.611111
0 2 4.481000 5.666667 23.611111
0 2 4.491000 5.666667 23.611111
0 2 4.501000 5.666667 23.611111
0 2 4.511000 5.666667 23.611111
0 2 4.521000 5.666667 23.611111
0 2 4.531000 5.666667 23.611111
0 2 4.541000 5.666667 23.611111
0 2 4.551000 5.666667 23.611111
0 2 4.561000 5.666667 23.611111
0 2 4.571000 5.666667 23.611111
0 2 4.581000 5.666667 23.611111
0 2 4.591000 5.666667 23.611111
0 2 4.601000 5.666667 23.611111
0 2 4.611000 5.666667 23.611111
0 2 4.621000 5.666667 23.611111
0 2 4.631000 5.666667 23.611111
0 2 4.641000 5.666667 23.611111
0 2 4.651000 5.666667 23.611111
0 2 4.661000 5.666667 23.611111
0 2 4.671000 5.666667 23.611111
0 2 4.681000 5.666667 23.611111
0 2 4.691000 5.666667 23.611111
0 2 4.701000 5.666667 23.611111
0 2 4.711000 5.666667 23.611111
0 2 4.721000 5.666667 23.611111
0 2 4.731000 5.666667 23.611111
0 2 4.741000 5.666667 23.611111
0 2 4.751000 5.666667 23.611111
0 2 4.761000 5.666667 23.611111
0 2 4.771000 5.666667 23.611111
0 2 4.781000 5.666667 23.611111
0 2 4.791000 5.666667 23.611111
0 2 4.801000 5.666667 23.611111
0 2 4.811000 5.666667 23.611111
0 2 4.821000 5.666667 23.611111
0 2 4.831000 5.666667 23.611111
0 2 4.841000 5.666667 23.611111
0 2 4.851000 5.666667 23.611111
0 2 4.861000 5.666667 23.611111
0 2 4.871000 5.666667 23.611111
0 2 4.881000 5.666667 23.611111
0 2 4.891000 5.666667 23.611111
0 2 4.901000 5.666667 23.611111
0 2 4.911000 5.666667 23.611111
0 2 4.921000 5.666667 23.611111
0 2 4.931000 5.666667 23.611111
0 2 4.941000 5.666667 23.611111
0 2 4.951000 5.666667 23.611111
0 2 4.961000 5.666667 23.611111
0 2 4.971000 5.666667 23.611111
0 2 4.981000 5.666667 23.611111
0 2 4.991000 5.666667 23.611111
0 3 0.001000 33.583786 45.257797
0 3 0.011000 33.587364 45.262615
0 3 0.021000 33.589558 45.265572
0 3 0.031000 33.591476 45.268158
0 3 0.041000 33.593117 45.270370
0 3 0.051000 33.594482 45.272209
0 3 0.061000 33.595848 45.274048
0 3 0.071000 33.597210 45.275883
0 3 0.081000 33.598297 45.277351
0 3 0.091000 33.599388 45.278816
0 3 0.101000 33.600475 45.280281
0 3 0.111000 33.601288 45.281380
0 3 0.121000 33.602375 45.282841
0 3 0.131000 33.603188 45.283939
0 3 0.141000 33.604000 45.285034
0 3 0.151000 33.604813 45.286129
0 3 0.161000 33.605621 45.287220
0 3 0.171000 33.606434 45.288315
0 3 0.181000 33.607243 45.289406
0 3 0.191000 33.608055 45.290497
0 3 0.201000 33.608593 45.291225
0 3 0.211000 33.609402 45.292316
0 3 0.221000 33.610210 45.293404
0 3 0.231000 33.610748 45.294132
0 3 0.241000 33.611557 45.295219
0 3 0.251000 33.612366 45.296307
0 3 0.261000 33.612904 45.297031
0 3 0.271000 33.613708 45.298119
0 3 0.281000 33.614513 45.299202
0 3 0.291000 33.615051 45.299927
0 3 0.301000 33.615856 45.301010
0 3 0.311000 33.616390 45.301731
0 3 0.321000 33.617195 45.302814
0 3 0.331000 33.617996 45.303898
0 3 0.341000 33.618534 45.304619
0 3 0.351000 33.619335 45.305698
0 3 0.361000 33.620136 45.306782
0 3 0.371000 33.620670 45.307499
0 3 0.381000 33.621471 45.308578
0 3 0.391000 33.622272 45.309658
0 3 0.401000 33.622803 45.310375
0 3 0.411000 33.623604 45.311451
0 3 0.421000 33.624401 45.312531
0 3 0.431000 33.624935 45.313248
0 3 0.441000 33.625732 45.314320
0 3 0.451000 33.626530 45.315395
0 3 0.461000 33.627327 45.316467
0 3 0.471000 33.627857 45.317184
0 3 0.481000 33.628651 45.318256
0 3 0.491000 33.629448 45.319328
0 3 0.501000 33.630241 45.320400
0 3 0.511000 33.631035 45.321468
0 3 0.521000 33.631828 45.322540
0 3 0.531000 33.632359 45.323250
0 3 0.541000 33.633152 45.324318
0 3 0.551000 33.633945 45.325386
0 3 0.561000 33.634735 45.326454
0 3 0.571000 33.635525 45.327518
0 3 0.581000 33.636318 45.328587
0 3 0.591000 33.637108 45.329651
0 3 0.601000 33.637897 45.330715
0 3 0.611000 33.638687 45.331776
0 3 0.621000 33.639473 45.332840
0 3 0.631000 33.640263 45.333900
0 3 0.641000 33.641048 45.334961
0 3 0.651000 33.641834 45.336021
0 3 0.661000 33.642624 45.337082
0 3 0.671000 33.643410 45.338142
0 3 0.681000 33.644192 45.339199
0 3 0.691000 33.645241 45.340611
0 3 0.701000 33.646023 45.341667
0 3 0.711000 33.646805 45.342720
0 3 0.721000 33.647591 45.343777
0 3 0.731000 33.648373 45.344830
0 3 0.741000 33.649155 45.345882
0 3 0.751000 33.650196 45.347286
0 3 0.761000 33.650974 45.348339
0 3 0.771000 33.651756 45.349392
0 3 0.781000 33.652794 45.350792
0 3 0.791000 33.653576 45.351841
0 3 0.801000 33.654354 45.352890
0 3 0.811000 33.655388 45.354286
0 3 0.821000 33.656166 45.355335
0 3 0.831000 33.656944 45.356380
0 3 0.841000 33.657978 45.357777
0 3 0.851000 33.658752 45.358822
0 3 0.861000 33.659527 45.359863
0 3 0.871000 33.660561 45.361256
0 3 0.881000 33.661335 45.362297
0 3 0.891000 33.662365 45.363686
0 3 0.901000 33.663136 45.364727
0 3 0.911000 33.664165 45.366116
0 3 0.921000 33.664936 45.367153
0 3 0.931000 33.665966 45.368538
0 3 0.941000 33.666992 45.369923
0 3 0.951000 33.667759 45.370960
0 3 0.961000 33.668785 45.372341
0 3 0.971000 33.669552 45.373375
0 3 0.981000 33.670578 45.374756
0 3 0.991000 33.671600 45.376133
0 3 1.001000 33.672367 45.377163
0 3 1.011000 33.673386 45.378540
0 3 1.021000 33.674404 45.379913
0 3 1.031000 33.675426 45.381287
0 3 1.041000 33.676189 45.382317
0 3 1.051000 33.677204 45.383686
0 3 1.061000 33.678223 45.385059
0 3 1.071000 33.679237 45.386425
0 3 1.081000 33.680252 45.387794
0 3 1.091000 33.681267 45.389160
0 3 1.101000 33.682026 45.390182
0 3 1.111000 33.683037 45.391548
0 3 1.121000 33.684052 45.392910
0 3 1.131000 33.685059 45.394272
0 3 1.141000 33.686069 45.395634
0 3 1.151000 33.687077 45.396992
0 3 1.161000 33.688087 45.398350
0 3 1.171000 33.689095 45.399708
0 3 1.181000 33.690098 45.401062
0 3 1.191000 33.691105 45.402416
0 3 1.201000 33.692108 45.403770
0 3 1.211000 33.693111 45.405121
0 3 1.221000 33.694363 45.406811
0 3 1.231000 33.695366 45.408161
0 3 1.241000 33.696365 45.409508
0 3 1.251000 33.697365 45.410854
0 3 1.261000 33.698364 45.412201
0 3 1.271000 33.699360 45.413544
0 3 1.281000 33.700607 45.415222
0 3 1.291000 33.701603 45.416565
0 3 1.301000 33.702599 45.417908
0 3 1.311000 33.703590 45.419247
0 3 1.321000 33.704834 45.420918
0 3 1.331000 33.705826 45.422256
0 3 1.341000 33.706818 45.423592
0 3 1.351000 33.708054 45.425259
0 3 1.361000 33.709045 45.426594
0 3 1.371000 33.710278 45.428257
0 3 1.381000 33.711266 45.429588
0 3 1.391000 33.712498 45.431248
0 3 1.401000 33.713486 45.432575
0 3 1.411000 33.714714 45.434235
0 3 1.421000 33.715698 45.435562
0 3 1.431000 33.716927 45.437214
0 3 1.441000 33.717907 45.438538
0 3 1.451000 33.719131 45.440189
0 3 1.461000 33.720112 45.441509
0 3 1.471000 33.721336 45.443157
0 3 1.481000 33.722557 45.444805
0 3 1.491000 33.723534 45.446121
0 3 1.501000 33.724754 45.447765
0 3 1.511000 33.725971 45.449406
0 3 1.521000 33.726944 45.450718
0 3 1.531000 33.728161 45.452354
0 3 1.541000 33.729374 45.453991
0 3 1.551000 33.730587 45.455627
0 3 1.561000 33.731560 45.456932
0 3 1.571000 33.732769 45.458565
0 3 1.581000 33.733978 45.460194
0 3 1.591000 33.735188 45.461823
0 3 1.601000 33.736393 45.463448
0 3 1.611000 33.737598 45.465073
0 3 1.621000 33.738804 45.466698
0 3 1.631000 33.740005 45.468319
0 3 1.641000 33.740967 45.469612
0 3 1.651000 33.742168 45.471230
0 3 1.661000 33.743366 45.472847
0 3 1.671000 33.744804 45.474785
0 3 1.681000 33.746002 45.476395
0 3 1.691000 33.747196 45.478004
0 3 1.701000 33.748390 45.479614
0 3 1.711000 33.749580 45.481220
0 3 1.721000 33.750774 45.482826
0 3 1.731000 33.751965 45.484432
0 3 1.741000 33.753151 45.486034
0 3 1.751000 33.754337 45.487633
0 3 1.761000 33.755764 45.489552
0 3 1.771000 33.756947 45.491146
0 3 1.781000 33.758129 45.492741
0 3 1.791000 33.759312 45.494335
0 3 1.801000 33.760727 45.496243
0 3 1.811000 33.761909 45.497833
0 3 1.821000 33.763084 45.499420
0 3 1.831000 33.764500 45.501324
0 3 1.841000 33.765675 45.502907
0 3 1.851000 33.766846 45.504490
0 3 1.861000 33.768253 45.506386
0 3 1.871000 33.769424 45.507965
0 3 1.881000 33.770828 45.509853
0 3 1.891000 33.771996 45.511429
0 3 1.901000 33.773399 45.513317
0 3 1.911000 33.774563 45.514889
0 3 1.921000 33.775959 45.516769
0 3 1.931000 33.777122 45.518337
0 3 1.941000 33.778519 45.520218
0 3 1.951000 33.779678 45.521778
0 3 1.961000 33.781067 45.523655
0 3 1.971000 33.782459 45.525524
0 3 1.981000 33.783615 45.527084
0 3 1.991000 33.785000 45.528950
0 3 2.001000 33.786385 45.530815
0 3 2.011000 33.787537 45.532368
0 3 2.021000 33.788914 45.534229
0 3 2.031000 33.790295 45.536087
0 3 2.041000 33.791672 45.537941
0 3 2.051000 33.792816 45.539486
0 3 2.061000 33.794193 45.541340
0 3 2.071000 33.795563 45.543190
0 3 2.081000 33.796936 45.545036
0 3 2.091000 33.798302 45.546879
0 3 2.101000 33.799671 45.548721
0 3 2.111000 33.800808 45.550255
0 3 2.121000 33.802174 45.552094
0 3 2.131000 33.803535 45.553928
0 3 2.141000 33.804893 45.555763
0 3 2.151000 33.806252 45.557594
0 3 2.161000 33.807610 45.559422
0 3 2.171000 33.808964 45.561249
0 3 2.181000 33.810318 45.563072
0 3 2.191000 33.811897 45.565197
0 3 2.201000 33.813248 45.567017
0 3 2.211000 33.814594 45.568832
0 3 2.221000 33.815941 45.570648
0 3 2.231000 33.817284 45.572460
0 3 2.241000 33.818630 45.574268
0 3 2.251000 33.820194 45.576378
0 3 2.261000 33.821533 45.578182
0 3 2.271000 33.822872 45.579987
0 3 2.281000 33.824207 45.581787
0 3 2.291000 33.825764 45.583885
0 3 2.301000 33.827095 45.585682
0 3 2.311000 33.828426 45.587475
0 3 2.321000 33.829979 45.589565
0 3 2.331000 33.831306 45.591351
0 3 2.341000 33.832630 45.593140
0 3 2.351000 33.834175 45.595219
0 3 2.361000 33.835495 45.597000
0 3 2.371000 33.837036 45.599079
0 3 2.381000 33.838356 45.600853
0 3 2.391000 33.839893 45.602924
0 3 2.401000 33.841206 45.604694
0 3 2.411000 33.842739 45.606762
0 3 2.421000 33.844051 45.608528
0 3 2.431000 33.845577 45.610588
0 3 2.441000 33.847103 45.612644
0 3 2.451000 33.848408 45.614403
0 3 2.461000 33.849930 45.616455
0 3 2.471000 33.851452 45.618500
0 3 2.481000 33.852753 45.620255
0 3 2.491000 33.854267 45.622295
0 3 2.501000 33.855782 45.624336
0 3 2.511000 33.857075 45.626080
0 3 2.521000 33.858585 45.628117
0 3 2.531000 33.860092 45.630146
0 3 2.541000 33.861595 45.632175
0 3 2.551000 33.863098 45.634197
0 3 2.561000 33.864384 45.635933
0 3 2.571000 33.865883 45.637951
0 3 2.581000 33.867382 45.639969
0 3 2.591000 33.868874 45.641983
0 3 2.601000 33.870369 45.643993
0 3 2.611000 33.871857 45.646000
0 3 2.621000 33.873344 45.648006
0 3 2.631000 33.874832 45.650009
0 3 2.641000 33.876316 45.652008
0 3 2.651000 33.877796 45.654007
0 3 2.661000 33.879276 45.655998
0 3 2.671000 33.880753 45.657990
0 3 2.681000 33.882229 45.659977
0 3 2.691000 33.883701 45.661964
0 3 2.701000 33.885174 45.663948
0 3 2.711000 33.886642 45.665928
0 3 2.721000 33.888111 45.667904
0 3 2.731000 33.889786 45.670158
0 3 2.741000 33.891247 45.672131
0 3 2.751000 33.892708 45.674099
0 3 2.761000 33.894165 45.676064
0 3 2.771000 33.895622 45.678028
0 3 2.781000 33.897285 45.680267
0 3 2.791000 33.898735 45.682224
0 3 2.801000 33.900185 45.684177
0 3 2.811000 33.901840 45.686409
0 3 2.821000 33.903286 45.688354
0 3 2.831000 33.904732 45.690300
0 3 2.841000 33.906376 45.692520
0 3 2.851000 33.907818 45.694462
0 3 2.861000 33.909458 45.696674
0 3 2.871000 33.910892 45.698608
0 3 2.881000 33.912327 45.700539
0 3 2.891000 33.913963 45.702744
0 3 2.901000 33.915390 45.704666
0 3 2.911000 33.917023 45.706863
0 3 2.921000 33.918446 45.708782
0 3 2.931000 33.920071 45.710976
0 3 2.941000 33.921692 45.713161
0 3 2.951000 33.923111 45.715073
0 3 2.961000 33.924728 45.717251
0 3 2.971000 33.926144 45.719158
0 3 2.981000 33.927757 45.721333
0 3 2.991000 33.929367 45.723503
0 3 3.001000 33.930775 45.725399
0 3 3.011000 33.932381 45.727562
0 3 3.021000 33.933983 45.729725
0 3 3.031000 33.935585 45.731880
0 3 3.041000 33.936981 45.733765
0 3 3.051000 33.938580 45.735916
0 3 3.061000 33.940174 45.738064
0 3 3.071000 33.941765 45.740208
0 3 3.081000 33.943352 45.742348
0 3 3.091000 33.944740 45.744221
0 3 3.101000 33.946323 45.746353
0 3 3.111000 33.947906 45.748486
0 3 3.121000 33.949486 45.750610
0 3 3.131000 33.951061 45.752735
0 3 3.141000 33.952633 45.754856
0 3 3.151000 33.954205 45.756977
0 3 3.161000 33.955776 45.759090
0 3 3.171000 33.957340 45.761200
0 3 3.181000 33.958904 45.763309
0 3 3.191000 33.960468 45.765411
0 3 3.201000 33.962029 45.767513
0 3 3.211000 33.962223 45.767776
0 3 3.221000 33.962223 45.767776
0 3 3.231000 33.962223 45.767776
0 3 3.241000 33.962223 45.767776
0 3 3.251000 33.962223 45.767776
0 3 3.261000 33.962223 45.767776
0 3 3.271000 33.962223 45.767776
0 3 3.281000 33.962223 45.767776
0 3 3.291000 33.962223 45.767776
0 3 3.301000 33.962223 45.767776
0 3 3.311000 33.962223 45.767776
0 3 3.321000 33.962223 45.767776
0 3 3.331000 33.962223 45.767776
0 3 3.341000 33.962223 45.767776
0 3 3.351000 33.962223 45.767776
0 3 3.361000 33.962223 45.767776
0 3 3.371000 33.962223 45.767776
0 3 3.381000 33.962223 45.767776
0 3 3.391000 33.962223 45.767776
0 3 3.401000 33.962223 45.767776
0 3 3.411000 33.962223 45.767776
0 3 3.421000 33.962223 45.767776
0 3 3.431000 33.962223 45.767776
0 3 3.441000 33.962223 45.767776
0 3 3.451000 33.962223 45.767776
0 3 3.461000 33.962223 45.767776
0 3 3.471000 33.962223 45.767776
0 3 3.481000 33.962223 45.767776
0 3 3.491000 33.962223 45.767776
0 3 3.501000 33.962223 45.767776
0 3 3.511000 33.962223 45.767776
0 3 3.521000 33.962223 45.767776
0 3 3.531000 33.962223 45.767776
0 3 3.541000 33.962223 45.767776
0 3 3.551000 33.962223 45.767776
0 3 3.561000 33.962223 45.767776
0 3 3.571000 33.962223 45.767776
0 3 3.581000 33.962223 45.767776
0 3 3.591000 33.962223 45.767776
0 3 3.601000 33.962223 45.767776
0 3 3.611000 33.962223 45.767776
0 3 3.621000 33.962223 45.767776
0 3 3.631000 33.962223 45.767776
0 3 3.641000 33.962223 45.767776
0 3 3.651000 33.962223 45.767776
0 3 3.661000 33.962223 45.767776
0 3 3.671000 33.962223 45.767776
0 3 3.681000 33.962223 45.767776
0 3 3.691000 33.962223 45.767776
0 3 3.701000 33.962223 45.767776
0 3 3.711000 33.962223 45.767776
0 3 3.721000 33.962223 45.767776
0 3 3.731000 33.962223 45.767776
0 3 3.741000 33.962223 45.767776
0 3 3.751000 33.962223 45.767776
0 3 3.761000 33.962223 45.767776
0 3 3.771000 33.962223 45.767776
0 3 3.781000 33.962223 45.767776
0 3 3.791000 33.962223 45.767776
0 3 3.801000 33.962223 45.767776
0 3 3.811000 33.962223 45.767776
0 3 3.821000 33.962223 45.767776
0 3 3.831000 33.962223 45.767776
0 3 3.841000 33.962223 45.767776
0 3 3.851000 33.962223 45.767776
0 3 3.861000 33.962223 45.767776
0 3 3.871000 33.962223 45.767776
0 3 3.881000 33.962223 45.767776
0 3 3.891000 33.962223 45.767776
0 3 3.901000 33.962223 45.767776
0 3 3.911000 33.962223 45.767776
0 3 3.921000 33.962223 45.767776
0 3 3.931000 33.962223 45.767776
0 3 3.941000 33.962223 45.767776
0 3 3.951000 33.962223 45.767776
0 3 3.961000 33.962223 45.767776
0 3 3.971000 33.962223 45.767776
0 3 3.981000 33.962223 45.767776
0 3 3.991000 33.962223 45.767776
0 3 4.001000 33.962223 45.767776
0 3 4.011000 33.962223 45.767776
0 3 4.021000 33.962223 45.767776
0 3 4.031000 33.962223 45.767776
0 3 4.041000 33.962223 45.767776
0 3 4.051000 33.962223 45.767776
0 3 4.061000 33.962223 45.767776
0 3 4.071000 33.962223 45.767776
0 3 4.081000 33.962223 45.767776
0 3 4.091000 33.962223 45.767776
0 3 4.101000 33.962223 45.767776
0 3 4.111000 33.962223 45.767776
0 3 4.121000 33.962223 45.767776
0 3 4.131000 33.962223 45.767776
0 3 4.141000 33.962223 45.767776
0 3 4.151000 33.962223 45.767776
0 3 4.161000 33.962223 45.767776
0 3 4.171000 33.962223 45.767776
0 3 4.181000 33.962223 45.767776
0 3 4.191000 33.962223 45.767776
0 3 4.201000 33.962223 45.767776
0 3 4.211000 33.962223 45.767776
0 3 4.221000 33.962223 45.767776
0 3 4.231000 33.962223 45.767776
0 3 4.241000 33.962223 45.767776
0 3 4.251000 33.962223 45.767776
0 3 4.261000 33.962223 45.767776
0 3 4.271000 33.962223 45.767776
0 3 4.281000 33.962223 45.767776
0 3 4.291000 33.962223 45.767776
0 3 4.301000 33.962223 45.767776
0 3 4.311000 33.962223 45.767776
0 3 4.321000 33.962223 45.767776
0 3 4.331000 33.962223 45.767776
0 3 4.341000 33.962223 45.767776
0 3 4.351000 33.962223 45.767776
0 3 4.361000 33.962223 45.767776
0 3 4.371000 33.962223 45.767776
0 3 4.381000 33.962223 45.767776
0 3 4.391000 33.962223 45.767776
0 3 4.401000 33.962223 45.767776
0 3 4.411000 33.962223 45.767776
0 3 4.421000 33.962223 45.767776
0 3 4.431000 33.962223 45.767776
0 3 4.441000 33.962223 45.767776
0 3 4.451000 33.962223 45.767776
0 3 4.461000 33.962223 45.767776
0 3 4.471000 33.962223 45.767776
0 3 4.481000 33.962223 45.767776
0 3 4.491000 33.962223 45.767776
0 3 4.501000 33.962223 45.767776
0 3 4.511000 33.962223 45.767776
0 3 4.521000 33.962223 45.767776
0 3 4.531000 33.962223 45.767776
0 3 4.541000 33.962223 45.767776
0 3 4.551000 33.962223 45.767776
0 3 4.561000 33.962223 45.767776
0 3 4.571000 33.962223 45.767776
0 3 4.581000 33.962223 45.767776
0 3 4.591000 33.962223 45.767776
0 3 4.601000 33.962223 45.767776
0 3 4.611000 33.962223 45.767776
0 3 4.621000 33.962223 45.767776
0 3 4.631000 33.962223 45.767776
0 3 4.641000 33.962223 45.767776
0 3 4.651000 33.962223 45.767776
0 3 4.661000 33.962223 45.767776
0 3 4.671000 33.962223 45.767776
0 3 4.681000 33.962223 45.767776
0 3 4.691000 33.962223 45.767776
0 3 4.701000 33.962223 45.767776
0 3 4.711000 33.962223 45.767776
0 3 4.721000 33.962223 45.767776
0 3 4.731000 33.962223 45.767776
0 3 4.741000 33.962223 45.767776
0 3 4.751000 33.962223 45.767776
0 3 4.761000 33.962223 45.767776
0 3 4.771000 33.962223 45.767776
0 3 4.781000 33.962223 45.767776
0 3 4.791000 33.962223 45.767776
0 3 4.801000 33.962223 45.767776
0 3 4.811000 33.962223 45.767776
0 3 4.821000 33.962223 45.767776
0 3 4.831000 33.962223 45.767776
0 3 4.841000 33.962223 45.767776
0 3 4.851000 33.962223 45.767776
0 3 4.861000 33.962223 45.767776
0 3 4.871000 33.962223 45.767776
0 3 4.881000 33.962223 45.767776
0 3 4.891000 33.962223 45.767776
0 3 4.901000 33.962223 45.767776
0 3 4.911000 33.962223 45.767776
0 3 4.921000 33.962223 45.767776
0 3 4.931000 33.962223 45.767776
0 3 4.941000 33.962223 45.767776
0 3 4.951000 33.962223 45.767776
0 3 4.961000 33.962223 45.767776
0 3 4.971000 33.962223 45.767776
0 3 4.981000 33.962223 45.767776
0 3 4.991000 33.962223 45.767776
1 1 0.001000 0.000000 5.429631
1 1 0.011000 0.000000 5.430490
1 1 0.021000 0.000000 5.431016
1 1 0.031000 0.000000 5.431477
1 1 0.041000 0.000000 5.431870
1 1 0.051000 0.000000 5.432199
1 1 0.061000 0.000000 5.432526
1 1 0.071000 0.000000 5.432853
1 1 0.081000 0.000000 5.433115
1 1 0.091000 0.000000 5.433375
1 1 0.101000 0.000000 5.433637
1 1 0.111000 0.000000 5.433832
1 1 0.121000 0.000000 5.434093
1 1 0.131000 0.000000 5.434288
1 1 0.141000 0.000000 5.434483
1 1 0.151000 0.000000 5.434678
1 1 0.161000 0.000000 5.434873
1 1 0.171000 0.000000 5.435067
1 1 0.181000 0.000000 5.435262
1 1 0.191000 0.000000 5.435456
1 1 0.201000 0.000000 5.435585
1 1 0.211000 0.000000 5.435780
1 1 0.221000 0.000000 5.435974
1 1 0.231000 0.000000 5.436103
1 1 0.241000 0.000000 5.436297
1 1 0.251000 0.000000 5.436491
1 1 0.261000 0.000000 5.436620
1 1 0.271000 0.000000 5.436813
1 1 0.281000 0.000000 5.437006
1 1 0.291000 0.000000 5.437135
1 1 0.301000 0.000000 5.437328
1 1 0.311000 0.000000 5.437457
1 1 0.321000 0.000000 5.437650
1 1 0.331000 0.000000 5.437843
1 1 0.341000 0.000000 5.437971
1 1 0.351000 0.000000 5.438164
1 1 0.361000 0.000000 5.438356
1 1 0.371000 0.000000 5.438484
1 1 0.381000 0.000000 5.438676
1 1 0.391000 0.000000 5.438869
1 1 0.401000 0.000000 5.438997
1 1 0.411000 0.000000 5.439188
1 1 0.421000 0.000000 5.439380
1 1 0.431000 0.000000 5.439508
1 1 0.441000 0.000000 5.439699
1 1 0.451000 0.000000 5.439891
1 1 0.461000 0.000000 5.440082
1 1 0.471000 0.000000 5.440209
1 1 0.481000 0.000000 5.440401
1 1 0.491000 0.000000 5.440591
1 1 0.501000 0.000000 5.440782
1 1 0.511000 0.000000 5.440973
1 1 0.521000 0.000000 5.441163
1 1 0.531000 0.000000 5.441290
1 1 0.541000 0.000000 5.441480
1 1 0.551000 0.000000 5.441670
1 1 0.561000 0.000000 5.441861
1 1 0.571000 0.000000 5.442050
1 1 0.581000 0.000000 5.442240
1 1 0.591000 0.000000 5.442430
1 1 0.601000 0.000000 5.442619
1 1 0.611000 0.000000 5.442809
1 1 0.621000 0.000000 5.442998
1 1 0.631000 0.000000 5.443187
1 1 0.641000 0.000000 5.443376
1 1 0.651000 0.000000 5.443565
1 1 0.661000 0.000000 5.443754
1 1 0.671000 0.000000 5.443942
1 1 0.681000 0.000000 5.444130
1 1 0.691000 0.000000 5.444382
1 1 0.701000 0.000000 5.444570
1 1 0.711000 0.000000 5.444758
1 1 0.721000 0.000000 5.444946
1 1 0.731000 0.000000 5.445134
1 1 0.741000 0.000000 5.445321
1 1 0.751000 0.000000 5.445571
1 1 0.761000 0.000000 5.445759
1 1 0.771000 0.000000 5.445946
1 1 0.781000 0.000000 5.446196
1 1 0.791000 0.000000 5.446383
1 1 0.801000 0.000000 5.446569
1 1 0.811000 0.000000 5.446818
1 1 0.821000 0.000000 5.447005
1 1 0.831000 0.000000 5.447191
1 1 0.841000 0.000000 5.447439
1 1 0.851000 0.000000 5.447626
1 1 0.861000 0.000000 5.447812
1 1 0.871000 0.000000 5.448059
1 1 0.881000 0.000000 5.448245
1 1 0.891000 0.000000 5.448493
1 1 0.901000 0.000000 5.448678
1 1 0.911000 0.000000 5.448925
1 1 0.921000 0.000000 5.449110
1 1 0.931000 0.000000 5.449357
1 1 0.941000 0.000000 5.449603
1 1 0.951000 0.000000 5.449788
1 1 0.961000 0.000000 5.450034
1 1 0.971000 0.000000 5.450218
1 1 0.981000 0.000000 5.450463
1 1 0.991000 0.000000 5.450709
1 1 1.001000 0.000000 5.450893
1 1 1.011000 0.000000 5.451138
1 1 1.021000 0.000000 5.451383
1 1 1.031000 0.000000 5.451627
1 1 1.041000 0.000000 5.451810
1 1 1.051000 0.000000 5.452055
1 1 1.061000 0.000000 5.452299
1 1 1.071000 0.000000 5.452543
1 1 1.081000 0.000000 5.452786
1 1 1.091000 0.000000 5.453030
1 1 1.101000 0.000000 5.453212
1 1 1.111000 0.000000 5.453455
1 1 1.121000 0.000000 5.453698
1 1 1.131000 0.000000 5.453940
1 1 1.141000 0.000000 5.454182
1 1 1.151000 0.000000 5.454424
1 1 1.161000 0.000000 5.454666
1 1 1.171000 0.000000 5.454908
1 1 1.181000 0.000000 5.455150
1 1 1.191000 0.000000 5.455391
1 1 1.201000 0.000000 5.455632
1 1 1.211000 0.000000 5.455873
1 1 1.221000 0.000000 5.456173
1 1 1.231000 0.000000 5.456414
1 1 1.241000 0.000000 5.456654
1 1 1.251000 0.000000 5.456894
1 1 1.261000 0.000000 5.457133
1 1 1.271000 0.000000 5.457373
1 1 1.281000 0.000000 5.457672
1 1 1.291000 0.000000 5.457911
1 1 1.301000 0.000000 5.458150
1 1 1.311000 0.000000 5.458388
1 1 1.321000 0.000000 5.458686
1 1 1.331000 0.000000 5.458924
1 1 1.341000 0.000000 5.459162
1 1 1.351000 0.000000 5.459459
1 1 1.361000 0.000000 5.459697
1 1 1.371000 0.000000 5.459993
1 1 1.381000 0.000000 5.460230
1 1 1.391000 0.000000 5.460526
1 1 1.401000 0.000000 5.460763
1 1 1.411000 0.000000 5.461058
1 1 1.421000 0.000000 5.461294
1 1 1.431000 0.000000 5.461589
1 1 1.441000 0.000000 5.461824
1 1 1.451000 0.000000 5.462119
1 1 1.461000 0.000000 5.462354
1 1 1.471000 0.000000 5.462647
1 1 1.481000 0.000000 5.462941
1 1 1.491000 0.000000 5.463175
1 1 1.501000 0.000000 5.463468
1 1 1.511000 0.000000 5.463760
1 1 1.521000 0.000000 5.463994
1 1 1.531000 0.000000 5.464286
1 1 1.541000 0.000000 5.464577
1 1 1.551000 0.000000 5.464869
1 1 1.561000 0.000000 5.465101
1 1 1.571000 0.000000 5.465392
1 1 1.581000 0.000000 5.465682
1 1 1.591000 0.000000 5.465972
1 1 1.601000 0.000000 5.466262
1 1 1.611000 0.000000 5.466551
1 1 1.621000 0.000000 5.466840
1 1 1.631000 0.000000 5.467129
1 1 1.641000 0.000000 5.467360
1 1 1.651000 0.000000 5.467648
1 1 1.661000 0.000000 5.467936
1 1 1.671000 0.000000 5.468281
1 1 1.681000 0.000000 5.468568
1 1 1.691000 0.000000 5.468854
1 1 1.701000 0.000000 5.469141
1 1 1.711000 0.000000 5.469428
1 1 1.721000 0.000000 5.469713
1 1 1.731000 0.000000 5.469999
1 1 1.741000 0.000000 5.470284
1 1 1.751000 0.000000 5.470569
1 1 1.761000 0.000000 5.470911
1 1 1.771000 0.000000 5.471195
1 1 1.781000 0.000000 5.471479
1 1 1.791000 0.000000 5.471763
1 1 1.801000 0.000000 5.472103
1 1 1.811000 0.000000 5.472386
1 1 1.821000 0.000000 5.472669
1 1 1.831000 0.000000 5.473008
1 1 1.841000 0.000000 5.473290
1 1 1.851000 0.000000 5.473572
1 1 1.861000 0.000000 5.473909
1 1 1.871000 0.000000 5.474190
1 1 1.881000 0.000000 5.474527
1 1 1.891000 0.000000 5.474808
1 1 1.901000 0.000000 5.475144
1 1 1.911000 0.000000 5.475424
1 1 1.921000 0.000000 5.475759
1 1 1.931000 0.000000 5.476038
1 1 1.941000 0.000000 5.476373
1 1 1.951000 0.000000 5.476651
1 1 1.961000 0.000000 5.476985
1 1 1.971000 0.000000 5.477319
1 1 1.981000 0.000000 5.477596
1 1 1.991000 0.000000 5.477929
1 1 2.001000 0.000000 5.478261
1 1 2.011000 0.000000 5.478538
1 1 2.021000 0.000000 5.478869
1 1 2.031000 0.000000 5.479200
1 1 2.041000 0.000000 5.479530
1 1 2.051000 0.000000 5.479805
1 1 2.061000 0.000000 5.480135
1 1 2.071000 0.000000 5.480464
1 1 2.081000 0.000000 5.480793
1 1 2.091000 0.000000 5.481122
1 1 2.101000 0.000000 5.481450
1 1 2.111000 0.000000 5.481723
1 1 2.121000 0.000000 5.482051
1 1 2.131000 0.000000 5.482378
1 1 2.141000 0.000000 5.482704
1 1 2.151000 0.000000 5.483030
1 1 2.161000 0.000000 5.483356
1 1 2.171000 0.000000 5.483681
1 1 2.181000 0.000000 5.484006
1 1 2.191000 0.000000 5.484385
1 1 2.201000 0.000000 5.484709
1 1 2.211000 0.000000 5.485033
1 1 2.221000 0.000000 5.485356
1 1 2.231000 0.000000 5.485679
1 1 2.241000 0.000000 5.486001
1 1 2.251000 0.000000 5.486376
1 1 2.261000 0.000000 5.486698
1 1 2.271000 0.000000 5.487019
1 1 2.281000 0.000000 5.487340
1 1 2.291000 0.000000 5.487713
1 1 2.301000 0.000000 5.488033
1 1 2.311000 0.000000 5.488353
1 1 2.321000 0.000000 5.488725
1 1 2.331000 0.000000 5.489044
1 1 2.341000 0.000000 5.489362
1 1 2.351000 0.000000 5.489732
1 1 2.361000 0.000000 5.490050
1 1 2.371000 0.000000 5.490419
1 1 2.381000 0.000000 5.490736
1 1 2.391000 0.000000 5.491105
1 1 2.401000 0.000000 5.491420
1 1 2.411000 0.000000 5.491788
1 1 2.421000 0.000000 5.492103
1 1 2.431000 0.000000 5.492470
1 1 2.441000 0.000000 5.492836
1 1 2.451000 0.000000 5.493149
1 1 2.461000 0.000000 5.493515
1 1 2.471000 0.000000 5.493879
1 1 2.481000 0.000000 5.494192
1 1 2.491000 0.000000 5.494555
1 1 2.501000 0.000000 5.494918
1 1 2.511000 0.000000 5.495229
1 1 2.521000 0.000000 5.495592
1 1 2.531000 0.000000 5.495953
1 1 2.541000 0.000000 5.496315
1 1 2.551000 0.000000 5.496675
1 1 2.561000 0.000000 5.496984
1 1 2.571000 0.000000 5.497344
1 1 2.581000 0.000000 5.497703
1 1 2.591000 0.000000 5.498062
1 1 2.601000 0.000000 5.498420
1 1 2.611000 0.000000 5.498777
1 1 2.621000 0.000000 5.499135
1 1 2.631000 0.000000 5.499491
1 1 2.641000 0.000000 5.499847
1 1 2.651000 0.000000 5.500203
1 1 2.661000 0.000000 5.500558
1 1 2.671000 0.000000 5.500913
1 1 2.681000 0.000000 5.501267
1 1 2.691000 0.000000 5.501621
1 1 2.701000 0.000000 5.501974
1 1 2.711000 0.000000 5.502326
1 1 2.721000 0.000000 5.502679
1 1 2.731000 0.000000 5.503080
1 1 2.741000 0.000000 5.503432
1 1 2.751000 0.000000 5.503782
1 1 2.761000 0.000000 5.504132
1 1 2.771000 0.000000 5.504482
1 1 2.781000 0.000000 5.504881
1 1 2.791000 0.000000 5.505229
1 1 2.801000 0.000000 5.505578
1 1 2.811000 0.000000 5.505974
1 1 2.821000 0.000000 5.506321
1 1 2.831000 0.000000 5.506668
1 1 2.841000 0.000000 5.507063
1 1 2.851000 0.000000 5.507409
1 1 2.861000 0.000000 5.507803
1 1 2.871000 0.000000 5.508148
1 1 2.881000 0.000000 5.508492
1 1 2.891000 0.000000 5.508884
1 1 2.901000 0.000000 5.509227
1 1 2.911000 0.000000 5.509618
1 1 2.921000 0.000000 5.509960
1 1 2.931000 0.000000 5.510350
1 1 2.941000 0.000000 5.510740
1 1 2.951000 0.000000 5.511080
1 1 2.961000 0.000000 5.511468
1 1 2.971000 0.000000 5.511808
1 1 2.981000 0.000000 5.512195
1 1 2.991000 0.000000 5.512582
1 1 3.001000 0.000000 5.512919
1 1 3.011000 0.000000 5.513305
1 1 3.021000 0.000000 5.513690
1 1 3.031000 0.000000 5.514074
1 1 3.041000 0.000000 5.514410
1 1 3.051000 0.000000 5.514793
1 1 3.061000 0.000000 5.515175
1 1 3.071000 0.000000 5.515557
1 1 3.081000 0.000000 5.515939
1 1 3.091000 0.000000 5.516272
1 1 3.101000 0.000000 5.516652
1 1 3.111000 0.000000 5.517032
1 1 3.121000 0.000000 5.517410
1 1 3.131000 0.000000 5.517789
1 1 3.141000 0.000000 5.518167
1 1 3.151000 0.000000 5.518544
1 1 3.161000 0.000000 5.518920
1 1 3.171000 0.000000 5.519297
1 1 3.181000 0.000000 5.519672
1 1 3.191000 0.000000 5.520047
1 1 3.201000 0.000000 5.520421
1 1 3.211000 0.000000 5.520468
1 1 3.221000 0.000000 5.520468
1 1 3.231000 0.000000 5.520468
1 1 3.241000 0.000000 5.520468
1 1 3.251000 0.000000 5.520468
1 1 3.261000 0.000000 5.520468
1 1 3.271000 0.000000 5.520468
1 1 3.281000 0.000000 5.520468
1 1 3.291000 0.000000 5.520468
1 1 3.301000 0.000000 5.520468
1 1 3.311000 0.000000 5.520468
1 1 3.321000 0.000000 5.520468
1 1 3.331000 0.000000 5.520468
1 1 3.341000 0.000000 5.520468
1 1 3.351000 0.000000 5.520468
1 1 3.361000 0.000000 5.520468
1 1 3.371000 0.000000 5.520468
1 1 3.381000 0.000000 5.520468
1 1 3.391000 0.000000 5.520468
1 1 3.401000 0.000000 5.520468
1 1 3.411000 0.000000 5.520468
1 1 3.421000 0.000000 5.520468
1 1 3.431000 0.000000 5.520468
1 1 3.441000 0.000000 5.520468
1 1 3.451000 0.000000 5.520468
1 1 3.461000 0.000000 5.520468
1 1 3.471000 0.000000 5.520468
1 1 3.481000 0.000000 5.520468
1 1 3.491000 0.000000 5.520468
1 1 3.501000 0.000000 5.520468
1 1 3.511000 0.000000 5.520468
1 1 3.521000 0.000000 5.520468
1 1 3.531000 0.000000 5.520468
1 1 3.541000 0.000000 5.520468
1 1 3.551000 0.000000 5.520468
1 1 3.561000 0.000000 5.520468
1 1 3.571000 0.000000 5.520468
1 1 3.581000 0.000000 5.520468
1 1 3.591000 0.000000 5.520468
1 1 3.601000 0.000000 5.520468
1 1 3.611000 0.000000 5.520468
1 1 3.621000 0.000000 5.520468
1 1 3.631000 0.000000 5.520468
1 1 3.641000 0.000000 5.520468
1 1 3.651000 0.000000 5.520468
1 1 3.661000 0.000000 5.520468
1 1 3.671000 0.000000 5.520468
1 1 3.681000 0.000000 5.520468
1 1 3.691000 0.000000 5.520468
1 1 3.701000 0.000000 5.520468
1 1 3.711000 0.000000 5.520468
1 1 3.721000 0.000000 5.520468
1 1 3.731000 0.000000 5.520468
1 1 3.741000 0.000000 5.520468
1 1 3.751000 0.000000 5.520468
1 1 3.761000 0.000000 5.520468
1 1 3.771000 0.000000 5.520468
1 1 3.781000 0.000000 5.520468
1 1 3.791000 0.000000 5.520468
1 1 3.801000 0.000000 5.520468
1 1 3.811000 0.000000 5.520468
1 1 3.821000 0.000000 5.520468
1 1 3.831000 0.000000 5.520468
1 1 3.841000 0.000000 5.520468
1 1 3.851000 0.000000 5.520468
1 1 3.861000 0.000000 5.520468
1 1 3.871000 0.000000 5.520468
1 1 3.881000 0.000000 5.520468
1 1 3.891000 0.000000 5.520468
1 1 3.901000 0.000000 5.520468
1 1 3.911000 0.000000 5.520468
1 1 3.921000 0.000000 5.520468
1 1 3.931000 0.000000 5.520468
1 1 3.941000 0.000000 5.520468
1 1 3.951000 0.000000 5.520468
1 1 3.961000 0.000000 5.520468
1 1 3.971000 0.000000 5.520468
1 1 3.981000 0.000000 5.520468
1 1 3.991000 0.000000 5.520468
1 1 4.001000 0.000000 5.520468
1 1 4.011000 0.000000 5.520468
1 1 4.021000 0.000000 5.520468
1 1 4.031000 0.000000 5.520468
1 1 4.041000 0.000000 5.520468
1 1 4.051000 0.000000 5.520468
1 1 4.061000 0.000000 5.520468
1 1 4.071000 0.000000 5.520468
1 1 4.081000 0.000000 5.520468
1 1 4.091000 0.000000 5.520468
1 1 4.101000 0.000000 5.520468
1 1 4.111000 0.000000 5.520468
1 1 4.121000 0.000000 5.520468
1 1 4.131000 0.000000 5.520468
1 1 4.141000 0.000000 5.520468
1 1 4.151000 0.000000 5.520468
1 1 4.161000 0.000000 5.520468
1 1 4.171000 0.000000 5.520468
1 1 4.181000 0.000000 5.520468
1 1 4.191000 0.000000 5.520468
1 1 4.201000 0.000000 5.520468
1 1 4.211000 0.000000 5.520468
1 1 4.221000 0.000000 5.520468
1 1 4.231000 0.000000 5.520468
1 1 4.241000 0.000000 5.520468
1 1 4.251000 0.000000 5.520468
1 1 4.261000 0.000000 5.520468
1 1 4.271000 0.000000 5.520468
1 1 4.281000 0.000000 5.520468
1 1 4.291000 0.000000 5.520468
1 1 4.301000 0.000000 5.520468
1 1 4.311000 0.000000 5.520468
1 1 4.321000 0.000000 5.520468
1 1 4.331000 0.000000 5.520468
1 1 4.341000 0.000000 5.520468
1 1 4.351000 0.000000 5.520468
1 1 4.361000 0.000000 5.520468
1 1 4.371000 0.000000 5.520468
1 1 4.381000 0.000000 5.520468
1 1 4.391000 0.000000 5.520468
1 1 4.401000 0.000000 5.520468
1 1 4.411000 0.000000 5.520468
1 1 4.421000 0.000000 5.520468
1 1 4.431000 0.000000 5.520468
1 1 4.441000 0.000000 5.520468
1 1 4.451000 0.000000 5.520468
1 1 4.461000 0.000000 5.520468
1 1 4.471000 0.000000 5.520468
1 1 4.481000 0.000000 5.520468
1 1 4.491000 0.000000 5.520468
1 1 4.501000 0.000000 5.520468
1 1 4.511000 0.000000 5.520468
1 1 4.521000 0.000000 5.520468
1 1 4.531000 0.000000 5.520468
1 1 4.541000 0.000000 5.520468
1 1 4.551000 0.000000 5.520468
1 1 4.561000 0.000000 5.520468
1 1 4.571000 0.000000 5.520468
1 1 4.581000 0.000000 5.520468
1 1 4.591000 0.000000 5.520468
1 1 4.601000 0.000000 5.520468
1 1 4.611000 0.000000 5.520468
1 1 4.621000 0.000000 5.520468
1 1 4.631000 0.000000 5.520468
1 1 4.641000 0.000000 5.520468
1 1 4.651000 0.000000 5.520468
1 1 4.661000 0.000000 5.520468
1 1 4.671000 0.000000 5.520468
1 1 4.681000 0.000000 5.520468
1 1 4.691000 0.000000 5.520468
1 1 4.701000 0.000000 5.520468
1 1 4.711000 0.000000 5.520468
1 1 4.721000 0.000000 5.520468
1 1 4.731000 0.000000 5.520468
1 1 4.741000 0.000000 5.520468
1 1 4.751000 0.000000 5.520468
1 1 4.761000 0.000000 5.520468
1 1 4.771000 0.000000 5.520468
1 1 4.781000 0.000000 5.520468
1 1 4.791000 0.000000 5.520468
1 1 4.801000 0.000000 5.520468
1 1 4.811000 0.000000 5.520468
1 1 4.821000 0.000000 5.520468
1 1 4.831000 0.000000 5.520468
1 1 4.841000 0.000000 5.520468
1 1 4.851000 0.000000 5.520468
1 1 4.861000 0.000000 5.520468
1 1 4.871000 0.000000 5.520468
1 1 4.881000 0.000000 5.520468
1 1 4.891000 0.000000 5.520468
1 1 4.901000 0.000000 5.520468
1 1 4.911000 0.000000 5.520468
1 1 4.921000 0.000000 5.520468
1 1 4.931000 0.000000 5.520468
1 1 4.941000 0.000000 5.520468
1 1 4.951000 0.000000 5.520468
1 1 4.961000 0.000000 5.520468
1 1 4.971000 0.000000 5.520468
1 1 4.981000 0.000000 5.520468
1 1 4.991000 0.000000 5.520468
1 2 0.001000 5.429631 22.623465
1 2 0.011000 5.430490 22.627041
1 2 0.021000 5.431016 22.629236
1 2 0.031000 5.431477 22.631153
1 2 0.041000 5.431870 22.632795
1 2 0.051000 5.432199 22.634161
1 2 0.061000 5.432526 22.635525
1 2 0.071000 5.432853 22.636889
1 2 0.081000 5.433115 22.637978
1 2 0.091000 5.433375 22.639065
1 2 0.101000 5.433637 22.640152
1 2 0.111000 5.433832 22.640966
1 2 0.121000 5.434093 22.642052
1 2 0.131000 5.434288 22.642866
1 2 0.141000 5.434483 22.643679
1 2 0.151000 5.434678 22.644491
1 2 0.161000 5.434873 22.645302
1 2 0.171000 5.435067 22.646112
1 2 0.181000 5.435262 22.646923
1 2 0.191000 5.435456 22.647734
1 2 0.201000 5.435585 22.648273
1 2 0.211000 5.435780 22.649082
1 2 0.221000 5.435974 22.649891
1 2 0.231000 5.436103 22.650431
1 2 0.241000 5.436297 22.651237
1 2 0.251000 5.436491 22.652044
1 2 0.261000 5.436620 22.652582
1 2 0.271000 5.436813 22.653389
1 2 0.281000 5.437006 22.654194
1 2 0.291000 5.437135 22.654730
1 2 0.301000 5.437328 22.655535
1 2 0.311000 5.437457 22.656071
1 2 0.321000 5.437650 22.656876
1 2 0.331000 5.437843 22.657679
1 2 0.341000 5.437971 22.658213
1 2 0.351000 5.438164 22.659016
1 2 0.361000 5.438356 22.659817
1 2 0.371000 5.438484 22.660351
1 2 0.381000 5.438676 22.661152
1 2 0.391000 5.438869 22.661953
1 2 0.401000 5.438997 22.662485
1 2 0.411000 5.439188 22.663284
1 2 0.421000 5.439380 22.664083
1 2 0.431000 5.439508 22.664616
1 2 0.441000 5.439699 22.665415
1 2 0.451000 5.439891 22.666212
1 2 0.461000 5.440082 22.667007
1 2 0.471000 5.440209 22.667540
1 2 0.481000 5.440401 22.668335
1 2 0.491000 5.440591 22.669130
1 2 0.501000 5.440782 22.669926
1 2 0.511000 5.440973 22.670719
1 2 0.521000 5.441163 22.671513
1 2 0.531000 5.441290 22.672041
1 2 0.541000 5.441480 22.672834
1 2 0.551000 5.441670 22.673626
1 2 0.561000 5.441861 22.674419
1 2 0.571000 5.442050 22.675209
1 2 0.581000 5.442240 22.676001
1 2 0.591000 5.442430 22.676790
1 2 0.601000 5.442619 22.677580
1 2 0.611000 5.442809 22.678370
1 2 0.621000 5.442998 22.679157
1 2 0.631000 5.443187 22.679945
1 2 0.641000 5.443376 22.680733
1 2 0.651000 5.443565 22.681520
1 2 0.661000 5.443754 22.682306
1 2 0.671000 5.443942 22.683092
1 2 0.681000 5.444130 22.683878
1 2 0.691000 5.444382 22.684923
1 2 0.701000 5.444570 22.685707
1 2 0.711000 5.444758 22.686491
1 2 0.721000 5.444946 22.687275
1 2 0.731000 5.445134 22.688057
1 2 0.741000 5.445321 22.688839
1 2 0.751000 5.445571 22.689880
1 2 0.761000 5.445759 22.690660
1 2 0.771000 5.445946 22.691441
1 2 0.781000 5.446196 22.692480
1 2 0.791000 5.446383 22.693260
1 2 0.801000 5.446569 22.694038
1 2 0.811000 5.446818 22.695076
1 2 0.821000 5.447005 22.695852
1 2 0.831000 5.447191 22.696629
1 2 0.841000 5.447439 22.697664
1 2 0.851000 5.447626 22.698439
1 2 0.861000 5.447812 22.699215
1 2 0.871000 5.448059 22.700247
1 2 0.881000 5.448245 22.701021
1 2 0.891000 5.448493 22.702051
1 2 0.901000 5.448678 22.702824
1 2 0.911000 5.448925 22.703854
1 2 0.921000 5.449110 22.704624
1 2 0.931000 5.449357 22.705652
1 2 0.941000 5.449603 22.706678
1 2 0.951000 5.449788 22.707447
1 2 0.961000 5.450034 22.708473
1 2 0.971000 5.450218 22.709242
1 2 0.981000 5.450463 22.710264
1 2 0.991000 5.450709 22.711287
1 2 1.001000 5.450893 22.712053
1 2 1.011000 5.451138 22.713074
1 2 1.021000 5.451383 22.714094
1 2 1.031000 5.451627 22.715115
1 2 1.041000 5.451810 22.715878
1 2 1.051000 5.452055 22.716894
1 2 1.061000 5.452299 22.717911
1 2 1.071000 5.452543 22.718927
1 2 1.081000 5.452786 22.719942
1 2 1.091000 5.453030 22.720957
1 2 1.101000 5.453212 22.721716
1 2 1.111000 5.453455 22.722729
1 2 1.121000 5.453698 22.723740
1 2 1.131000 5.453940 22.724751
1 2 1.141000 5.454182 22.725760
1 2 1.151000 5.454424 22.726768
1 2 1.161000 5.454666 22.727777
1 2 1.171000 5.454908 22.728783
1 2 1.181000 5.455150 22.729790
1 2 1.191000 5.455391 22.730795
1 2 1.201000 5.455632 22.731798
1 2 1.211000 5.455873 22.732803
1 2 1.221000 5.456173 22.734055
1 2 1.231000 5.456414 22.735058
1 2 1.241000 5.456654 22.736057
1 2 1.251000 5.456894 22.737057
1 2 1.261000 5.457133 22.738056
1 2 1.271000 5.457373 22.739054
1 2 1.281000 5.457672 22.740299
1 2 1.291000 5.457911 22.741295
1 2 1.301000 5.458150 22.742290
1 2 1.311000 5.458388 22.743284
1 2 1.321000 5.458686 22.744526
1 2 1.331000 5.458924 22.745518
1 2 1.341000 5.459162 22.746510
1 2 1.351000 5.459459 22.747747
1 2 1.361000 5.459697 22.748737
1 2 1.371000 5.459993 22.749973
1 2 1.381000 5.460230 22.750959
1 2 1.391000 5.460526 22.752193
1 2 1.401000 5.460763 22.753178
1 2 1.411000 5.461058 22.754410
1 2 1.421000 5.461294 22.755392
1 2 1.431000 5.461589 22.756620
1 2 1.441000 5.461824 22.757603
1 2 1.451000 5.462119 22.758827
1 2 1.461000 5.462354 22.759808
1 2 1.471000 5.462647 22.761030
1 2 1.481000 5.462941 22.762253
1 2 1.491000 5.463175 22.763229
1 2 1.501000 5.463468 22.764450
1 2 1.511000 5.463760 22.765667
1 2 1.521000 5.463994 22.766642
1 2 1.531000 5.464286 22.767857
1 2 1.541000 5.464577 22.769072
1 2 1.551000 5.464869 22.770285
1 2 1.561000 5.465101 22.771255
1 2 1.571000 5.465392 22.772465
1 2 1.581000 5.465682 22.773676
1 2 1.591000 5.465972 22.774883
1 2 1.601000 5.466262 22.776091
1 2 1.611000 5.466551 22.777296
1 2 1.621000 5.466840 22.778500
1 2 1.631000 5.467129 22.779703
1 2 1.641000 5.467360 22.780664
1 2 1.651000 5.467648 22.781866
1 2 1.661000 5.467936 22.783064
1 2 1.671000 5.468281 22.784502
1 2 1.681000 5.468568 22.785698
1 2 1.691000 5.468854 22.786894
1 2 1.701000 5.469141 22.788088
1 2 1.711000 5.469428 22.789280
1 2 1.721000 5.469713 22.790472
1 2 1.731000 5.469999 22.791662
1 2 1.741000 5.470284 22.792850
1 2 1.751000 5.470569 22.794039
1 2 1.761000 5.470911 22.795462
1 2 1.771000 5.471195 22.796646
1 2 1.781000 5.471479 22.797831
1 2 1.791000 5.471763 22.799013
1 2 1.801000 5.472103 22.800428
1 2 1.811000 5.472386 22.801609
1 2 1.821000 5.472669 22.802786
1 2 1.831000 5.473008 22.804199
1 2 1.841000 5.473290 22.805374
1 2 1.851000 5.473572 22.806549
1 2 1.861000 5.473909 22.807955
1 2 1.871000 5.474190 22.809128
1 2 1.881000 5.474527 22.810532
1 2 1.891000 5.474808 22.811699
1 2 1.901000 5.475144 22.813101
1 2 1.911000 5.475424 22.814266
1 2 1.921000 5.475759 22.815662
1 2 1.931000 5.476038 22.816826
1 2 1.941000 5.476373 22.818220
1 2 1.951000 5.476651 22.819382
1 2 1.961000 5.476985 22.820772
1 2 1.971000 5.477319 22.822161
1 2 1.981000 5.477596 22.823317
1 2 1.991000 5.477929 22.824703
1 2 2.001000 5.478261 22.826086
1 2 2.011000 5.478538 22.827238
1 2 2.021000 5.478869 22.828619
1 2 2.031000 5.479200 22.829998
1 2 2.041000 5.479530 22.831377
1 2 2.051000 5.479805 22.832523
1 2 2.061000 5.480135 22.833897
1 2 2.071000 5.480464 22.835270
1 2 2.081000 5.480793 22.836639
1 2 2.091000 5.481122 22.838009
1 2 2.101000 5.481450 22.839376
1 2 2.111000 5.481723 22.840513
1 2 2.121000 5.482051 22.841879
1 2 2.131000 5.482378 22.843241
1 2 2.141000 5.482704 22.844601
1 2 2.151000 5.483030 22.845961
1 2 2.161000 5.483356 22.847317
1 2 2.171000 5.483681 22.848673
1 2 2.181000 5.484006 22.850027
1 2 2.191000 5.484385 22.851603
1 2 2.201000 5.484709 22.852953
1 2 2.211000 5.485033 22.854301
1 2 2.221000 5.485356 22.855648
1 2 2.231000 5.485679 22.856993
1 2 2.241000 5.486001 22.858337
1 2 2.251000 5.486376 22.859901
1 2 2.261000 5.486698 22.861242
1 2 2.271000 5.487019 22.862579
1 2 2.281000 5.487340 22.863916
1 2 2.291000 5.487713 22.865473
1 2 2.301000 5.488033 22.866806
1 2 2.311000 5.488353 22.868137
1 2 2.321000 5.488725 22.869688
1 2 2.331000 5.489044 22.871016
1 2 2.341000 5.489362 22.872341
1 2 2.351000 5.489732 22.873884
1 2 2.361000 5.490050 22.875208
1 2 2.371000 5.490419 22.876747
1 2 2.381000 5.490736 22.878067
1 2 2.391000 5.491105 22.879602
1 2 2.401000 5.491420 22.880919
1 2 2.411000 5.491788 22.882450
1 2 2.421000 5.492103 22.883762
1 2 2.431000 5.492470 22.885290
1 2 2.441000 5.492836 22.886816
1 2 2.451000 5.493149 22.888123
1 2 2.461000 5.493515 22.889645
1 2 2.471000 5.493879 22.891163
1 2 2.481000 5.494192 22.892464
1 2 2.491000 5.494555 22.893980
1 2 2.501000 5.494918 22.895493
1 2 2.511000 5.495229 22.896790
1 2 2.521000 5.495592 22.898298
1 2 2.531000 5.495953 22.899805
1 2 2.541000 5.496315 22.901310
1 2 2.551000 5.496675 22.902813
1 2 2.561000 5.496984 22.904100
1 2 2.571000 5.497344 22.905600
1 2 2.581000 5.497703 22.907095
1 2 2.591000 5.498062 22.908590
1 2 2.601000 5.498420 22.910082
1 2 2.611000 5.498777 22.911573
1 2 2.621000 5.499135 22.913061
1 2 2.631000 5.499491 22.914547
1 2 2.641000 5.499847 22.916031
1 2 2.651000 5.500203 22.917513
1 2 2.661000 5.500558 22.918993
1 2 2.671000 5.500913 22.920471
1 2 2.681000 5.501267 22.921946
1 2 2.691000 5.501621 22.923420
1 2 2.701000 5.501974 22.924891
1 2 2.711000 5.502326 22.926361
1 2 2.721000 5.502679 22.927828
1 2 2.731000 5.503080 22.929502
1 2 2.741000 5.503432 22.930965
1 2 2.751000 5.503782 22.932426
1 2 2.761000 5.504132 22.933884
1 2 2.771000 5.504482 22.935341
1 2 2.781000 5.504881 22.937002
1 2 2.791000 5.505229 22.938456
1 2 2.801000 5.505578 22.939905
1 2 2.811000 5.505974 22.941561
1 2 2.821000 5.506321 22.943007
1 2 2.831000 5.506668 22.944450
1 2 2.841000 5.507063 22.946098
1 2 2.851000 5.507409 22.947536
1 2 2.861000 5.507803 22.949181
1 2 2.871000 5.508148 22.950615
1 2 2.881000 5.508492 22.952047
1 2 2.891000 5.508884 22.953684
1 2 2.901000 5.509227 22.955112
1 2 2.911000 5.509618 22.956743
1 2 2.921000 5.509960 22.958168
1 2 2.931000 5.510350 22.959793
1 2 2.941000 5.510740 22.961416
1 2 2.951000 5.511080 22.962833
1 2 2.961000 5.511468 22.964453
1 2 2.971000 5.511808 22.965866
1 2 2.981000 5.512195 22.967480
1 2 2.991000 5.512582 22.969091
1 2 3.001000 5.512919 22.970497
1 2 3.011000 5.513305 22.972103
1 2 3.021000 5.513690 22.973707
1 2 3.031000 5.514074 22.975309
1 2 3.041000 5.514410 22.976707
1 2 3.051000 5.514793 22.978304
1 2 3.061000 5.515175 22.979898
1 2 3.071000 5.515557 22.981489
1 2 3.081000 5.515939 22.983078
1 2 3.091000 5.516272 22.984467
1 2 3.101000 5.516652 22.986050
1 2 3.111000 5.517032 22.987631
1 2 3.121000 5.517410 22.989210
1 2 3.131000 5.517789 22.990788
1 2 3.141000 5.518167 22.992361
1 2 3.151000 5.518544 22.993933
1 2 3.161000 5.518920 22.995502
1 2 3.171000 5.519297 22.997068
1 2 3.181000 5.519672 22.998632
1 2 3.191000 5.520047 23.000195
1 2 3.201000 5.520421 23.001755
1 2 3.211000 5.520468 23.001949
1 2 3.221000 5.520468 23.001949
1 2 3.231000 5.520468 23.001949
1 2 3.241000 5.520468 23.001949
1 2 3.251000 5.520468 23.001949
1 2 3.261000 5.520468 23.001949
1 2 3.271000 5.520468 23.001949
1 2 3.281000 5.520468 23.001949
1 2 3.291000 5.520468 23.001949
1 2 3.301000 5.520468 23.001949
1 2 3.311000 5.520468 23.001949
1 2 3.321000 5.520468 23.001949
1 2 3.331000 5.520468 23.001949
1 2 3.341000 5.520468 23.001949
1 2 3.351000 5.520468 23.001949
1 2 3.361000 5.520468 23.001949
1 2 3.371000 5.520468 23.001949
1 2 3.381000 5.520468 23.001949
1 2 3.391000 5.520468 23.001949
1 2 3.401000 5.520468 23.001949
1 2 3.411000 5.520468 23.001949
1 2 3.421000 5.520468 23.001949
1 2 3.431000 5.520468 23.001949
1 2 3.441000 5.520468 23.001949
1 2 3.451000 5.520468 23.001949
1 2 3.461000 5.520468 23.001949
1 2 3.471000 5.520468 23.001949
1 2 3.481000 5.520468 23.001949
1 2 3.491000 5.520468 23.001949
1 2 3.501000 5.520468 23.001949
1 2 3.511000 5.520468 23.001949
1 2 3.521000 5.520468 23.001949
1 2 3.531000 5.520468 23.001949
1 2 3.541000 5.520468 23.001949
1 2 3.551000 5.520468 23.001949
1 2 3.561000 5.520468 23.001949
1 2 3.571000 5.520468 23.001949
1 2 3.581000 5.520468 23.001949
1 2 3.591000 5.520468 23.001949
1 2 3.601000 5.520468 23.001949
1 2 3.611000 5.520468 23.001949
1 2 3.621000 5.520468 23.001949
1 2 3.631000 5.520468 23.001949
1 2 3.641000 5.520468 23.001949
1 2 3.651000 5.520468 23.001949
1 2 3.661000 5.520468 23.001949
1 2 3.671000 5.520468 23.001949
1 2 3.681000 5.520468 23.001949
1 2 3.691000 5.520468 23.001949
1 2 3.701000 5.520468 23.001949
1 2 3.711000 5.520468 23.001949
1 2 3.721000 5.520468 23.001949
1 2 3.731000 5.520468 23.001949
1 2 3.741000 5.520468 23.001949
1 2 3.751000 5.520468 23.001949
1 2 3.761000 5.520468 23.001949
1 2 3.771000 5.520468 23.001949
1 2 3.781000 5.520468 23.001949
1 2 3.791000 5.520468 23.001949
1 2 3.801000 5.520468 23.001949
1 2 3.811000 5.520468 23.001949
1 2 3.821000 5.520468 23.001949
1 2 3.831000 5.520468 23.001949
1 2 3.841000 5.520468 23.001949
1 2 3.851000 5.520468 23.001949
1 2 3.861000 5.520468 23.001949
1 2 3.871000 5.520468 23.001949
1 2 3.881000 5.520468 23.001949
1 2 3.891000 5.520468 23.001949
1 2 3.901000 5.520468 23.001949
1 2 3.911000 5.520468 23.001949
1 2 3.921000 5.520468 23.001949
1 2 3.931000 5.520468 23.001949
1 2 3.941000 5.520468 23.001949
1 2 3.951000 5.520468 23.001949
1 2 3.961000 5.520468 23.001949
1 2 3.971000 5.520468 23.001949
1 2 3.981000 5.520468 23.001949
1 2 3.991000 5.520468 23.001949
1 2 4.001000 5.520468 23.001949
1 2 4.011000 5.520468 23.001949
1 2 4.021000 5.520468 23.001949
1 2 4.031000 5.520468 23.001949
1 2 4.041000 5.520468 23.001949
1 2 4.051000 5.520468 23.001949
1 2 4.061000 5.520468 23.001949
1 2 4.071000 5.520468 23.001949
1 2 4.081000 5.520468 23.001949
1 2 4.091000 5.520468 23.001949
1 2 4.101000 5.520468 23.001949
1 2 4.111000 5.520468 23.001949
1 2 4.121000 5.520468 23.001949
1 2 4.131000 5.520468 23.001949
1 2 4.141000 5.520468 23.001949
1 2 4.151000 5.520468 23.001949
1 2 4.161000 5.520468 23.001949
1 2 4.171000 5.520468 23.001949
1 2 4.181000 5.520468 23.001949
1 2 4.191000 5.520468 23.001949
1 2 4.201000 5.520468 23.001949
1 2 4.211000 5.520468 23.001949
1 2 4.221000 5.520468 23.001949
1 2 4.231000 5.520468 23.001949
1 2 4.241000 5.520468 23.001949
1 2 4.251000 5.520468 23.001949
1 2 4.261000 5.520468 23.001949
1 2 4.271000 5.520468 23.001949
1 2 4.281000 5.520468 23.001949
1 2 4.291000 5.520468 23.001949
1 2 4.301000 5.520468 23.001949
1 2 4.311000 5.520468 23.001949
1 2 4.321000 5.520468 23.001949
1 2 4.331000 5.520468 23.001949
1 2 4.341000 5.520468 23.001949
1 2 4.351000 5.520468 23.001949
1 2 4.361000 5.520468 23.001949
1 2 4.371000 5.520468 23.001949
1 2 4.381000 5.520468 23.001949
1 2 4.391000 5.520468 23.001949
1 2 4.401000 5.520468 23.001949
1 2 4.411000 5.520468 23.001949
1 2 4.421000 5.520468 23.001949
1 2 4.431000 5.520468 23.001949
1 2 4.441000 5.520468 23.001949
1 2 4.451000 5.520468 23.001949
1 2 4.461000 5.520468 23.001949
1 2 4.471000 5.520468 23.001949
1 2 4.481000 5.520468 23.001949
1 2 4.491000 5.520468 23.001949
1 2 4.501000 5.520468 23.001949
1 2 4.511000 5.520468 23.001949
1 2 4.521000 5.520468 23.001949
1 2 4.531000 5.520468 23.001949
1 2 4.541000 5.520468 23.001949
1 2 4.551000 5.520468 23.001949
1 2 4.561000 5.520468 23.001949
1 2 4.571000 5.520468 23.001949
1 2 4.581000 5.520468 23.001949
1 2 4.591000 5.520468 23.001949
1 2 4.601000 5.520468 23.001949
1 2 4.611000 5.520468 23.001949
1 2 4.621000 5.520468 23.001949
1 2 4.631000 5.520468 23.001949
1 2 4.641000 5.520468 23.001949
1 2 4.651000 5.520468 23.001949
1 2 4.661000 5.520468 23.001949
1 2 4.671000 5.520468 23.001949
1 2 4.681000 5.520468 23.001949
1 2 4.691000 5.520468 23.001949
1 2 4.701000 5.520468 23.001949
1 2 4.711000 5.520468 23.001949
1 2 4.721000 5.520468 23.001949
1 2 4.731000 5.520468 23.001949
1 2 4.741000 5.520468 23.001949
1 2 4.751000 5.520468 23.001949
1 2 4.761000 5.520468 23.001949
1 2 4.771000 5.520468 23.001949
1 2 4.781000 5.520468 23.001949
1 2 4.791000 5.520468 23.001949
1 2 4.801000 5.520468 23.001949
1 2 4.811000 5.520468 23.001949
1 2 4.821000 5.520468 23.001949
1 2 4.831000 5.520468 23.001949
1 2 4.841000 5.520468 23.001949
1 2 4.851000 5.520468 23.001949
1 2 4.861000 5.520468 23.001949
1 2 4.871000 5.520468 23.001949
1 2 4.881000 5.520468 23.001949
1 2 4.891000 5.520468 23.001949
1 2 4.901000 5.520468 23.001949
1 2 4.911000 5.520468 23.001949
1 2 4.921000 5.520468 23.001949
1 2 4.931000 5.520468 23.001949
1 2 4.941000 5.520468 23.001949
1 2 4.951000 5.520468 23.001949
1 2 4.961000 5.520468 23.001949
1 2 4.971000 5.520468 23.001949
1 2 4.981000 5.520468 23.001949
1 2 4.991000 5.520468 23.001949
1 3 0.001000 32.541588 43.853321
1 3 0.011000 32.546734 43.860252
1 3 0.021000 32.549892 43.864510
1 3 0.031000 32.552650 43.868225
1 3 0.041000 32.555012 43.871407
1 3 0.051000 32.556976 43.874054
1 3 0.061000 32.558937 43.876701
1 3 0.071000 32.560898 43.879341
1 3 0.081000 32.562466 43.881454
1 3 0.091000 32.564030 43.883564
1 3 0.101000 32.565594 43.885670
1 3 0.111000 32.566765 43.887249
1 3 0.121000 32.568325 43.889351
1 3 0.131000 32.569496 43.890930
1 3 0.141000 32.570667 43.892506
1 3 0.151000 32.571835 43.894081
1 3 0.161000 32.573002 43.895653
1 3 0.171000 32.574169 43.897224
1 3 0.181000 32.575333 43.898796
1 3 0.191000 32.576500 43.900368
1 3 0.201000 32.577274 43.901413
1 3 0.211000 32.578438 43.902981
1 3 0.221000 32.579601 43.904549
1 3 0.231000 32.580376 43.905594
1 3 0.241000 32.581539 43.907158
1 3 0.251000 32.582699 43.908722
1 3 0.261000 32.583473 43.909763
1 3 0.271000 32.584633 43.911327
1 3 0.281000 32.585793 43.912888
1 3 0.291000 32.586563 43.913929
1 3 0.301000 32.587723 43.915489
1 3 0.311000 32.588493 43.916527
1 3 0.321000 32.589649 43.918087
1 3 0.331000 32.590805 43.919643
1 3 0.341000 32.591572 43.920681
1 3 0.351000 32.592728 43.922234
1 3 0.361000 32.593880 43.923790
1 3 0.371000 32.594650 43.924824
1 3 0.381000 32.595802 43.926376
1 3 0.391000 32.596951 43.927929
1 3 0.401000 32.597717 43.928963
1 3 0.411000 32.598869 43.930511
1 3 0.421000 32.600018 43.932060
1 3 0.431000 32.600784 43.933090
1 3 0.441000 32.601929 43.934639
1 3 0.451000 32.603077 43.936184
1 3 0.461000 32.604225 43.937729
1 3 0.471000 32.604988 43.938755
1 3 0.481000 32.606133 43.940300
1 3 0.491000 32.607277 43.941841
1 3 0.501000 32.608418 43.943382
1 3 0.511000 32.609562 43.944920
1 3 0.521000 32.610703 43.946461
1 3 0.531000 32.611465 43.947487
1 3 0.541000 32.612606 43.949020
1 3 0.551000 32.613743 43.950558
1 3 0.561000 32.614883 43.952091
1 3 0.571000 32.616020 43.953625
1 3 0.581000 32.617157 43.955158
1 3 0.591000 32.618294 43.956692
1 3 0.601000 32.619431 43.958221
1 3 0.611000 32.620567 43.959751
1 3 0.621000 32.621700 43.961277
1 3 0.631000 32.622833 43.962807
1 3 0.641000 32.623966 43.964333
1 3 0.651000 32.625099 43.965858
1 3 0.661000 32.626228 43.967381
1 3 0.671000 32.627357 43.968906
1 3 0.681000 32.628490 43.970428
1 3 0.691000 32.629993 43.972454
1 3 0.701000 32.631123 43.973976
1 3 0.711000 32.632248 43.975494
1 3 0.721000 32.633373 43.977013
1 3 0.731000 32.634499 43.978527
1 3 0.741000 32.635624 43.980045
1 3 0.751000 32.637123 43.982063
1 3 0.761000 32.638245 43.983578
1 3 0.771000 32.639370 43.985088
1 3 0.781000 32.640865 43.987103
1 3 0.791000 32.641983 43.988613
1 3 0.801000 32.643105 43.990124
1 3 0.811000 32.644596 43.992134
1 3 0.821000 32.645714 43.993641
1 3 0.831000 32.646832 43.995144
1 3 0.841000 32.648319 43.997150
1 3 0.851000 32.649433 43.998653
1 3 0.861000 32.650551 44.000156
1 3 0.871000 32.652035 44.002159
1 3 0.881000 32.653149 44.003658
1 3 0.891000 32.654629 44.005657
1 3 0.901000 32.655743 44.007153
1 3 0.911000 32.657223 44.009148
1 3 0.921000 32.658329 44.010643
1 3 0.931000 32.659809 44.012634
1 3 0.941000 32.661285 44.014626
1 3 0.951000 32.662392 44.016117
1 3 0.961000 32.663868 44.018105
1 3 0.971000 32.664970 44.019592
1 3 0.981000 32.666443 44.021576
1 3 0.991000 32.667915 44.023560
1 3 1.001000 32.669018 44.025043
1 3 1.011000 32.670486 44.027023
1 3 1.021000 32.671951 44.028999
1 3 1.031000 32.673420 44.030975
1 3 1.041000 32.674519 44.032455
1 3 1.051000 32.675980 44.034428
1 3 1.061000 32.677444 44.036400
1 3 1.071000 32.678905 44.038368
1 3 1.081000 32.680363 44.040337
1 3 1.091000 32.681824 44.042301
1 3 1.101000 32.682915 44.043774
1 3 1.111000 32.684372 44.045734
1 3 1.121000 32.685825 44.047695
1 3 1.131000 32.687279 44.049656
1 3 1.141000 32.688732 44.051613
1 3 1.151000 32.690182 44.053566
1 3 1.161000 32.691631 44.055523
1 3 1.171000 32.693081 44.057472
1 3 1.181000 32.694527 44.059422
1 3 1.191000 32.695976 44.061371
1 3 1.201000 32.697418 44.063320
1 3 1.211000 32.698864 44.065262
1 3 1.221000 32.700665 44.067692
1 3 1.231000 32.702106 44.069633
1 3 1.241000 32.703545 44.071571
1 3 1.251000 32.704983 44.073509
1 3 1.261000 32.706417 44.075447
1 3 1.271000 32.707855 44.077381
1 3 1.281000 32.709648 44.079796
1 3 1.291000 32.711079 44.081726
1 3 1.301000 32.712509 44.083656
1 3 1.311000 32.713940 44.085583
1 3 1.321000 32.715725 44.087990
1 3 1.331000 32.717152 44.089912
1 3 1.341000 32.718578 44.091835
1 3 1.351000 32.720360 44.094234
1 3 1.361000 32.721783 44.096149
1 3 1.371000 32.723560 44.098545
1 3 1.381000 32.724979 44.100460
1 3 1.391000 32.726753 44.102852
1 3 1.401000 32.728172 44.104759
1 3 1.411000 32.729942 44.107147
1 3 1.421000 32.731358 44.109051
1 3 1.431000 32.733124 44.111431
1 3 1.441000 32.734535 44.113335
1 3 1.451000 32.736298 44.115711
1 3 1.461000 32.737705 44.117611
1 3 1.471000 32.739468 44.119980
1 3 1.481000 32.741222 44.122349
1 3 1.491000 32.742630 44.124245
1 3 1.501000 32.744385 44.126606
1 3 1.511000 32.746136 44.128971
1 3 1.521000 32.747536 44.130856
1 3 1.531000 32.749287 44.133213
1 3 1.541000 32.751034 44.135567
1 3 1.551000 32.752777 44.137920
1 3 1.561000 32.754173 44.139801
1 3 1.571000 32.755913 44.142147
1 3 1.581000 32.757652 44.144489
1 3 1.591000 32.759392 44.146832
1 3 1.601000 32.761127 44.149174
1 3 1.611000 32.762863 44.151508
1 3 1.621000 32.764595 44.153843
1 3 1.631000 32.766323 44.156178
1 3 1.641000 32.767708 44.158039
1 3 1.651000 32.769436 44.160366
1 3 1.661000 32.771160 44.162693
1 3 1.671000 32.773228 44.165478
1 3 1.681000 32.774948 44.167797
1 3 1.691000 32.776669 44.170116
1 3 1.701000 32.778385 44.172428
1 3 1.711000 32.780102 44.174740
1 3 1.721000 32.781815 44.177052
1 3 1.731000 32.783527 44.179356
1 3 1.741000 32.785236 44.181660
1 3 1.751000 32.786945 44.183964
1 3 1.761000 32.788990 44.186722
1 3 1.771000 32.790695 44.189018
1 3 1.781000 32.792397 44.191315
1 3 1.791000 32.794098 44.193604
1 3 1.801000 32.796135 44.196350
1 3 1.811000 32.797832 44.198639
1 3 1.821000 32.799526 44.200920
1 3 1.831000 32.801559 44.203659
1 3 1.841000 32.803249 44.205936
1 3 1.851000 32.804939 44.208214
1 3 1.861000 32.806961 44.210941
1 3 1.871000 32.808647 44.213211
1 3 1.881000 32.810665 44.215931
1 3 1.891000 32.812347 44.218197
1 3 1.901000 32.814362 44.220913
1 3 1.911000 32.816040 44.223171
1 3 1.921000 32.818050 44.225880
1 3 1.931000 32.819721 44.228134
1 3 1.941000 32.821728 44.230839
1 3 1.951000 32.823395 44.233086
1 3 1.961000 32.825397 44.235783
1 3 1.971000 32.827396 44.238476
1 3 1.981000 32.829060 44.240719
1 3 1.991000 32.831051 44.243404
1 3 2.001000 32.833042 44.246086
1 3 2.011000 32.834702 44.248318
1 3 2.021000 32.836685 44.250996
1 3 2.031000 32.838669 44.253670
1 3 2.041000 32.840652 44.256340
1 3 2.051000 32.842300 44.258560
1 3 2.061000 32.844276 44.261227
1 3 2.071000 32.846249 44.263885
1 3 2.081000 32.848221 44.266541
1 3 2.091000 32.850189 44.269196
1 3 2.101000 32.852158 44.271847
1 3 2.111000 32.853794 44.274052
1 3 2.121000 32.855755 44.276695
1 3 2.131000 32.857716 44.279335
1 3 2.141000 32.859673 44.281975
1 3 2.151000 32.861629 44.284607
1 3 2.161000 32.863579 44.287239
1 3 2.171000 32.865528 44.289867
1 3 2.181000 32.867477 44.292488
1 3 2.191000 32.869747 44.295547
1 3 2.201000 32.871689 44.298164
1 3 2.211000 32.873627 44.300777
1 3 2.221000 32.875565 44.303387
1 3 2.231000 32.877499 44.305996
1 3 2.241000 32.879433 44.308598
1 3 2.251000 32.881683 44.311634
1 3 2.261000 32.883610 44.314228
1 3 2.271000 32.885532 44.316822
1 3 2.281000 32.887455 44.319412
1 3 2.291000 32.889694 44.322430
1 3 2.301000 32.891613 44.325016
1 3 2.311000 32.893528 44.327595
1 3 2.321000 32.895756 44.330601
1 3 2.331000 32.897667 44.333176
1 3 2.341000 32.899574 44.335743
1 3 2.351000 32.901794 44.338737
1 3 2.361000 32.903698 44.341301
1 3 2.371000 32.905914 44.344288
1 3 2.381000 32.907810 44.346844
1 3 2.391000 32.910019 44.349823
1 3 2.401000 32.911911 44.352371
1 3 2.411000 32.914116 44.355339
1 3 2.421000 32.916000 44.357883
1 3 2.431000 32.918201 44.360844
1 3 2.441000 32.920395 44.363804
1 3 2.451000 32.922276 44.366333
1 3 2.461000 32.924461 44.369286
1 3 2.471000 32.926647 44.372231
1 3 2.481000 32.928520 44.374752
1 3 2.491000 32.930698 44.377689
1 3 2.501000 32.932877 44.380623
1 3 2.511000 32.934742 44.383133
1 3 2.521000 32.936913 44.386059
1 3 2.531000 32.939079 44.388981
1 3 2.541000 32.941242 44.391899
1 3 2.551000 32.943405 44.394814
1 3 2.561000 32.945255 44.397305
1 3 2.571000 32.947411 44.400211
1 3 2.581000 32.949566 44.403114
1 3 2.591000 32.951714 44.406010
1 3 2.601000 32.953861 44.408905
1 3 2.611000 32.956005 44.411793
1 3 2.621000 32.958145 44.414677
1 3 2.631000 32.960285 44.417557
1 3 2.641000 32.962418 44.420433
1 3 2.651000 32.964550 44.423306
1 3 2.661000 32.966679 44.426174
1 3 2.671000 32.968803 44.429039
1 3 2.681000 32.970928 44.431900
1 3 2.691000 32.973045 44.434757
1 3 2.701000 32.975163 44.437607
1 3 2.711000 32.977276 44.440456
1 3 2.721000 32.979385 44.443302
1 3 2.731000 32.981796 44.446545
1 3 2.741000 32.983898 44.449383
1 3 2.751000 32.986000 44.452213
1 3 2.761000 32.988098 44.455040
1 3 2.771000 32.990192 44.457863
1 3 2.781000 32.992584 44.461086
1 3 2.791000 32.994675 44.463902
1 3 2.801000 32.996758 44.466713
1 3 2.811000 32.999138 44.469921
1 3 2.821000 33.001221 44.472721
1 3 2.831000 33.003296 44.475521
1 3 2.841000 33.005665 44.478714
1 3 2.851000 33.007736 44.481506
1 3 2.861000 33.010098 44.484688
1 3 2.871000 33.012165 44.487473
1 3 2.881000 33.014225 44.490250
1 3 2.891000 33.016579 44.493420
1 3 2.901000 33.018631 44.496189
1 3 2.911000 33.020977 44.499348
1 3 2.921000 33.023026 44.502110
1 3 2.931000 33.025364 44.505260
1 3 2.941000 33.027699 44.508408
1 3 2.951000 33.029739 44.511158
1 3 2.961000 33.032066 44.514294
1 3 2.971000 33.034100 44.517033
1 3 2.981000 33.036423 44.520161
1 3 2.991000 33.038738 44.523285
1 3 3.001000 33.040764 44.526012
1 3 3.011000 33.043072 44.529125
1 3 3.021000 33.045380 44.532234
1 3 3.031000 33.047684 44.535336
1 3 3.041000 33.049694 44.538048
1 3 3.051000 33.051991 44.541142
1 3 3.061000 33.054283 44.544231
1 3 3.071000 33.056572 44.547318
1 3 3.081000 33.058857 44.550396
1 3 3.091000 33.060856 44.553089
1 3 3.101000 33.063133 44.556156
1 3 3.111000 33.065407 44.559223
1 3 3.121000 33.067680 44.562286
1 3 3.131000 33.069946 44.565342
1 3 3.141000 33.072212 44.568394
1 3 3.151000 33.074471 44.571438
1 3 3.161000 33.076729 44.574482
1 3 3.171000 33.078983 44.577518
1 3 3.181000 33.081234 44.580551
1 3 3.191000 33.083481 44.583576
1 3 3.201000 33.085724 44.586601
1 3 3.211000 33.086002 44.586979
1 3 3.221000 33.086002 44.586979
1 3 3.231000 33.086002 44.586979
1 3 3.241000 33.086002 44.586979
1 3 3.251000 33.086002 44.586979
1 3 3.261000 33.086002 44.586979
1 3 3.271000 33.086002 44.586979
1 3 3.281000 33.086002 44.586979
1 3 3.291000 33.086002 44.586979
1 3 3.301000 33.086002 44.586979
1 3 3.311000 33.086002 44.586979
1 3 3.321000 33.086002 44.586979
1 3 3.331000 33.086002 44.586979
1 3 3.341000 33.086002 44.586979
1 3 3.351000 33.086002 44.586979
1 3 3.361000 33.086002 44.586979
1 3 3.371000 33.086002 44.586979
1 3 3.381000 33.086002 44.586979
1 3 3.391000 33.086002 44.586979
1 3 3.401000 33.086002 44.586979
1 3 3.411000 33.086002 44.586979
1 3 3.421000 33.086002 44.586979
1 3 3.431000 33.086002 44.586979
1 3 3.441000 33.086002 44.586979
1 3 3.451000 33.086002 44.586979
1 3 3.461000 33.086002 44.586979
1 3 3.471000 33.086002 44.586979
1 3 3.481000 33.086002 44.586979
1 3 3.491000 33.086002 44.586979
1 3 3.501000 33.086002 44.586979
1 3 3.511000 33.086002 44.586979
1 3 3.521000 33.086002 44.586979
1 3 3.531000 33.086002 44.586979
1 3 3.541000 33.086002 44.586979
1 3 3.551000 33.086002 44.586979
1 3 3.561000 33.086002 44.586979
1 3 3.571000 33.086002 44.586979
1 3 3.581000 33.086002 44.586979
1 3 3.591000 33.086002 44.586979
1 3 3.601000 33.086002 44.586979
1 3 3.611000 33.086002 44.586979
1 3 3.621000 33.086002 44.586979
1 3 3.631000 33.086002 44.586979
1 3 3.641000 33.086002 44.586979
1 3 3.651000 33.086002 44.586979
1 3 3.661000 33.086002 44.586979
1 3 3.671000 33.086002 44.586979
1 3 3.681000 33.086002 44.586979
1 3 3.691000 33.086002 44.586979
1 3 3.701000 33.086002 44.586979
1 3 3.711000 33.086002 44.586979
1 3 3.721000 33.086002 44.586979
1 3 3.731000 33.086002 44.586979
1 3 3.741000 33.086002 44.586979
1 3 3.751000 33.086002 44.586979
1 3 3.761000 33.086002 44.586979
1 3 3.771000 33.086002 44.586979
1 3 3.781000 33.086002 44.586979
1 3 3.791000 33.086002 44.586979
1 3 3.801000 33.086002 44.586979
1 3 3.811000 33.086002 44.586979
1 3 3.821000 33.086002 44.586979
1 3 3.831000 33.086002 44.586979
1 3 3.841000 33.086002 44.586979
1 3 3.851000 33.086002 44.586979
1 3 3.861000 33.086002 44.586979
1 3 3.871000 33.086002 44.586979
1 3 3.881000 33.086002 44.586979
1 3 3.891000 33.086002 44.586979
1 3 3.901000 33.086002 44.586979
1 3 3.911000 33.086002 44.586979
1 3 3.921000 33.086002 44.586979
1 3 3.931000 33.086002 44.586979
1 3 3.941000 33.086002 44.586979
1 3 3.951000 33.086002 44.586979
1 3 3.961000 33.086002 44.586979
1 3 3.971000 33.086002 44.586979
1 3 3.981000 33.086002 44.586979
1 3 3.991000 33.086002 44.586979
1 3 4.001000 33.086002 44.586979
1 3 4.011000 33.086002 44.586979
1 3 4.021000 33.086002 44.586979
1 3 4.031000 33.086002 44.586979
1 3 4.041000 33.086002 44.586979
1 3 4.051000 33.086002 44.586979
1 3 4.061000 33.086002 44.586979
1 3 4.071000 33.086002 44.586979
1 3 4.081000 33.086002 44.586979
1 3 4.091000 33.086002 44.586979
1 3 4.101000 33.086002 44.586979
1 3 4.111000 33.086002 44.586979
1 3 4.121000 33.086002 44.586979
1 3 4.131000 33.086002 44.586979
1 3 4.141000 33.086002 44.586979
1 3 4.151000 33.086002 44.586979
1 3 4.161000 33.086002 44.586979
1 3 4.171000 33.086002 44.586979
1 3 4.181000 33.086002 44.586979
1 3 4.191000 33.086002 44.586979
1 3 4.201000 33.086002 44.586979
1 3 4.211000 33.086002 44.586979
1 3 4.221000 33.086002 44.586979
1 3 4.231000 33.086002 44.586979
1 3 4.241000 33.086002 44.586979
1 3 4.251000 33.086002 44.586979
1 3 4.261000 33.086002 44.586979
1 3 4.271000 33.086002 44.586979
1 3 4.281000 33.086002 44.586979
1 3 4.291000 33.086002 44.586979
1 3 4.301000 33.086002 44.586979
1 3 4.311000 33.086002 44.586979
1 3 4.321000 33.086002 44.586979
1 3 4.331000 33.086002 44.586979
1 3 4.341000 33.086002 44.586979
1 3 4.351000 33.086002 44.586979
1 3 4.361000 33.086002 44.586979
1 3 4.371000 33.086002 44.586979
1 3 4.381000 33.086002 44.586979
1 3 4.391000 33.086002 44.586979
1 3 4.401000 33.086002 44.586979
1 3 4.411000 33.086002 44.586979
1 3 4.421000 33.086002 44.586979
1 3 4.431000 33.086002 44.586979
1 3 4.441000 33.086002 44.586979
1 3 4.451000 33.086002 44.586979
1 3 4.461000 33.086002 44.586979
1 3 4.471000 33.086002 44.586979
1 3 4.481000 33.086002 44.586979
1 3 4.491000 33.086002 44.586979
1 3 4.501000 33.086002 44.586979
1 3 4.511000 33.086002 44.586979
1 3 4.521000 33.086002 44.586979
1 3 4.531000 33.086002 44.586979
1 3 4.541000 33.086002 44.586979
1 3 4.551000 33.086002 44.586979
1 3 4.561000 33.086002 44.586979
1 3 4.571000 33.086002 44.586979
1 3 4.581000 33.086002 44.586979
1 3 4.591000 33.086002 44.586979
1 3 4.601000 33.086002 44.586979
1 3 4.611000 33.086002 44.586979
1 3 4.621000 33.086002 44.586979
1 3 4.631000 33.086002 44.586979
1 3 4.641000 33.086002 44.586979
1 3 4.651000 33.086002 44.586979
1 3 4.661000 33.086002 44.586979
1 3 4.671000 33.086002 44.586979
1 3 4.681000 33.086002 44.586979
1 3 4.691000 33.086002 44.586979
1 3 4.701000 33.086002 44.586979
1 3 4.711000 33.086002 44.586979
1 3 4.721000 33.086002 44.586979
1 3 4.731000 33.086002 44.586979
1 3 4.741000 33.086002 44.586979
1 3 4.751000 33.086002 44.586979
1 3 4.761000 33.086002 44.586979
1 3 4.771000 33.086002 44.586979
1 3 4.781000 33.086002 44.586979
1 3 4.791000 33.086002 44.586979
1 3 4.801000 33.086002 44.586979
1 3 4.811000 33.086002 44.586979
1 3 4.821000 33.086002 44.586979
1 3 4.831000 33.086002 44.586979
1 3 4.841000 33.086002 44.586979
1 3 4.851000 33.086002 44.586979
1 3 4.861000 33.086002 44.586979
1 3 4.871000 33.086002 44.586979
1 3 4.881000 33.086002 44.586979
1 3 4.891000 33.086002 44.586979
1 3 4.901000 33.086002 44.586979
1 3 4.911000 33.086002 44.586979
1 3 4.921000 33.086002 44.586979
1 3 4.931000 33.086002 44.586979
1 3 4.941000 33.086002 44.586979
1 3 4.951000 33.086002 44.586979
1 3 4.961000 33.086002 44.586979
1 3 4.971000 33.086002 44.586979
1 3 4.981000 33.086002 44.586979
1 3 4.991000 33.086002 44.586979
