1 0.001000 0.005409 0.021626
1 0.101000 0.005333 0.021322
1 0.201000 0.005294 0.021166
1 0.301000 0.005262 0.021035
1 0.401000 0.005229 0.020906
1 0.501000 0.005196 0.020773
1 0.601000 0.005161 0.020632
1 0.701000 0.005124 0.020487
1 0.801000 0.005085 0.020331
1 0.901000 0.005046 0.020176
1 1.001000 0.005005 0.020010
1 1.101000 0.004961 0.019836
1 1.201000 0.004917 0.019657
1 1.301000 0.004870 0.019471
1 1.401000 0.004823 0.019283
1 1.501000 0.004774 0.019086
1 1.601000 0.004723 0.018884
1 1.701000 0.004671 0.018676
1 1.801000 0.004618 0.018465
1 1.901000 0.004564 0.018249
1 2.001000 0.004508 0.018025
1 2.101000 0.004452 0.017801
1 2.201000 0.004396 0.017575
1 2.301000 0.004337 0.017342
1 2.401000 0.004278 0.017106
1 2.501000 0.004220 0.016872
1 2.601000 0.004160 0.016632
1 2.701000 0.004099 0.016390
1 2.801000 0.004039 0.016148
1 2.901000 0.003978 0.015908
1 3.001000 0.003917 0.015663
1 3.101000 0.003856 0.015418
1 3.201000 0.003795 0.015176
1 3.301000 0.003795 0.015173
1 3.401000 0.003795 0.015173
1 3.501000 0.003795 0.015173
1 3.601000 0.003795 0.015173
1 3.701000 0.003795 0.015173
1 3.801000 0.003795 0.015173
1 3.901000 0.003795 0.015173
1 4.001000 0.003795 0.015173
1 4.101000 0.003795 0.015173
1 4.201000 0.003795 0.015173
1 4.301000 0.003795 0.015173
1 4.401000 0.003795 0.015173
1 4.501000 0.003795 0.015173
1 4.601000 0.003795 0.015173
1 4.701000 0.003795 0.015173
1 4.801000 0.003795 0.015173
1 4.901000 0.003795 0.015173
2 0.001000 0.008096 0.032339
2 0.101000 0.007982 0.031888
2 0.201000 0.007924 0.031654
2 0.301000 0.007875 0.031459
2 0.401000 0.007827 0.031266
2 0.501000 0.007777 0.031068
2 0.601000 0.007724 0.030857
2 0.701000 0.007670 0.030642
2 0.801000 0.007612 0.030409
2 0.901000 0.007554 0.030178
2 1.001000 0.007492 0.029930
2 1.101000 0.007427 0.029671
2 1.201000 0.007360 0.029403
2 1.301000 0.007290 0.029126
2 1.401000 0.007220 0.028846
2 1.501000 0.007146 0.028552
2 1.601000 0.007071 0.028250
2 1.701000 0.006993 0.027941
2 1.801000 0.006914 0.027625
2 1.901000 0.006833 0.027302
2 2.001000 0.006750 0.026968
2 2.101000 0.006666 0.026635
2 2.201000 0.006581 0.026297
2 2.301000 0.006494 0.025949
2 2.401000 0.006406 0.025597
2 2.501000 0.006318 0.025247
2 2.601000 0.006229 0.024889
2 2.701000 0.006138 0.024529
2 2.801000 0.006048 0.024167
2 2.901000 0.005958 0.023808
2 3.001000 0.005866 0.023443
2 3.101000 0.005775 0.023077
2 3.201000 0.005684 0.022716
2 3.301000 0.005683 0.022711
2 3.401000 0.005683 0.022711
2 3.501000 0.005683 0.022711
2 3.601000 0.005683 0.022711
2 3.701000 0.005683 0.022711
2 3.801000 0.005683 0.022711
2 3.901000 0.005683 0.022711
2 4.001000 0.005683 0.022711
2 4.101000 0.005683 0.022711
2 4.201000 0.005683 0.022711
2 4.301000 0.005683 0.022711
2 4.401000 0.005683 0.022711
2 4.501000 0.005683 0.022711
2 4.601000 0.005683 0.022711
2 4.701000 0.005683 0.022711
2 4.801000 0.005683 0.022711
2 4.901000 0.005683 0.022711
3 0.001000 0.006934 0.027588
3 0.101000 0.006838 0.027208
3 0.201000 0.006788 0.027012
3 0.301000 0.006747 0.026848
3 0.401000 0.006706 0.026686
3 0.501000 0.006664 0.026519
3 0.601000 0.006619 0.026342
3 0.701000 0.006573 0.026161
3 0.801000 0.006524 0.025965
3 0.901000 0.006475 0.025771
3 1.001000 0.006422 0.025562
3 1.101000 0.006367 0.025344
3 1.201000 0.006310 0.025119
3 1.301000 0.006251 0.024885
3 1.401000 0.006192 0.024650
3 1.501000 0.006129 0.024402
3 1.601000 0.006065 0.024147
3 1.701000 0.005999 0.023887
3 1.801000 0.005932 0.023620
3 1.901000 0.005863 0.023348
3 2.001000 0.005792 0.023066
3 2.101000 0.005721 0.022785
3 2.201000 0.005649 0.022499
3 2.301000 0.005575 0.022205
3 2.401000 0.005500 0.021908
3 2.501000 0.005425 0.021612
3 2.601000 0.005349 0.021309
3 2.701000 0.005272 0.021005
3 2.801000 0.005195 0.020698
3 2.901000 0.005118 0.020394
3 3.001000 0.005041 0.020085
3 3.101000 0.004963 0.019776
3 3.201000 0.004885 0.019469
3 3.301000 0.004884 0.019465
3 3.401000 0.004884 0.019465
3 3.501000 0.004884 0.019465
3 3.601000 0.004884 0.019465
3 3.701000 0.004884 0.019465
3 3.801000 0.004884 0.019465
3 3.901000 0.004884 0.019465
3 4.001000 0.004884 0.019465
3 4.101000 0.004884 0.019465
3 4.201000 0.004884 0.019465
3 4.301000 0.004884 0.019465
3 4.401000 0.004884 0.019465
3 4.501000 0.004884 0.019465
3 4.601000 0.004884 0.019465
3 4.701000 0.004884 0.019465
3 4.801000 0.004884 0.019465
3 4.901000 0.004884 0.019465
4 0.001000 0.006867 0.027234
4 0.101000 0.006773 0.026865
4 0.201000 0.006724 0.026673
4 0.301000 0.006684 0.026514
4 0.401000 0.006643 0.026356
4 0.501000 0.006602 0.026193
4 0.601000 0.006558 0.026020
4 0.701000 0.006513 0.025844
4 0.801000 0.006465 0.025652
4 0.901000 0.006417 0.025463
4 1.001000 0.006365 0.025259
4 1.101000 0.006311 0.025046
4 1.201000 0.006255 0.024826
4 1.301000 0.006197 0.024598
4 1.401000 0.006138 0.024368
4 1.501000 0.006077 0.024126
4 1.601000 0.006014 0.023877
4 1.701000 0.005949 0.023622
4 1.801000 0.005883 0.023361
4 1.901000 0.005815 0.023095
4 2.001000 0.005746 0.022819
4 2.101000 0.005676 0.022544
4 2.201000 0.005605 0.022264
4 2.301000 0.005532 0.021976
4 2.401000 0.005458 0.021685
4 2.501000 0.005385 0.021395
4 2.601000 0.005309 0.021099
4 2.701000 0.005234 0.020800
4 2.801000 0.005158 0.020499
4 2.901000 0.005082 0.020201
4 3.001000 0.005005 0.019898
4 3.101000 0.004928 0.019594
4 3.201000 0.004852 0.019293
4 3.301000 0.004851 0.019290
4 3.401000 0.004851 0.019290
4 3.501000 0.004851 0.019290
4 3.601000 0.004851 0.019290
4 3.701000 0.004851 0.019290
4 3.801000 0.004851 0.019290
4 3.901000 0.004851 0.019290
4 4.001000 0.004851 0.019290
4 4.101000 0.004851 0.019290
4 4.201000 0.004851 0.019290
4 4.301000 0.004851 0.019290
4 4.401000 0.004851 0.019290
4 4.501000 0.004851 0.019290
4 4.601000 0.004851 0.019290
4 4.701000 0.004851 0.019290
4 4.801000 0.004851 0.019290
4 4.901000 0.004851 0.019290
5 0.001000 0.006784 0.026799
5 0.101000 0.006693 0.026441
5 0.201000 0.006645 0.026256
5 0.301000 0.006606 0.026102
5 0.401000 0.006566 0.025948
5 0.501000 0.006526 0.025791
5 0.601000 0.006483 0.025623
5 0.701000 0.006439 0.025452
5 0.801000 0.006392 0.025266
5 0.901000 0.006345 0.025082
5 1.001000 0.006294 0.024885
5 1.101000 0.006241 0.024679
5 1.201000 0.006186 0.024465
5 1.301000 0.006130 0.024243
5 1.401000 0.006073 0.024020
5 1.501000 0.006012 0.023784
5 1.601000 0.005951 0.023543
5 1.701000 0.005887 0.023295
5 1.801000 0.005822 0.023041
5 1.901000 0.005756 0.022782
5 2.001000 0.005688 0.022514
5 2.101000 0.005619 0.022246
5 2.201000 0.005550 0.021974
5 2.301000 0.005478 0.021693
5 2.401000 0.005406 0.021410
5 2.501000 0.005334 0.021127
5 2.601000 0.005260 0.020838
5 2.701000 0.005186 0.020547
5 2.801000 0.005111 0.020253
5 2.901000 0.005037 0.019962
5 3.001000 0.004962 0.019666
5 3.101000 0.004886 0.019369
5 3.201000 0.004811 0.019075
5 3.301000 0.004810 0.019072
5 3.401000 0.004810 0.019072
5 3.501000 0.004810 0.019072
5 3.601000 0.004810 0.019072
5 3.701000 0.004810 0.019072
5 3.801000 0.004810 0.019072
5 3.901000 0.004810 0.019072
5 4.001000 0.004810 0.019072
5 4.101000 0.004810 0.019072
5 4.201000 0.004810 0.019072
5 4.301000 0.004810 0.019072
5 4.401000 0.004810 0.019072
5 4.501000 0.004810 0.019072
5 4.601000 0.004810 0.019072
5 4.701000 0.004810 0.019072
5 4.801000 0.004810 0.019072
5 4.901000 0.004810 0.019072
6 0.001000 0.006687 0.026288
6 0.101000 0.006598 0.025944
6 0.201000 0.006552 0.025766
6 0.301000 0.006513 0.025617
6 0.401000 0.006475 0.025469
6 0.501000 0.006436 0.025318
6 0.601000 0.006394 0.025157
6 0.701000 0.006352 0.024992
6 0.801000 0.006305 0.024812
6 0.901000 0.006260 0.024635
6 1.001000 0.006210 0.024445
6 1.101000 0.006159 0.024246
6 1.201000 0.006106 0.024039
6 1.301000 0.006050 0.023826
6 1.401000 0.005995 0.023610
6 1.501000 0.005936 0.023382
6 1.601000 0.005876 0.023149
6 1.701000 0.005814 0.022909
6 1.801000 0.005751 0.022664
6 1.901000 0.005686 0.022414
6 2.001000 0.005619 0.022154
6 2.101000 0.005553 0.021895
6 2.201000 0.005485 0.021631
6 2.301000 0.005415 0.021359
6 2.401000 0.005344 0.021084
6 2.501000 0.005274 0.020810
6 2.601000 0.005202 0.020530
6 2.701000 0.005129 0.020247
6 2.801000 0.005056 0.019962
6 2.901000 0.004983 0.019680
6 3.001000 0.004910 0.019392
6 3.101000 0.004836 0.019103
6 3.201000 0.004762 0.018817
6 3.301000 0.004761 0.018814
6 3.401000 0.004761 0.018814
6 3.501000 0.004761 0.018814
6 3.601000 0.004761 0.018814
6 3.701000 0.004761 0.018814
6 3.801000 0.004761 0.018814
6 3.901000 0.004761 0.018814
6 4.001000 0.004761 0.018814
6 4.101000 0.004761 0.018814
6 4.201000 0.004761 0.018814
6 4.301000 0.004761 0.018814
6 4.401000 0.004761 0.018814
6 4.501000 0.004761 0.018814
6 4.601000 0.004761 0.018814
6 4.701000 0.004761 0.018814
6 4.801000 0.004761 0.018814
6 4.901000 0.004761 0.018814
