   3.1106e-01   2.2551e+00   8.9101e+01   1.9540e+00   1.7394e+04   1.9542e+00   5.4776e-02   1.7395e+04   4.8760e+02
   3.3854e-01   2.2825e+00   8.9101e+01   1.6076e+00   1.0179e+04   1.6285e+00   4.7472e-02   1.0311e+04   3.0058e+02
   3.6645e-01   2.3105e+00   8.9101e+01   1.2775e+00   5.9757e+03   1.3225e+00   3.4741e-02   6.1863e+03   1.6251e+02
   3.7547e-01   2.3195e+00   8.9101e+01   1.1583e+00   4.9521e+03   1.2140e+00   3.8392e-02   5.1900e+03   1.6414e+02
   3.8491e-01   2.3289e+00   8.9101e+01   1.0124e+00   3.9542e+03   1.0264e+00   3.2866e-02   4.0090e+03   1.2836e+02
   3.9392e-01   2.3379e+00   8.9101e+01   8.3480e-01   3.0008e+03   8.3003e-01   2.5562e-02   2.9837e+03   9.1887e+01
   3.9864e-01   2.3426e+00   8.9101e+01   7.1814e-01   2.4748e+03   7.2640e-01   2.9214e-02   2.5033e+03   1.0068e+02
   4.0336e-01   2.3474e+00   8.9101e+01   5.7997e-01   1.9175e+03   5.6355e-01   2.3786e-02   1.8632e+03   7.8641e+01
   4.0808e-01   2.3521e+00   8.9101e+01   4.2261e-01   1.3417e+03   4.1156e-01   2.3786e-02   1.3066e+03   7.5513e+01
   4.1365e-01   2.3576e+00   8.9101e+01   2.4075e-01   7.2923e+02   2.5266e-01   1.8259e-02   7.6531e+02   5.5306e+01
   4.1751e-01   2.3615e+00   8.9101e+01   1.6569e-01   4.8608e+02   1.7963e-01   2.0134e-02   5.2696e+02   5.9066e+01
   4.2181e-01   2.3658e+00   8.9101e+01   1.9526e-01   5.5312e+02   2.3095e-01   1.6482e-02   6.5421e+02   4.6690e+01
   4.2655e-01   2.3706e+00   8.9101e+01   3.7873e-01   1.0329e+03   4.4314e-01   3.1089e-02   1.2086e+03   8.4788e+01
   4.3129e-01   2.3753e+00   8.9101e+01   6.2329e-01   1.6378e+03   6.3461e-01   3.1089e-02   1.6676e+03   8.1694e+01
   4.3603e-01   2.3800e+00   8.9101e+01   8.2551e-01   2.0913e+03   8.3003e-01   2.3786e-02   2.1027e+03   6.0257e+01
   4.4076e-01   2.3848e+00   8.9101e+01   9.5584e-01   2.3362e+03   9.7708e-01   3.2866e-02   2.3881e+03   8.0327e+01
   4.4550e-01   2.3895e+00   8.9101e+01   1.0291e+00   2.4281e+03   1.0264e+00   2.5562e-02   2.4219e+03   6.0314e+01
   4.5022e-01   2.3942e+00   8.9101e+01   1.0653e+00   2.4282e+03   1.0659e+00   3.2866e-02   2.4296e+03   7.4912e+01
   4.5924e-01   2.4032e+00   8.9101e+01   1.0804e+00   2.3091e+03   1.0955e+00   2.9214e-02   2.3414e+03   6.2438e+01
   4.7772e-01   2.4217e+00   8.9101e+01   1.0349e+00   1.9509e+03   1.0462e+00   3.1089e-02   1.9722e+03   5.8609e+01
   4.9619e-01   2.4402e+00   8.9101e+01   9.7030e-01   1.6262e+03   9.8202e-01   2.9214e-02   1.6458e+03   4.8961e+01
   5.1466e-01   2.4587e+00   8.9101e+01   9.0841e-01   1.3631e+03   9.2675e-01   2.7437e-02   1.3906e+03   4.1170e+01
   5.3356e-01   2.4776e+00   8.9101e+01   8.5122e-01   1.1482e+03   8.1720e-01   2.1910e-02   1.1023e+03   2.9555e+01
   5.6106e-01   2.5051e+00   8.9101e+01   7.7885e-01   9.0957e+02   7.5008e-01   2.1910e-02   8.7597e+02   2.5588e+01
   5.8855e-01   2.5325e+00   8.9101e+01   7.1729e-01   7.3353e+02   6.8198e-01   1.6383e-02   6.9743e+02   1.6754e+01
   6.4659e-01   2.5906e+00   8.9101e+01   6.1391e-01   4.8961e+02   5.8724e-01   1.9936e-02   4.6833e+02   1.5900e+01
   1.5068e+00   3.4508e+00   8.9101e+01   1.8838e-01   3.0058e+01   1.7666e-01   5.2407e-03   2.8189e+01   8.3623e-01
   1.5346e+00   3.4786e+00   8.9101e+01   2.2287e-01   3.4714e+01   1.9936e-01   5.2407e-03   3.1053e+01   8.1630e-01
   1.5441e+00   3.4881e+00   8.9101e+01   2.4013e-01   3.7103e+01   2.3687e-01   4.1945e-03   3.6599e+01   6.4810e-01
   1.5537e+00   3.4977e+00   8.9101e+01   2.3877e-01   3.6597e+01   2.2996e-01   4.2044e-03   3.5246e+01   6.4442e-01
   1.5624e+00   3.5064e+00   8.9101e+01   2.0685e-01   3.1478e+01   2.1516e-01   5.2407e-03   3.2741e+01   7.9750e-01
   1.5702e+00   3.5142e+00   8.9101e+01   1.5963e-01   2.4136e+01   1.6778e-01   5.2407e-03   2.5368e+01   7.9238e-01
   1.5809e+00   3.5249e+00   8.9101e+01   9.4508e-02   1.4166e+01   1.1153e-01   5.2407e-03   1.6716e+01   7.8552e-01
   1.5906e+00   3.5346e+00   8.9101e+01   6.8030e-02   1.0118e+01   7.9746e-02   3.1484e-03   1.1860e+01   4.6825e-01
   1.5992e+00   3.5432e+00   8.9101e+01   1.0044e-01   1.4837e+01   9.5537e-02   4.2044e-03   1.4112e+01   6.2107e-01
   1.6087e+00   3.5527e+00   8.9101e+01   1.7723e-01   2.5986e+01   1.5199e-01   6.2869e-03   2.2285e+01   9.2178e-01
   1.6171e+00   3.5611e+00   8.9101e+01   2.2930e-01   3.3401e+01   2.2206e-01   5.2407e-03   3.2347e+01   7.6339e-01
   1.6256e+00   3.5696e+00   8.9101e+01   2.5403e-01   3.6760e+01   2.3687e-01   5.2407e-03   3.4277e+01   7.5837e-01
   1.6362e+00   3.5802e+00   8.9101e+01   2.6118e-01   3.7494e+01   2.4674e-01   5.2407e-03   3.5420e+01   7.5233e-01
   1.6544e+00   3.5984e+00   8.9101e+01   2.5351e-01   3.5899e+01   2.4476e-01   6.2869e-03   3.4660e+01   8.9026e-01
   1.7467e+00   3.6907e+00   8.9101e+01   2.0901e-01   2.7739e+01   1.9838e-01   5.2407e-03   2.6328e+01   6.9552e-01
   1.8389e+00   3.7829e+00   8.9101e+01   1.8755e-01   2.3475e+01   1.7765e-01   6.2869e-03   2.2236e+01   7.8691e-01


   6.4601e-01   2.5900e+00   1.1890e+02   3.8720e-01   3.0950e+02   3.9952e-01   5.3520e-03   3.1934e+02   4.2780e+00
   6.9218e-01   2.6362e+00   1.1890e+02   3.5121e-01   2.3624e+02   3.6075e-01   8.5718e-03   2.4266e+02   5.7659e+00
   7.3736e-01   2.6814e+00   1.1890e+02   3.2332e-01   1.8703e+02   3.3598e-01   7.4950e-03   1.9436e+02   4.3356e+00
   7.8352e-01   2.7275e+00   1.1890e+02   3.0011e-01   1.5114e+02   2.9829e-01   6.4181e-03   1.5022e+02   3.2322e+00
   8.2771e-01   2.7717e+00   1.1890e+02   2.8159e-01   1.2576e+02   2.8214e-01   6.4181e-03   1.2601e+02   2.8664e+00
   8.7383e-01   2.8178e+00   1.1890e+02   2.6516e-01   1.0566e+02   2.6383e-01   6.4181e-03   1.0513e+02   2.5575e+00
   9.1801e-01   2.8620e+00   1.1890e+02   2.5160e-01   9.0734e+01   2.5629e-01   6.4181e-03   9.2425e+01   2.3145e+00
   9.6509e-01   2.9091e+00   1.1890e+02   2.3899e-01   7.8180e+01   2.4768e-01   6.4181e-03   8.1020e+01   2.0995e+00
   1.0563e+00   3.0003e+00   1.1890e+02   2.1858e-01   6.0508e+01   2.2399e-01   4.2751e-03   6.2005e+01   1.1835e+00
   1.1485e+00   3.0925e+00   1.1890e+02   2.0171e-01   4.8327e+01   2.0353e-01   6.4181e-03   4.8763e+01   1.5377e+00
   1.2417e+00   3.1857e+00   1.1890e+02   1.8697e-01   3.9482e+01   1.8630e-01   5.3520e-03   3.9339e+01   1.1302e+00
   1.3329e+00   3.2769e+00   1.1890e+02   1.7333e-01   3.2855e+01   1.7445e-01   4.4367e-03   3.3067e+01   8.4096e-01
   1.4251e+00   3.3691e+00   1.1890e+02   1.5700e-01   2.7031e+01   1.6153e-01   4.1459e-03   2.7812e+01   7.1383e-01
   1.4702e+00   3.4142e+00   1.1890e+02   1.4353e-01   2.3673e+01   1.4753e-01   3.8013e-03   2.4333e+01   6.2697e-01
   1.4885e+00   3.4325e+00   1.1890e+02   1.3424e-01   2.1774e+01   1.3892e-01   3.5536e-03   2.2532e+01   5.7641e-01
   1.5067e+00   3.4507e+00   1.1890e+02   1.1904e-01   1.8996e+01   1.2492e-01   3.1983e-03   1.9934e+01   5.1037e-01
   1.5241e+00   3.4681e+00   1.1890e+02   9.2677e-02   1.4567e+01   9.9287e-02   2.5414e-03   1.5605e+01   3.9945e-01
   1.5347e+00   3.4787e+00   1.1890e+02   6.7155e-02   1.0459e+01   7.4734e-02   1.9060e-03   1.1640e+01   2.9687e-01
   1.5434e+00   3.4874e+00   1.1890e+02   4.3021e-02   6.6513e+00   4.9105e-02   1.2599e-03   7.5920e+00   1.9479e-01
   1.5530e+00   3.4970e+00   1.1890e+02   2.4583e-02   3.7700e+00   2.5522e-02   6.5258e-04   3.9139e+00   1.0008e-01
   1.5578e+00   3.5018e+00   1.1890e+02   2.3759e-02   3.6290e+00   2.3368e-02   5.9873e-04   3.5693e+00   9.1453e-02
   1.5617e+00   3.5057e+00   1.1890e+02   2.7742e-02   4.2238e+00   2.6598e-02   6.8058e-04   4.0497e+00   1.0362e-01
   1.5712e+00   3.5152e+00   1.1890e+02   5.1125e-02   7.7235e+00   4.8136e-02   1.2276e-03   7.2719e+00   1.8546e-01
   1.5807e+00   3.5247e+00   1.1890e+02   8.8230e-02   1.3227e+01   8.5610e-02   2.1860e-03   1.2834e+01   3.2771e-01
   1.5893e+00   3.5333e+00   1.1890e+02   1.3566e-01   2.0197e+01   1.3353e-01   5.3520e-03   1.9880e+01   7.9681e-01
   1.5987e+00   3.5427e+00   1.1890e+02   1.9844e-01   2.9324e+01   1.9384e-01   4.2751e-03   2.8643e+01   6.3174e-01
   1.6073e+00   3.5513e+00   1.1890e+02   2.3801e-01   3.4935e+01   2.3799e-01   6.4181e-03   3.4931e+01   9.4203e-01
   1.6168e+00   3.5608e+00   1.1890e+02   2.4632e-01   3.5888e+01   2.5629e-01   5.3520e-03   3.7341e+01   7.7977e-01
   1.6265e+00   3.5705e+00   1.1890e+02   2.3581e-01   3.4102e+01   2.4014e-01   5.3520e-03   3.4728e+01   7.7398e-01
   1.6351e+00   3.5791e+00   1.1890e+02   2.2382e-01   3.2155e+01   2.2722e-01   5.3520e-03   3.2643e+01   7.6889e-01
   1.6534e+00   3.5974e+00   1.1890e+02   2.0399e-01   2.8908e+01   2.0891e-01   5.3520e-03   2.9605e+01   7.5844e-01
   1.7466e+00   3.6906e+00   1.1890e+02   1.6838e-01   2.2348e+01   1.7337e-01   5.3520e-03   2.3011e+01   7.1034e-01
   1.8388e+00   3.7828e+00   1.1890e+02   1.5641e-01   1.9579e+01   1.5938e-01   6.4181e-03   1.9951e+01   8.0343e-01


   2.7415e-01   2.2181e+00   1.4690e+02   7.1339e-01   1.0927e+04   7.5739e-01   1.0998e-02   1.1601e+04   1.6845e+02
   3.1063e-01   2.2546e+00   1.4690e+02   5.2801e-01   4.7274e+03   5.3374e-01   9.1878e-03   4.7787e+03   8.2259e+01
   3.3853e-01   2.2825e+00   1.4690e+02   4.0529e-01   2.5664e+03   4.1501e-01   1.1643e-02   2.6280e+03   7.3729e+01
   3.6600e-01   2.3100e+00   1.4690e+02   2.7757e-01   1.3044e+03   2.7206e-01   7.6084e-03   1.2785e+03   3.5754e+01
   3.7545e-01   2.3194e+00   1.4690e+02   2.2663e-01   9.6915e+02   2.1557e-01   6.0061e-03   9.2188e+02   2.5684e+01
   3.8446e-01   2.3285e+00   1.4690e+02   1.7306e-01   6.7879e+02   1.6254e-01   4.5651e-03   6.3756e+02   1.7906e+01
   3.9347e-01   2.3375e+00   1.4690e+02   1.1748e-01   4.2402e+02   1.1401e-01   3.1817e-03   4.1151e+02   1.1484e+01
   3.9820e-01   2.3422e+00   1.4690e+02   9.2465e-02   3.1990e+02   9.3261e-02   2.6053e-03   3.2266e+02   9.0137e+00
   4.0292e-01   2.3469e+00   1.4690e+02   7.8717e-02   2.6126e+02   8.5998e-02   2.4093e-03   2.8543e+02   7.9966e+00
   4.0765e-01   2.3517e+00   1.4690e+02   9.1620e-02   2.9193e+02   1.1874e-01   3.3316e-03   3.7833e+02   1.0615e+01
   4.1325e-01   2.3573e+00   1.4690e+02   1.7944e-01   5.4534e+02   2.1557e-01   1.2911e-02   6.5514e+02   3.9238e+01
   4.1714e-01   2.3611e+00   1.4690e+02   3.1280e-01   9.2045e+02   3.7351e-01   2.0174e-02   1.0991e+03   5.9363e+01
   4.2191e-01   2.3659e+00   1.4690e+02   5.4925e-01   1.5546e+03   6.0637e-01   2.0174e-02   1.7163e+03   5.7101e+01
   4.2668e-01   2.3707e+00   1.4690e+02   7.8048e-01   2.1264e+03   8.1503e-01   1.6485e-02   2.2205e+03   4.4913e+01
   4.3099e-01   2.3750e+00   1.4690e+02   9.0533e-01   2.3845e+03   9.0033e-01   1.0998e-02   2.3713e+03   2.8966e+01
   4.3573e-01   2.3797e+00   1.4690e+02   9.4347e-01   2.3957e+03   9.2915e-01   9.1762e-03   2.3594e+03   2.3301e+01
   4.4002e-01   2.3840e+00   1.4690e+02   9.2384e-01   2.2705e+03   9.2339e-01   1.2911e-02   2.2694e+03   3.1732e+01
   4.4516e-01   2.3892e+00   1.4690e+02   8.7358e-01   2.0663e+03   8.5883e-01   1.2911e-02   2.0314e+03   3.0539e+01
   4.4989e-01   2.3939e+00   1.4690e+02   8.2193e-01   1.8780e+03   8.2425e-01   9.1878e-03   1.8833e+03   2.0993e+01
   4.5889e-01   2.4029e+00   1.4690e+02   7.3319e-01   1.5709e+03   7.2972e-01   1.0998e-02   1.5634e+03   2.3563e+01
   4.6790e-01   2.4119e+00   1.4690e+02   6.6315e-01   1.3350e+03   6.6055e-01   9.1762e-03   1.3297e+03   1.8473e+01
   4.7734e-01   2.4213e+00   1.4690e+02   6.0644e-01   1.1461e+03   6.1559e-01   7.3548e-03   1.1634e+03   1.3900e+01
   4.9580e-01   2.4398e+00   1.4690e+02   5.2756e-01   8.8629e+02   5.2798e-01   9.1762e-03   8.8699e+02   1.5416e+01
   5.1427e-01   2.4583e+00   1.4690e+02   4.7369e-01   7.1238e+02   4.7495e-01   7.3548e-03   7.1428e+02   1.1061e+01
   5.3231e-01   2.4763e+00   1.4690e+02   4.3482e-01   5.9058e+02   4.4152e-01   7.3548e-03   5.9967e+02   9.9893e+00
   5.5980e-01   2.5038e+00   1.4690e+02   3.9096e-01   4.5947e+02   3.9656e-01   9.1762e-03   4.6605e+02   1.0784e+01
   5.8772e-01   2.5317e+00   1.4690e+02   3.5798e-01   3.6750e+02   3.5506e-01   7.3548e-03   3.6450e+02   7.5505e+00
   6.4575e-01   2.5897e+00   1.4690e+02   3.1010e-01   2.4813e+02   3.1702e-01   6.4441e-03   2.5367e+02   5.1564e+00
   6.8995e-01   2.6339e+00   1.4690e+02   2.8455e-01   1.9292e+02   2.8013e-01   6.4441e-03   1.8992e+02   4.3690e+00
   7.3508e-01   2.6791e+00   1.4690e+02   2.6433e-01   1.5402e+02   2.6860e-01   6.4441e-03   1.5651e+02   3.7548e+00
   7.8119e-01   2.7252e+00   1.4690e+02   2.4790e-01   1.2568e+02   2.4439e-01   6.4441e-03   1.2390e+02   3.2670e+00
   8.2631e-01   2.7703e+00   1.4690e+02   2.3479e-01   1.0524e+02   2.3632e-01   6.4441e-03   1.0593e+02   2.8885e+00
   8.7240e-01   2.8164e+00   1.4690e+02   2.2367e-01   8.9428e+01   2.2364e-01   5.3720e-03   8.9418e+01   2.1479e+00
   9.1849e-01   2.8625e+00   1.4690e+02   2.1432e-01   7.7208e+01   2.1557e-01   5.3720e-03   7.7660e+01   1.9353e+00
   9.6269e-01   2.9067e+00   1.4690e+02   2.0668e-01   6.7931e+01   2.1096e-01   5.9138e-03   6.9339e+01   1.9438e+00
   1.0549e+00   2.9989e+00   1.4690e+02   1.9397e-01   5.3830e+01   1.9252e-01   5.3720e-03   5.3426e+01   1.4908e+00
   1.1460e+00   3.0900e+00   1.4690e+02   1.8475e-01   4.4424e+01   1.8099e-01   5.0723e-03   4.3520e+01   1.2197e+00
   1.2391e+00   3.1831e+00   1.4690e+02   1.7819e-01   3.7752e+01   1.7984e-01   5.0492e-03   3.8099e+01   1.0697e+00
   1.4225e+00   3.3665e+00   1.4690e+02   1.7257e-01   2.9788e+01   1.7638e-01   5.3720e-03   3.0445e+01   9.2728e-01
   1.4685e+00   3.4125e+00   1.4690e+02   1.6644e-01   2.7495e+01   1.6946e-01   4.7610e-03   2.7993e+01   7.8647e-01
   1.5051e+00   3.4491e+00   1.4690e+02   1.3679e-01   2.1861e+01   1.4525e-01   4.0694e-03   2.3213e+01   6.5033e-01
   1.5224e+00   3.4664e+00   1.4690e+02   9.2042e-02   1.4488e+01   9.7987e-02   4.2884e-03   1.5423e+01   6.7500e-01
   1.5321e+00   3.4761e+00   1.4690e+02   5.1255e-02   8.0006e+00   6.2597e-02   4.2884e-03   9.7710e+00   6.6939e-01
   1.5408e+00   3.4848e+00   1.4690e+02   1.3250e-02   2.0531e+00   1.1101e-02   3.1010e-04   1.7201e+00   4.8049e-02
   1.5494e+00   3.4934e+00   1.4690e+02   2.6565e-03   4.0862e-01   2.5016e-03   7.0090e-05   3.8478e-01   1.0781e-02
   1.5589e+00   3.5029e+00   1.4690e+02   6.7161e-02   1.0249e+01   7.1243e-02   6.4441e-03   1.0872e+01   9.8339e-01
   1.5683e+00   3.5123e+00   1.4690e+02   2.0721e-01   3.1379e+01   2.4900e-01   9.6604e-03   3.7708e+01   1.4629e+00
   1.5767e+00   3.5207e+00   1.4690e+02   3.6193e-01   5.4436e+01   4.1385e-01   1.1758e-02   6.2245e+01   1.7685e+00
   1.5861e+00   3.5301e+00   1.4690e+02   5.2479e-01   7.8333e+01   5.8908e-01   7.5162e-03   8.7929e+01   1.1219e+00
   1.5957e+00   3.5397e+00   1.4690e+02   5.9736e-01   8.8486e+01   5.9369e-01   1.1758e-02   8.7942e+01   1.7418e+00
   1.6044e+00   3.5484e+00   1.4690e+02   5.0913e-01   7.4896e+01   4.7956e-01   8.5883e-03   7.0547e+01   1.2634e+00
   1.6143e+00   3.5583e+00   1.4690e+02   3.2956e-01   4.8109e+01   3.1356e-01   9.6604e-03   4.5773e+01   1.4102e+00
   1.6231e+00   3.5671e+00   1.4690e+02   2.1143e-01   3.0657e+01   2.1096e-01   7.5162e-03   3.0588e+01   1.0898e+00
   1.6327e+00   3.5767e+00   1.4690e+02   1.4017e-01   2.0174e+01   1.4525e-01   7.5162e-03   2.0906e+01   1.0818e+00
   1.6510e+00   3.5950e+00   1.4690e+02   9.2015e-02   1.3063e+01   9.7181e-02   2.7206e-03   1.3796e+01   3.8623e-01
   1.7432e+00   3.6872e+00   1.4690e+02   9.1646e-02   1.2191e+01   9.3030e-02   5.3720e-03   1.2376e+01   7.1462e-01
   1.8373e+00   3.7813e+00   1.4690e+02   1.0020e-01   1.2554e+01   9.8564e-02   2.7552e-03   1.2349e+01   3.4521e-01


