   1.7990e-01   2.1239e+00   5.5000e+01   2.0710e-08   2.7004e-03   1.9600e-08   1.8700e-08   2.5556e-03   2.4383e-03
   1.9466e-01   2.1387e+00   5.5000e+01   3.4919e-08   2.9241e-03   2.8200e-08   1.5800e-08   2.3614e-03   1.3231e-03
   2.1081e-01   2.1548e+00   5.5000e+01   5.8920e-08   3.2193e-03   6.3600e-08   2.4200e-08   3.4750e-03   1.3223e-03
   2.2557e-01   2.1696e+00   5.5000e+01   9.1913e-08   3.5493e-03   8.0800e-08   1.5400e-08   3.1202e-03   5.9468e-04
   2.4079e-01   2.1848e+00   5.5000e+01   1.4182e-07   3.9695e-03   1.5400e-07   2.0000e-08   4.3104e-03   5.5980e-04
   2.5555e-01   2.1995e+00   5.5000e+01   2.1235e-07   4.4814e-03   2.3600e-07   1.6600e-08   4.9806e-03   3.5033e-04
   2.7077e-01   2.2148e+00   5.5000e+01   3.1862e-07   5.1589e-03   3.0200e-07   1.8100e-08   4.8899e-03   2.9307e-04
   2.7216e-01   2.2162e+00   5.5000e+01   3.3050e-07   5.2301e-03   3.2100e-07   2.5700e-08   5.0798e-03   4.0670e-04
   2.7954e-01   2.2235e+00   5.5000e+01   4.0162e-07   5.6423e-03   3.8100e-07   3.0500e-08   5.3527e-03   4.2850e-04
   2.8599e-01   2.2300e+00   5.5000e+01   4.7633e-07   6.0547e-03   4.7100e-07   2.8200e-08   5.9869e-03   3.5845e-04
   2.8738e-01   2.2314e+00   5.5000e+01   4.9409e-07   6.1501e-03   5.0200e-07   4.0200e-08   6.2486e-03   5.0038e-04
   2.9337e-01   2.2374e+00   5.5000e+01   5.7930e-07   6.5966e-03   5.5700e-07   3.3400e-08   6.3426e-03   3.8033e-04
   2.9476e-01   2.2388e+00   5.5000e+01   6.0106e-07   6.7079e-03   6.2000e-07   4.9600e-08   6.9193e-03   5.5355e-04
   2.9891e-01   2.2429e+00   5.5000e+01   6.7166e-07   7.0630e-03   6.3600e-07   5.0800e-08   6.6881e-03   5.3420e-04
   3.0168e-01   2.2457e+00   5.5000e+01   7.2358e-07   7.3187e-03   7.0600e-07   3.5300e-08   7.1408e-03   3.5704e-04
   3.0260e-01   2.2466e+00   5.5000e+01   7.4183e-07   7.4075e-03   7.0600e-07   4.9400e-08   7.0497e-03   4.9328e-04
   3.0629e-01   2.2503e+00   5.5000e+01   8.1996e-07   7.7825e-03   8.4000e-07   5.8800e-08   7.9727e-03   5.5809e-04
   3.0906e-01   2.2531e+00   5.5000e+01   8.8442e-07   8.0861e-03   8.7100e-07   3.4800e-08   7.9634e-03   3.1817e-04
   3.0998e-01   2.2540e+00   5.5000e+01   9.0713e-07   8.1919e-03   8.6300e-07   6.0400e-08   7.7934e-03   5.4545e-04
   3.1552e-01   2.2595e+00   5.5000e+01   1.0577e-06   8.8803e-03   1.1000e-06   6.5900e-08   9.2355e-03   5.5329e-04
   3.2474e-01   2.2687e+00   5.5000e+01   1.3753e-06   1.0273e-02   1.3600e-06   5.4300e-08   1.0158e-02   4.0558e-04
   3.3120e-01   2.2752e+00   5.5000e+01   1.6632e-06   1.1483e-02   1.6600e-06   6.6200e-08   1.1460e-02   4.5704e-04
   3.3304e-01   2.2770e+00   5.5000e+01   1.7581e-06   1.1873e-02   1.6800e-06   1.0000e-07   1.1346e-02   6.7535e-04
   3.3950e-01   2.2835e+00   5.5000e+01   2.1449e-06   1.3431e-02   2.1200e-06   8.4700e-08   1.3275e-02   5.3038e-04
   3.4042e-01   2.2844e+00   5.5000e+01   2.2081e-06   1.3681e-02   2.0900e-06   1.2600e-07   1.2949e-02   7.8068e-04
   3.4734e-01   2.2913e+00   5.5000e+01   2.7616e-06   1.5826e-02   2.6000e-06   1.0400e-07   1.4899e-02   5.9598e-04
   3.4827e-01   2.2923e+00   5.5000e+01   2.8477e-06   1.6153e-02   2.6400e-06   1.5800e-07   1.4975e-02   8.9622e-04
   3.5611e-01   2.3001e+00   5.5000e+01   3.7314e-06   1.9439e-02   3.3500e-06   1.6800e-07   1.7452e-02   8.7519e-04
   3.6349e-01   2.3075e+00   5.5000e+01   4.9004e-06   2.3628e-02   4.7900e-06   2.3900e-07   2.3096e-02   1.1524e-03
   3.7087e-01   2.3149e+00   5.5000e+01   6.5790e-06   2.9435e-02   6.3700e-06   3.1900e-07   2.8500e-02   1.4272e-03
   3.7871e-01   2.3227e+00   5.5000e+01   9.2724e-06   3.8415e-02   8.9400e-06   4.4700e-07   3.7038e-02   1.8519e-03
   3.8655e-01   2.3306e+00   5.5000e+01   1.3590e-05   5.2269e-02   1.2900e-05   6.4300e-07   4.9616e-02   2.4731e-03
   3.9393e-01   2.3379e+00   5.5000e+01   2.0339e-05   7.3107e-02   1.9300e-05   9.6500e-07   6.9371e-02   3.4686e-03
   4.0131e-01   2.3453e+00   5.5000e+01   3.1891e-05   1.0734e-01   3.1800e-05   1.5900e-06   1.0703e-01   5.3517e-03
   4.0593e-01   2.3499e+00   5.5000e+01   4.3052e-05   1.3922e-01   3.8800e-05   1.1600e-06   1.2547e-01   3.7511e-03
   4.0906e-01   2.3531e+00   5.5000e+01   5.2879e-05   1.6647e-01   5.3000e-05   2.6500e-06   1.6685e-01   8.3427e-03
   4.1054e-01   2.3545e+00   5.5000e+01   5.8131e-05   1.8073e-01   5.5700e-05   1.6700e-06   1.7318e-01   5.1922e-03
   4.1303e-01   2.3570e+00   5.5000e+01   6.7706e-05   2.0615e-01   6.4500e-05   1.9400e-06   1.9638e-01   5.9067e-03
   4.1515e-01   2.3592e+00   5.5000e+01   7.6163e-05   2.2783e-01   7.5300e-05   2.2600e-06   2.2525e-01   6.7606e-03
   4.1774e-01   2.3617e+00   5.5000e+01   8.5832e-05   2.5134e-01   8.3200e-05   2.5000e-06   2.4364e-01   7.3209e-03
   4.2004e-01   2.3640e+00   5.5000e+01   9.2650e-05   2.6625e-01   8.8700e-05   2.6500e-06   2.5490e-01   7.6153e-03
   4.2244e-01   2.3664e+00   5.5000e+01   9.6628e-05   2.7234e-01   9.7300e-05   2.9300e-06   2.7423e-01   8.2580e-03
   4.2475e-01   2.3687e+00   5.5000e+01   9.6739e-05   2.6766e-01   1.0200e-04   3.0600e-06   2.8221e-01   8.4664e-03
   4.2715e-01   2.3711e+00   5.5000e+01   9.3090e-05   2.5270e-01   9.7300e-05   2.9200e-06   2.6413e-01   7.9265e-03
   4.2954e-01   2.3735e+00   5.5000e+01   8.6510e-05   2.3044e-01   9.2600e-05   2.7800e-06   2.4667e-01   7.4053e-03
   4.3176e-01   2.3758e+00   5.5000e+01   7.8940e-05   2.0668e-01   8.4000e-05   2.5300e-06   2.1992e-01   6.6239e-03
   4.3425e-01   2.3782e+00   5.5000e+01   6.9891e-05   1.7949e-01   7.3800e-05   2.2100e-06   1.8953e-01   5.6757e-03
   4.3895e-01   2.3830e+00   5.5000e+01   5.4062e-05   1.3395e-01   5.7900e-05   1.7300e-06   1.4346e-01   4.2863e-03
   4.4375e-01   2.3878e+00   5.5000e+01   4.1383e-05   9.8910e-02   4.0800e-05   1.2200e-06   9.7518e-02   2.9160e-03
   4.4836e-01   2.3924e+00   5.5000e+01   3.2394e-05   7.4840e-02   3.4600e-05   1.0400e-06   7.9937e-02   2.4027e-03
   4.5298e-01   2.3970e+00   5.5000e+01   2.5810e-05   5.7671e-02   2.7900e-05   8.4000e-07   6.2341e-02   1.8769e-03
   4.5759e-01   2.4016e+00   5.5000e+01   2.0952e-05   4.5303e-02   2.0900e-05   6.2800e-07   4.5191e-02   1.3579e-03
   4.6220e-01   2.4062e+00   5.5000e+01   1.7310e-05   3.6239e-02   1.7300e-05   5.2000e-07   3.6218e-02   1.0886e-03
   4.6728e-01   2.4113e+00   5.5000e+01   1.4288e-05   2.8886e-02   1.4800e-05   4.4500e-07   2.9921e-02   8.9966e-04
   4.7235e-01   2.4164e+00   5.5000e+01   1.1993e-05   2.3430e-02   1.2500e-05   3.7400e-07   2.4420e-02   7.3063e-04
   4.7696e-01   2.4210e+00   5.5000e+01   1.0360e-05   1.9627e-02   1.0800e-05   4.3300e-07   2.0462e-02   8.2036e-04
   4.8158e-01   2.4256e+00   5.5000e+01   9.0433e-06   1.6624e-02   9.1000e-06   3.6400e-07   1.6729e-02   6.6914e-04
   4.8619e-01   2.4302e+00   5.5000e+01   7.9682e-06   1.4220e-02   8.3200e-06   3.3300e-07   1.4847e-02   5.9425e-04
   4.9080e-01   2.4348e+00   5.5000e+01   7.0789e-06   1.2269e-02   7.1400e-06   2.8600e-07   1.2375e-02   4.9568e-04
   4.9541e-01   2.4394e+00   5.5000e+01   6.3348e-06   1.0668e-02   6.5900e-06   2.6400e-07   1.1098e-02   4.4458e-04
   5.0003e-01   2.4440e+00   5.5000e+01   5.7058e-06   9.3403e-03   5.5700e-06   2.2300e-07   9.1180e-03   3.6505e-04
   5.0464e-01   2.4486e+00   5.5000e+01   5.1694e-06   8.2294e-03   5.1800e-06   2.0700e-07   8.2463e-03   3.2953e-04
   5.0971e-01   2.4537e+00   5.5000e+01   4.6651e-06   7.2057e-03   4.7900e-06   1.9100e-07   7.3986e-03   2.9502e-04
   5.1479e-01   2.4588e+00   5.5000e+01   4.2338e-06   6.3481e-03   4.3200e-06   1.7300e-07   6.4774e-03   2.5940e-04
   5.1940e-01   2.4634e+00   5.5000e+01   3.8933e-06   5.6845e-03   3.9200e-06   1.5700e-07   5.7235e-03   2.2923e-04
   5.2401e-01   2.4680e+00   5.5000e+01   3.5942e-06   5.1121e-03   3.6900e-06   1.4800e-07   5.2484e-03   2.1050e-04
   5.2863e-01   2.4726e+00   5.5000e+01   3.3289e-06   4.6142e-03   3.2200e-06   1.2900e-07   4.4632e-03   1.7881e-04
   5.3324e-01   2.4772e+00   5.5000e+01   3.0934e-06   4.1800e-03   3.1400e-06   1.2600e-07   4.2430e-03   1.7026e-04
   5.3785e-01   2.4819e+00   5.5000e+01   2.8825e-06   3.7987e-03   2.8200e-06   1.1300e-07   3.7163e-03   1.4891e-04
   5.4247e-01   2.4865e+00   5.5000e+01   2.6934e-06   3.4627e-03   2.6500e-06   1.0600e-07   3.4070e-03   1.3628e-04
   5.4708e-01   2.4911e+00   5.5000e+01   2.5226e-06   3.1652e-03   2.4400e-06   9.7300e-08   3.0615e-03   1.2208e-04
   5.5723e-01   2.5012e+00   5.5000e+01   2.2012e-06   2.6209e-03   2.1700e-06   8.7100e-08   2.5837e-03   1.0371e-04
   5.6645e-01   2.5105e+00   5.5000e+01   1.9602e-06   2.2284e-03   1.9700e-06   7.8500e-08   2.2395e-03   8.9241e-05
   5.7568e-01   2.5197e+00   5.5000e+01   1.7572e-06   1.9097e-03   1.9100e-06   7.6600e-08   2.0757e-03   8.3247e-05
   5.8490e-01   2.5289e+00   5.5000e+01   1.5842e-06   1.6479e-03   1.4500e-06   7.2600e-08   1.5083e-03   7.5517e-05
   5.9505e-01   2.5391e+00   5.5000e+01   1.4217e-06   1.4111e-03   1.4300e-06   7.1400e-08   1.4193e-03   7.0867e-05
   6.0382e-01   2.5478e+00   5.5000e+01   1.3004e-06   1.2408e-03   1.3100e-06   6.5500e-08   1.2500e-03   6.2498e-05
   6.1350e-01   2.5575e+00   5.5000e+01   1.1830e-06   1.0818e-03   1.1500e-06   5.7700e-08   1.0517e-03   5.2766e-05
   6.2273e-01   2.5667e+00   5.5000e+01   1.0848e-06   9.5372e-04   1.1400e-06   5.6900e-08   1.0022e-03   5.0024e-05
   6.3195e-01   2.5760e+00   5.5000e+01   9.9787e-07   8.4422e-04   9.1800e-07   4.5900e-08   7.7665e-04   3.8832e-05


