1 0.001000 0.000000 0.000000
1 0.101000 0.000000 0.000000
1 0.201000 0.000000 0.000000
1 0.301000 0.000000 0.000000
1 0.401000 0.000000 0.000000
1 0.501000 0.000000 0.000000
1 0.601000 0.000000 0.000000
1 0.701000 0.020353 0.081267
1 0.801000 0.085984 0.341037
1 0.901000 0.075303 0.298989
1 1.001000 0.065684 0.261049
1 1.101000 0.057269 0.227793
1 1.201000 0.049977 0.198932
1 1.301000 0.043528 0.173373
1 1.401000 0.038059 0.151672
1 1.501000 0.033249 0.132567
1 1.601000 0.029106 0.116093
1 1.701000 0.025586 0.102087
1 1.801000 0.022495 0.089783
1 1.901000 0.019860 0.079288
1 2.001000 0.017574 0.070174
1 2.101000 0.015561 0.062150
1 2.201000 0.013834 0.055261
1 2.301000 0.012327 0.049248
1 2.401000 0.011009 0.043988
1 2.501000 0.009854 0.039379
1 2.601000 0.008851 0.035373
1 2.701000 0.007966 0.031840
1 2.801000 0.007185 0.028718
1 2.901000 0.006493 0.025954
1 3.001000 0.005885 0.023525
1 3.101000 0.005343 0.021362
1 3.201000 0.004865 0.019449
1 3.301000 0.004436 0.017738
1 3.401000 0.004052 0.016203
1 3.501000 0.003795 0.015173
2 0.001000 0.000000 0.000000
2 0.101000 0.000000 0.000000
2 0.201000 0.000000 0.000000
2 0.301000 0.000000 0.000000
2 0.401000 0.000000 0.000000
2 0.501000 0.000000 0.000000
2 0.601000 0.000000 0.000000
2 0.701000 0.000794 0.003152
2 0.801000 0.117603 0.461136
2 0.901000 0.109476 0.429919
2 1.001000 0.095873 0.377386
2 1.101000 0.083880 0.330862
2 1.201000 0.073421 0.290124
2 1.301000 0.064119 0.253765
2 1.401000 0.056190 0.222684
2 1.501000 0.049187 0.195160
2 1.601000 0.043131 0.171306
2 1.701000 0.037971 0.150938
2 1.801000 0.033427 0.132976
2 1.901000 0.029544 0.117607
2 2.001000 0.026167 0.104223
2 2.101000 0.023190 0.092411
2 2.201000 0.020631 0.082247
2 2.301000 0.018395 0.073359
2 2.401000 0.016437 0.065574
2 2.501000 0.014721 0.058741
2 2.601000 0.013227 0.052796
2 2.701000 0.011910 0.047546
2 2.801000 0.010745 0.042903
2 2.901000 0.009713 0.038789
2 3.001000 0.008805 0.035171
2 3.101000 0.007997 0.031946
2 3.201000 0.007282 0.029094
2 3.301000 0.006642 0.026540
2 3.401000 0.006068 0.024249
2 3.501000 0.005683 0.022711
3 0.001000 0.000000 0.000000
3 0.101000 0.000000 0.000000
3 0.201000 0.000000 0.000000
3 0.301000 0.000000 0.000000
3 0.401000 0.000000 0.000000
3 0.501000 0.000000 0.000000
3 0.601000 0.000000 0.000000
3 0.701000 0.000000 0.000000
3 0.801000 0.000000 0.000000
3 0.901000 0.042227 0.158896
3 1.001000 0.072513 0.272624
3 1.101000 0.064503 0.244375
3 1.201000 0.057288 0.218500
3 1.301000 0.050685 0.194475
3 1.401000 0.044916 0.173224
3 1.501000 0.039710 0.153838
3 1.601000 0.035122 0.136598
3 1.701000 0.031148 0.121547
3 1.801000 0.027599 0.108018
3 1.901000 0.024530 0.096247
3 2.001000 0.021832 0.085850
3 2.101000 0.019432 0.076558
3 2.201000 0.017351 0.068476
3 2.301000 0.015521 0.061341
3 2.401000 0.013908 0.055039
3 2.501000 0.012487 0.049468
3 2.601000 0.011244 0.044590
3 2.701000 0.010144 0.040260
3 2.801000 0.009167 0.036411
3 2.901000 0.008299 0.032985
3 3.001000 0.007534 0.029961
3 3.101000 0.006850 0.027257
3 3.201000 0.006244 0.024858
3 3.301000 0.005701 0.022705
3 3.401000 0.005213 0.020768
3 3.501000 0.004884 0.019465
4 0.001000 0.000000 0.000000
4 0.101000 0.000000 0.000000
4 0.201000 0.000000 0.000000
4 0.301000 0.000000 0.000000
4 0.401000 0.000000 0.000000
4 0.501000 0.000000 0.000000
4 0.601000 0.000000 0.000000
4 0.701000 0.000000 0.000000
4 0.801000 0.000000 0.000000
4 0.901000 0.000000 0.000000
4 1.001000 0.033208 0.121848
4 1.101000 0.058857 0.216259
4 1.201000 0.052824 0.196085
4 1.301000 0.047184 0.176760
4 1.401000 0.042161 0.159194
4 1.501000 0.037552 0.142789
4 1.601000 0.033431 0.127896
4 1.701000 0.029816 0.114664
4 1.801000 0.026552 0.102586
4 1.901000 0.023702 0.091938
4 2.001000 0.021175 0.082423
4 2.101000 0.018911 0.073833
4 2.201000 0.016936 0.066297
4 2.301000 0.015188 0.059593
4 2.401000 0.013641 0.053632
4 2.501000 0.012271 0.048332
4 2.601000 0.011069 0.043667
4 2.701000 0.010001 0.039507
4 2.801000 0.009051 0.035796
4 2.901000 0.008204 0.032480
4 3.001000 0.007455 0.029545
4 3.101000 0.006785 0.026913
4 3.201000 0.006190 0.024572
4 3.301000 0.005656 0.022465
4 3.401000 0.005175 0.020568
4 3.501000 0.004851 0.019290
5 0.001000 0.000000 0.000000
5 0.101000 0.000000 0.000000
5 0.201000 0.000000 0.000000
5 0.301000 0.000000 0.000000
5 0.401000 0.000000 0.000000
5 0.501000 0.000000 0.000000
5 0.601000 0.000000 0.000000
5 0.701000 0.000000 0.000000
5 0.801000 0.000000 0.000000
5 0.901000 0.000000 0.000000
5 1.001000 0.000000 0.000000
5 1.101000 0.023313 0.083581
5 1.201000 0.047974 0.172444
5 1.301000 0.043314 0.157693
5 1.401000 0.039071 0.143824
5 1.501000 0.035100 0.130490
5 1.601000 0.031487 0.118073
5 1.701000 0.028269 0.106798
5 1.801000 0.025325 0.096310
5 1.901000 0.022724 0.086911
5 2.001000 0.020394 0.078391
5 2.101000 0.018287 0.070605
5 2.201000 0.016435 0.063698
5 2.301000 0.014785 0.057496
5 2.401000 0.013316 0.051936
5 2.501000 0.012008 0.046956
5 2.601000 0.010855 0.042545
5 2.701000 0.009826 0.038590
5 2.801000 0.008907 0.035043
5 2.901000 0.008086 0.031861
5 3.001000 0.007358 0.029032
5 3.101000 0.006705 0.026488
5 3.201000 0.006123 0.024218
5 3.301000 0.005600 0.022170
5 3.401000 0.005128 0.020320
5 3.501000 0.004810 0.019072
6 0.001000 0.000000 0.000000
6 0.101000 0.000000 0.000000
6 0.201000 0.000000 0.000000
6 0.301000 0.000000 0.000000
6 0.401000 0.000000 0.000000
6 0.501000 0.000000 0.000000
6 0.601000 0.000000 0.000000
6 0.701000 0.000000 0.000000
6 0.801000 0.000000 0.000000
6 0.901000 0.000000 0.000000
6 1.001000 0.000000 0.000000
6 1.101000 0.000000 0.000000
6 1.201000 0.014211 0.049938
6 1.301000 0.039306 0.138535
6 1.401000 0.035818 0.128076
6 1.501000 0.032480 0.117660
6 1.601000 0.029382 0.107662
6 1.701000 0.026574 0.098343
6 1.801000 0.023966 0.089479
6 1.901000 0.021630 0.081378
6 2.001000 0.019514 0.073912
6 2.101000 0.017580 0.066986
6 2.201000 0.015864 0.060763
6 2.301000 0.014323 0.055112
6 2.401000 0.012941 0.049996
6 2.501000 0.011703 0.045374
6 2.601000 0.010606 0.041249
6 2.701000 0.009622 0.037525
6 2.801000 0.008740 0.034166
6 2.901000 0.007948 0.031137
6 3.001000 0.007243 0.028432
6 3.101000 0.006610 0.025989
6 3.201000 0.006044 0.023801
6 3.301000 0.005534 0.021821
6 3.401000 0.005073 0.020027
6 3.501000 0.004761 0.018814
