30 1 1.000000 1.000000
30 2 1.000000 1.000000
30 3 1.000000 1.000000
30 4 1.000000 1.000000
30 5 1.000000 1.000000
30 6 1.000000 1.000000
30 7 1.000000 1.000000
30 8 1.000000 1.000000
31 1 0.997259 0.997077
31 2 0.994556 1.002054
31 3 0.999843 0.997843
31 4 0.996550 0.994515
31 5 0.996636 0.995649
31 6 0.996374 0.996049
31 7 0.997435 0.996431
31 8 0.996985 0.995999
32 1 0.995747 0.994261
32 2 0.992731 0.997636
32 3 0.999542 0.995554
32 4 0.996689 0.993987
32 5 0.995784 0.995691
32 6 0.995634 0.995706
32 7 0.996858 0.995069
32 8 0.994736 0.994327
33 1 0.989785 0.989043
33 2 0.987574 0.992193
33 3 0.993598 0.991743
33 4 0.990836 0.988976
33 5 0.990997 0.989682
33 6 0.990178 0.989597
33 7 0.991081 0.989228
33 8 0.990272 0.989085
34 1 0.988254 0.984972
34 2 0.985947 0.000000
34 3 0.992754 0.990606
34 4 0.988916 0.971120
34 5 0.989121 0.986872
34 6 0.985922 0.987285
34 7 0.989619 0.985801
34 8 0.987696 0.987500
35 1 0.991317 0.991706
35 2 0.990642 0.993729
35 3 0.994229 0.993325
35 4 0.991128 0.991102
35 5 0.992406 0.992043
35 6 0.992477 0.991201
35 7 0.993631 0.991177
35 8 0.992224 0.991767
36 1 0.991300 0.989267
36 2 0.986770 0.000000
36 3 0.994807 0.990461
36 4 0.991337 0.989741
36 5 0.990820 0.990918
36 6 0.990086 0.990595
36 7 0.991817 0.990150
36 8 0.991523 0.989181
37 1 0.999032 0.999322
37 2 0.997142 1.000021
37 3 1.000090 0.999290
37 4 0.999157 0.998169
37 5 0.998478 0.997899
37 6 0.997894 0.997603
37 7 0.999518 0.997318
37 8 0.998163 0.997118
38 1 1.009859 1.010604
38 2 1.009763 1.016104
38 3 1.015608 1.012901
38 4 1.012425 1.010359
38 5 1.012009 1.012660
38 6 1.012455 1.011977
38 7 1.012317 1.011811
38 8 1.012477 1.011272
39 1 1.026456 1.025140
39 2 1.023708 1.027014
39 3 1.027853 1.025312
39 4 1.026012 1.025004
39 5 1.024683 1.025440
39 6 1.024984 1.025644
39 7 1.025382 1.025822
39 8 1.025696 1.026035
40 1 1.034225 0.970339
40 2 1.031845 1.033712
40 3 1.035104 1.031895
40 4 1.033316 1.032830
40 5 1.031559 1.033175
40 6 1.032606 1.033475
40 7 1.032436 1.033162
40 8 1.033544 1.033025
42 1 1.044325 1.042013
42 2 1.043360 1.043427
42 3 1.044925 1.039485
42 4 1.040968 1.045737
42 5 1.042557 1.043856
42 6 1.042953 1.044618
42 7 1.042670 1.044200
42 8 1.044168 1.044410
43 1 1.051047 1.048351
43 2 1.049846 1.049511
43 3 1.051376 1.045569
43 4 1.047308 1.051961
43 5 1.048836 1.050225
43 6 1.049195 1.051031
43 7 1.048808 1.050742
43 8 1.050423 1.051113
44 1 1.055870 1.052941
44 2 1.054575 1.054332
44 3 1.056336 1.050032
44 4 1.052098 1.056490
44 5 1.053472 1.054953
44 6 1.053888 1.055977
44 7 1.053357 1.055574
44 8 1.055408 1.055577
45 1 1.059440 1.056111
45 2 1.058216 1.057720
45 3 1.059787 1.053290
45 4 1.055444 1.059977
45 5 1.056825 1.058336
45 6 1.057415 1.059394
45 7 1.056557 1.059080
45 8 1.058780 1.059209
46 1 1.057513 1.054318
46 2 1.055848 1.055977
46 3 1.057548 1.051583
46 4 1.053370 1.057742
46 5 1.054836 1.056358
46 6 1.054946 1.057366
46 7 1.054390 1.057026
46 8 1.056865 1.056979
47 1 1.051569 1.049005
47 2 1.050761 1.050120
47 3 1.052246 1.046131
47 4 1.048200 1.052337
47 5 1.049231 1.050939
47 6 1.050083 1.051487
47 7 1.049454 1.051041
47 8 1.051623 1.051337
48 1 1.047738 1.044712
48 2 1.046032 1.046140
48 3 1.047214 1.042292
48 4 1.044118 1.047794
48 5 1.045543 1.046519
48 6 1.045642 1.047462
48 7 1.044918 1.046586
48 8 1.046982 1.047288
49 1 1.041105 1.038906
49 2 1.040136 1.040405
49 3 1.041563 1.036575
49 4 1.037657 1.042489
49 5 1.040138 1.041131
49 6 1.039775 1.041586
49 7 1.039717 1.041100
49 8 1.041016 1.041573
52 1 1.016617 1.015616
52 2 1.016004 1.016440
52 3 1.017246 1.014070
52 4 1.014103 1.018715
52 5 1.016674 1.016591
52 6 1.016328 1.017088
52 7 1.016785 1.016255
52 8 1.017083 1.016836
53 1 1.011957 1.012316
53 2 0.998142 1.011023
53 3 1.012124 1.009421
53 4 1.008426 1.015922
53 5 1.013153 1.012312
53 6 1.012120 1.013017
53 7 1.013609 1.012724
53 8 1.011543 1.012516
54 1 1.011237 1.010776
54 2 1.010892 1.011562
54 3 1.012155 1.008431
54 4 1.008004 1.013645
54 5 1.011819 1.011806
54 6 1.011249 1.012318
54 7 1.011760 1.011070
54 8 1.011646 1.011696
55 1 1.007265 1.006391
55 2 1.006382 1.006943
55 3 1.007284 1.004572
55 4 1.005182 1.009532
55 5 1.008332 1.007400
55 6 1.007222 1.007957
55 7 1.007893 1.006971
55 8 1.007422 1.007358
56 1 0.998566 0.998126
56 2 0.997900 0.998869
56 3 0.999025 0.996077
56 4 0.996277 1.001460
56 5 0.999986 0.998591
56 6 0.998747 0.998880
56 7 0.999750 0.997890
56 8 0.998849 0.998431
57 1 0.990129 0.990253
57 2 0.989823 0.990793
57 3 0.989927 0.989709
57 4 0.987521 0.993064
57 5 0.992464 0.990511
57 6 0.990932 0.990847
57 7 0.992007 0.990208
57 8 0.990926 0.990711
58 1 0.987062 0.987247
58 2 0.986833 0.986783
58 3 0.987969 0.985839
58 4 0.984434 0.989525
58 5 0.989532 0.987656
58 6 0.988267 0.987661
58 7 0.989742 0.981836
58 8 0.986903 0.987243
59 1 0.984156 0.983009
59 2 0.982813 0.983696
59 3 0.982762 0.986801
59 4 0.983164 0.987462
59 5 0.987598 0.984913
59 6 0.985509 0.984675
59 7 0.986313 0.979608
59 8 0.982848 0.984308
60 1 0.981954 0.000000
60 2 0.980713 0.980523
60 3 0.980865 0.981531
60 4 0.000000 0.000000
60 5 0.000000 0.980148
60 6 0.983649 0.957421
60 7 0.959649 0.983436
60 8 0.982797 0.983333
61 1 0.982976 0.982233
61 2 0.981600 0.982162
61 3 0.985824 0.982984
61 4 0.980529 0.986054
61 5 0.988186 0.983995
61 6 0.984878 0.983407
61 7 0.985521 0.979283
61 8 0.983349 0.982942
62 1 0.984173 0.984515
62 2 0.983430 0.984120
62 3 0.984810 0.981849
62 4 0.980058 0.988043
62 5 0.987224 0.984876
62 6 0.985277 0.984621
62 7 0.986357 0.982002
62 8 0.981806 0.984568
63 1 1.021456 1.020969
63 2 1.019749 1.021579
63 3 1.021319 1.019855
63 4 1.018881 1.023272
63 5 1.021805 1.021154
63 6 1.020484 1.021979
63 7 1.020724 1.021026
63 8 1.021270 1.021508
64 1 1.036243 1.035047
64 2 1.033384 1.035650
64 3 1.035273 1.034180
64 4 1.033695 1.036375
64 5 1.034812 1.035167
64 6 1.034088 1.035844
64 7 1.034123 1.034900
64 8 1.034673 1.035871
65 1 1.046778 1.044263
65 2 1.043341 1.044874
65 3 1.045175 1.042368
65 4 1.044190 1.044938
65 5 1.043673 1.044117
65 6 1.043215 1.046121
65 7 1.042739 1.044572
65 8 1.045831 1.045206
66 1 1.047679 1.046673
66 2 1.046601 1.046405
66 3 1.047751 1.044297
66 4 1.044571 1.047893
66 5 1.045825 1.046548
66 6 1.045589 1.048101
66 7 1.045269 1.046476
66 8 1.046952 1.047465
67 1 1.055527 1.052882
67 2 1.054196 1.054579
67 3 1.055669 1.051201
67 4 1.052527 1.056385
67 5 1.053416 1.055572
67 6 1.054070 1.055778
67 7 1.053807 1.054038
67 8 1.053987 1.055391
68 1 1.066538 1.063501
68 2 1.064010 1.064647
68 3 1.065204 1.060594
68 4 1.061923 1.065863
68 5 1.062724 1.065154
68 6 1.062924 1.066222
68 7 1.062184 1.065818
68 8 1.065053 1.066074
69 1 1.069962 1.066395
69 2 1.067128 1.067959
69 3 1.069196 1.064188
69 4 1.065216 1.069377
69 5 1.065429 1.068186
69 6 1.067274 1.069821
69 7 1.065649 1.068612
69 8 1.068361 1.068619
71 1 1.074433 1.071506
71 2 1.072330 1.073369
71 3 1.073985 1.068804
71 4 1.071181 1.074225
71 5 1.071012 1.074346
71 6 1.071229 1.075526
71 7 1.070531 1.074423
71 8 1.073219 1.074800
73 1 1.067126 1.064468
73 2 1.064969 1.065662
73 3 1.066270 1.062321
73 4 1.062992 1.067354
73 5 1.063823 1.066809
73 6 1.064774 1.067596
73 7 1.063839 1.066791
73 8 1.065932 1.067059
74 1 1.064668 1.061855
74 2 1.063128 1.063366
74 3 1.064408 1.059749
74 4 1.059684 1.064399
74 5 1.061584 1.063979
74 6 1.062808 1.065584
74 7 1.061315 1.064291
74 8 1.063777 1.064448
75 1 1.072875 1.069143
75 2 1.070977 1.070848
75 3 1.072281 1.067123
75 4 1.068650 1.072358
75 5 1.069082 1.072318
75 6 1.069919 1.073603
75 7 1.068738 1.072458
75 8 1.071382 1.072582
76 1 1.069740 1.065600
76 2 1.067708 1.068135
76 3 1.069237 1.063964
76 4 1.065636 1.069111
76 5 1.065940 1.069401
76 6 1.067186 1.069952
76 7 1.065228 1.069268
76 8 1.068257 1.069265
77 1 1.063471 1.060440
77 2 1.062195 1.062063
77 3 1.062717 1.058448
77 4 1.059585 1.063873
77 5 1.061269 1.063981
77 6 1.061395 1.064601
77 7 1.060404 1.064187
77 8 1.062787 1.063908
79 1 1.061385 1.058372
79 2 1.059466 1.060157
79 3 1.060670 1.056420
79 4 1.057870 1.061826
79 5 1.058126 1.060963
79 6 1.059338 1.062305
79 7 1.058120 1.061364
79 8 1.060814 1.061426
80 1 1.059735 1.056725
80 2 1.057983 1.058403
80 3 1.059206 1.054893
80 4 1.056521 1.059805
80 5 1.056795 1.059025
80 6 1.057130 1.060358
80 7 1.056300 1.059317
80 8 1.058729 1.059550
81 1 1.055322 1.052234
81 2 1.053696 1.053803
81 3 1.055262 1.049590
81 4 1.051797 1.055440
81 5 1.052190 1.054570
81 6 1.052874 1.056032
81 7 1.052709 1.054874
81 8 1.054799 1.054871
82 1 1.052394 1.049896
82 2 1.050490 1.050887
82 3 1.052112 1.042462
82 4 1.048242 1.052812
82 5 1.048825 1.051016
82 6 1.050595 1.053591
82 7 1.049563 1.052097
82 8 1.050869 1.052850
83 1 1.053430 1.051014
83 2 1.051796 1.052636
83 3 1.053170 1.048712
83 4 1.049898 1.054201
83 5 1.051260 1.053227
83 6 1.051391 1.054737
83 7 1.050812 1.053273
83 8 1.052829 1.053488
84 1 1.053631 1.051999
84 2 1.052676 1.052815
84 3 1.053849 1.049526
84 4 1.050379 1.054983
84 5 1.051467 1.053803
84 6 1.052051 1.055126
84 7 1.051344 1.053972
84 8 1.053356 1.054304
85 1 1.051449 1.048397
85 2 1.049627 1.050420
85 3 1.050679 1.047013
85 4 1.048070 1.051552
85 5 1.049130 1.050533
85 6 1.049130 1.051775
85 7 1.049118 1.050893
85 8 1.050293 1.050839
86 1 1.053866 1.052708
86 2 1.052908 1.052774
86 3 1.054243 1.050968
86 4 1.051148 1.054674
86 5 1.051482 1.054694
86 6 1.053439 1.057218
86 7 1.052288 1.055334
86 8 1.053157 1.055585
87 1 1.064792 1.062335
87 2 1.063422 1.063589
87 3 1.064273 1.059563
87 4 1.061418 1.064760
87 5 1.061914 1.064063
87 6 1.062497 1.065967
87 7 1.061329 1.064841
87 8 1.063681 1.064669
88 1 1.073691 1.070441
88 2 1.072193 1.071945
88 3 1.073111 1.068134
88 4 1.070428 1.072511
88 5 1.069892 1.072858
88 6 1.070665 1.074543
88 7 1.069878 1.073665
88 8 1.072077 1.074425
89 1 1.081067 1.077740
89 2 1.079559 1.079471
89 3 1.081019 1.075055
89 4 1.076813 1.080986
89 5 1.077247 1.080267
89 6 1.078884 1.082801
89 7 1.076365 1.081176
89 8 1.080093 1.080929
90 1 1.087688 1.082905
90 2 1.086040 1.085492
90 3 1.087680 1.080907
90 4 1.084033 1.086792
90 5 1.083150 1.087408
90 6 1.085121 1.088652
90 7 1.082479 1.087750
90 8 1.087358 1.087762
91 1 1.092230 1.087852
91 2 1.090681 1.090148
91 3 1.091992 1.083891
91 4 1.086703 1.091256
91 5 1.087352 1.091199
91 6 1.088942 1.093061
91 7 1.087072 1.091224
91 8 1.090749 1.091745
92 1 1.096230 1.091474
92 2 1.094625 1.094005
92 3 1.095939 1.089006
92 4 1.091493 1.095581
92 5 1.091027 1.095191
92 6 1.093098 1.097226
92 7 1.090494 1.096165
92 8 1.094406 1.095825
93 1 1.099388 1.094359
93 2 1.096675 1.096597
93 3 1.098419 1.090151
93 4 1.094564 1.097688
93 5 1.093037 1.098357
93 6 1.095691 1.099641
93 7 1.092705 1.098371
93 8 1.097107 1.098792
94 1 1.098896 1.094184
94 2 1.098662 1.098101
94 3 1.099921 1.093574
94 4 1.096250 1.099086
94 5 1.095546 1.100821
94 6 1.097935 1.100553
94 7 1.092209 1.100759
94 8 1.099425 1.102205
95 1 1.103068 1.096556
95 2 1.099536 1.100886
95 3 1.102466 1.094647
95 4 1.097465 1.101344
95 5 1.096972 1.101413
95 6 1.098314 1.102557
95 7 1.095755 1.102000
95 8 1.100429 1.101851
96 1 1.104683 1.099192
96 2 1.101836 1.101626
96 3 1.103633 1.096667
96 4 1.099390 1.102367
96 5 1.097968 1.103073
96 6 1.100708 1.105130
96 7 1.098107 1.104126
96 8 1.102699 1.104452
97 1 1.107108 1.101400
97 2 1.104651 1.104207
97 3 1.106522 1.099188
97 4 1.102318 1.104872
97 5 1.100826 1.105438
97 6 1.103060 1.107332
97 7 1.100586 1.106616
97 8 1.105020 1.106592
98 1 1.103947 1.098467
98 2 1.101878 1.101485
98 3 1.103180 1.095863
98 4 1.098646 1.102033
98 5 1.097902 1.103004
98 6 1.099636 1.104703
98 7 1.096913 1.103691
98 8 1.102029 1.103409
100 1 1.099458 1.094353
100 2 1.097497 1.096784
100 3 1.099718 1.091809
100 4 1.095215 1.098008
100 5 1.093900 1.098700
100 6 1.096138 1.099683
100 7 1.093465 1.099102
100 8 1.097837 1.098868
101 1 1.095041 1.091673
101 2 1.093687 1.092728
101 3 1.095795 1.085084
101 4 1.090316 1.094021
101 5 1.089979 1.094681
101 6 1.092258 1.097273
101 7 1.090599 1.095188
101 8 1.094100 1.095341
102 1 1.092463 1.087843
102 2 1.090346 1.090081
102 3 1.092096 1.085202
102 4 1.088129 1.091380
102 5 1.087214 1.091508
102 6 1.088759 1.093143
102 7 1.087069 1.092374
102 8 1.090770 1.092186
103 1 1.084654 1.080016
103 2 1.082288 1.082501
103 3 1.084282 1.078029
103 4 1.080515 1.083453
103 5 1.079841 1.083677
103 6 1.081149 1.085221
103 7 1.079512 1.084394
103 8 1.082957 1.084448
104 1 1.078955 1.075380
104 2 1.077105 1.077170
104 3 1.078296 1.073089
104 4 1.075248 1.078175
104 5 1.074094 1.078595
104 6 1.075971 1.079558
104 7 1.074834 1.078843
104 8 1.077381 1.078535
105 1 1.071721 1.069697
105 2 1.071775 1.069427
105 3 1.071367 1.065430
105 4 1.067041 1.070836
105 5 1.067612 1.071538
105 6 1.069641 1.072134
105 7 1.067613 1.071885
105 8 1.070494 1.071695
106 1 1.068774 1.065464
106 2 1.067366 1.067935
106 3 1.067843 1.064030
106 4 1.065662 1.068721
106 5 1.065273 1.068919
106 6 1.066708 1.069592
106 7 1.064992 1.069383
106 8 1.068306 1.069173
107 1 1.065093 1.061833
107 2 1.063378 1.063925
107 3 1.064669 1.060028
107 4 1.061504 1.065296
107 5 1.061888 1.064818
107 6 1.062772 1.066187
107 7 1.061541 1.065083
107 8 1.064276 1.065094
108 1 0.991317 0.991706
108 2 0.990642 0.993729
108 3 0.994229 0.993325
108 4 0.991128 0.991102
108 5 0.992406 0.992043
108 6 0.992477 0.991201
108 7 0.993631 0.991177
108 8 0.992224 0.991767
117 1 1.089770 1.091180
117 2 1.075599 1.084211
117 3 1.082548 1.077344
117 4 1.080259 1.075633
117 5 1.071002 1.078026
117 6 1.077118 1.074102
117 7 1.072568 1.077567
117 8 1.075332 1.076066
118 1 1.092549 1.090200
118 2 1.080277 1.090687
118 3 1.086900 1.082998
118 4 1.085326 1.080127
118 5 1.076802 1.080750
118 6 1.081217 1.079537
118 7 1.078139 1.082592
118 8 1.080369 1.081546
119 1 1.101116 1.102460
119 2 1.086012 1.095086
119 3 1.092523 1.087857
119 4 1.090556 1.084862
119 5 1.080315 1.087867
119 6 1.085922 1.084997
119 7 1.082876 1.088001
119 8 1.086258 1.086429
120 1 1.107643 1.107920
120 2 1.092046 1.101666
120 3 1.099122 1.093976
120 4 1.097215 1.091206
120 5 1.087110 1.094297
120 6 1.091442 1.091472
120 7 1.088329 1.093612
120 8 1.091887 1.092512
121 1 1.108470 1.108326
121 2 1.094110 1.104470
121 3 1.102078 1.098865
121 4 1.100860 1.095069
121 5 1.091018 1.097918
121 6 1.095282 1.094739
121 7 1.092264 1.098044
121 8 1.095885 1.096371
122 1 1.108758 1.107456
122 2 1.096081 1.105440
122 3 1.104738 1.100615
122 4 1.101553 1.097322
122 5 1.093345 1.100208
122 6 1.097851 1.098393
122 7 1.094151 1.100029
122 8 1.098560 1.099379
123 1 1.103526 1.097553
123 2 1.095703 1.103025
123 3 1.104051 1.101159
123 4 1.103374 1.094316
123 5 1.094155 1.099191
123 6 1.092587 1.100064
123 7 1.095420 1.100605
123 8 1.099426 1.096680
124 1 1.110969 1.107897
124 2 1.098862 1.107390
124 3 1.105924 1.101850
124 4 1.103483 1.098202
124 5 1.094622 1.101839
124 6 1.099282 1.099838
124 7 1.095476 1.101843
124 8 1.099816 1.101322
125 1 1.110831 1.107916
125 2 1.098292 1.108119
125 3 1.105745 1.102974
125 4 1.104269 1.098094
125 5 1.094405 1.101723
125 6 1.098752 1.100300
125 7 1.095448 1.101995
125 8 1.099712 1.101196
126 1 1.111005 1.109659
126 2 1.099264 1.108497
126 3 1.106717 1.103310
126 4 1.104936 1.098843
126 5 1.095940 1.102283
126 6 1.099556 1.101276
126 7 1.096664 1.102927
126 8 1.100801 1.102220
127 1 1.111016 1.108380
127 2 1.100097 1.109202
127 3 1.107790 1.103893
127 4 1.106043 1.099762
127 5 1.096181 1.102849
127 6 1.100057 1.101688
127 7 1.097707 1.103588
127 8 1.101554 1.102304
128 1 1.106921 1.104011
128 2 1.095935 1.104687
128 3 1.103262 1.100354
128 4 1.101215 1.096244
128 5 1.092502 1.099075
128 6 1.096150 1.098173
128 7 1.093653 1.099613
128 8 1.097542 1.098904
129 1 1.101112 1.098903
129 2 1.090948 1.099433
129 3 1.098420 1.094540
129 4 1.096685 1.091353
129 5 1.088204 1.094769
129 6 1.092295 1.092960
129 7 1.089082 1.093837
129 8 1.092577 1.093720
